# JRE version: Java(TM) SE Runtime Environment (8.0_66-b17) (build 1.8.0_66-b17)
# Java VM: Java HotSpot(TM) 64-Bit Server VM (25.66-b17 mixed mode linux-amd64 compressed oops)
Heap:
 PSYoungGen      total 349696K, used 0K [0x00000000e0000000, 0x0000000100000000, 0x0000000100000000)
  eden space 175104K, 0% used [0x00000000e0000000,0x00000000e0000000,0x00000000eab00000)
  from space 174592K, 0% used [0x00000000eab00000,0x00000000eab00000,0x00000000f5580000)
  to   space 174592K, 0% used [0x00000000f5580000,0x00000000f5580000,0x0000000100000000)
 ParOldGen       total 937984K, used 908269K [0x00000000a0000000, 0x00000000d9400000, 0x00000000e0000000)
  object space 937984K, 96% used [0x00000000a0000000,0x00000000d76fb698,0x00000000d9400000)
 Metaspace       used 62437K, capacity 64028K, committed 64384K, reserved 1105920K
  class space    used 8197K, capacity 8563K, committed 8576K, reserved 1048576K
GC Heap History (10 events):
Event: 83,842 GC heap after
Heap after GC invocations=47 (full 8):
 PSYoungGen      total 329216K, used 148988K [0x00000000e0000000, 0x0000000100000000, 0x0000000100000000)
  eden space 180224K, 0% used [0x00000000e0000000,0x00000000e0000000,0x00000000eb000000)
  from space 148992K, 99% used [0x00000000f6e80000,0x00000000fffff2b8,0x0000000100000000)
  to   space 172032K, 0% used [0x00000000eb000000,0x00000000eb000000,0x00000000f5800000)
 ParOldGen       total 689664K, used 586866K [0x00000000a0000000, 0x00000000ca180000, 0x00000000e0000000)
  object space 689664K, 85% used [0x00000000a0000000,0x00000000c3d1c998,0x00000000ca180000)
 Metaspace       used 62413K, capacity 64028K, committed 64384K, reserved 1105920K
  class space    used 8197K, capacity 8563K, committed 8576K, reserved 1048576K
}
Event: 84,713 GC heap before
{Heap before GC invocations=48 (full 8):
 PSYoungGen      total 329216K, used 329212K [0x00000000e0000000, 0x0000000100000000, 0x0000000100000000)
  eden space 180224K, 100% used [0x00000000e0000000,0x00000000eb000000,0x00000000eb000000)
  from space 148992K, 99% used [0x00000000f6e80000,0x00000000fffff2b8,0x0000000100000000)
  to   space 172032K, 0% used [0x00000000eb000000,0x00000000eb000000,0x00000000f5800000)
 ParOldGen       total 689664K, used 586866K [0x00000000a0000000, 0x00000000ca180000, 0x00000000e0000000)
  object space 689664K, 85% used [0x00000000a0000000,0x00000000c3d1c998,0x00000000ca180000)
 Metaspace       used 62437K, capacity 64028K, committed 64384K, reserved 1105920K
  class space    used 8197K, capacity 8563K, committed 8576K, reserved 1048576K
Event: 85,054 GC heap after
Heap after GC invocations=48 (full 8):
 PSYoungGen      total 310784K, used 130146K [0x00000000e0000000, 0x0000000100000000, 0x0000000100000000)
  eden space 180224K, 0% used [0x00000000e0000000,0x00000000e0000000,0x00000000eb000000)
  from space 130560K, 99% used [0x00000000eb000000,0x00000000f2f18b10,0x00000000f2f80000)
  to   space 174592K, 0% used [0x00000000f5580000,0x00000000f5580000,0x0000000100000000)
 ParOldGen       total 689664K, used 657903K [0x00000000a0000000, 0x00000000ca180000, 0x00000000e0000000)
  object space 689664K, 95% used [0x00000000a0000000,0x00000000c827bdc8,0x00000000ca180000)
 Metaspace       used 62437K, capacity 64028K, committed 64384K, reserved 1105920K
  class space    used 8197K, capacity 8563K, committed 8576K, reserved 1048576K
}
Event: 85,054 GC heap before
{Heap before GC invocations=49 (full 9):
 PSYoungGen      total 310784K, used 130146K [0x00000000e0000000, 0x0000000100000000, 0x0000000100000000)
  eden space 180224K, 0% used [0x00000000e0000000,0x00000000e0000000,0x00000000eb000000)
  from space 130560K, 99% used [0x00000000eb000000,0x00000000f2f18b10,0x00000000f2f80000)
  to   space 174592K, 0% used [0x00000000f5580000,0x00000000f5580000,0x0000000100000000)
 ParOldGen       total 689664K, used 657903K [0x00000000a0000000, 0x00000000ca180000, 0x00000000e0000000)
  object space 689664K, 95% used [0x00000000a0000000,0x00000000c827bdc8,0x00000000ca180000)
 Metaspace       used 62437K, capacity 64028K, committed 64384K, reserved 1105920K
  class space    used 8197K, capacity 8563K, committed 8576K, reserved 1048576K
Event: 89,575 GC heap after
Heap after GC invocations=49 (full 9):
 PSYoungGen      total 310784K, used 85970K [0x00000000e0000000, 0x0000000100000000, 0x0000000100000000)
  eden space 180224K, 0% used [0x00000000e0000000,0x00000000e0000000,0x00000000eb000000)
  from space 130560K, 65% used [0x00000000eb000000,0x00000000f03f4b48,0x00000000f2f80000)
  to   space 174592K, 0% used [0x00000000f5580000,0x00000000f5580000,0x0000000100000000)
 ParOldGen       total 937984K, used 689405K [0x00000000a0000000, 0x00000000d9400000, 0x00000000e0000000)
  object space 937984K, 73% used [0x00000000a0000000,0x00000000ca13f778,0x00000000d9400000)
 Metaspace       used 62437K, capacity 64028K, committed 64384K, reserved 1105920K
  class space    used 8197K, capacity 8563K, committed 8576K, reserved 1048576K
}
Event: 89,824 GC heap before
{Heap before GC invocations=50 (full 9):
 PSYoungGen      total 310784K, used 266194K [0x00000000e0000000, 0x0000000100000000, 0x0000000100000000)
  eden space 180224K, 100% used [0x00000000e0000000,0x00000000eb000000,0x00000000eb000000)
  from space 130560K, 65% used [0x00000000eb000000,0x00000000f03f4b48,0x00000000f2f80000)
  to   space 174592K, 0% used [0x00000000f5580000,0x00000000f5580000,0x0000000100000000)
 ParOldGen       total 937984K, used 689405K [0x00000000a0000000, 0x00000000d9400000, 0x00000000e0000000)
  object space 937984K, 73% used [0x00000000a0000000,0x00000000ca13f778,0x00000000d9400000)
 Metaspace       used 62437K, capacity 64028K, committed 64384K, reserved 1105920K
  class space    used 8197K, capacity 8563K, committed 8576K, reserved 1048576K
Event: 90,242 GC heap after
Heap after GC invocations=50 (full 9):
 PSYoungGen      total 349696K, used 126139K [0x00000000e0000000, 0x0000000100000000, 0x0000000100000000)
  eden space 175104K, 0% used [0x00000000e0000000,0x00000000e0000000,0x00000000eab00000)
  from space 174592K, 72% used [0x00000000f5580000,0x00000000fd0aefb0,0x0000000100000000)
  to   space 174592K, 0% used [0x00000000eab00000,0x00000000eab00000,0x00000000f5580000)
 ParOldGen       total 937984K, used 732679K [0x00000000a0000000, 0x00000000d9400000, 0x00000000e0000000)
  object space 937984K, 78% used [0x00000000a0000000,0x00000000ccb81d88,0x00000000d9400000)
 Metaspace       used 62437K, capacity 64028K, committed 64384K, reserved 1105920K
  class space    used 8197K, capacity 8563K, committed 8576K, reserved 1048576K
}
Event: 90,471 GC heap before
{Heap before GC invocations=51 (full 9):
 PSYoungGen      total 349696K, used 301243K [0x00000000e0000000, 0x0000000100000000, 0x0000000100000000)
  eden space 175104K, 100% used [0x00000000e0000000,0x00000000eab00000,0x00000000eab00000)
  from space 174592K, 72% used [0x00000000f5580000,0x00000000fd0aefb0,0x0000000100000000)
  to   space 174592K, 0% used [0x00000000eab00000,0x00000000eab00000,0x00000000f5580000)
 ParOldGen       total 937984K, used 732679K [0x00000000a0000000, 0x00000000d9400000, 0x00000000e0000000)
  object space 937984K, 78% used [0x00000000a0000000,0x00000000ccb81d88,0x00000000d9400000)
 Metaspace       used 62437K, capacity 64028K, committed 64384K, reserved 1105920K
  class space    used 8197K, capacity 8563K, committed 8576K, reserved 1048576K
Event: 90,645 GC heap after
Heap after GC invocations=51 (full 9):
 PSYoungGen      total 349696K, used 58904K [0x00000000e0000000, 0x0000000100000000, 0x0000000100000000)
  eden space 175104K, 0% used [0x00000000e0000000,0x00000000e0000000,0x00000000eab00000)
  from space 174592K, 33% used [0x00000000eab00000,0x00000000ee486328,0x00000000f5580000)
  to   space 174592K, 0% used [0x00000000f5580000,0x00000000f5580000,0x0000000100000000)
 ParOldGen       total 937984K, used 857928K [0x00000000a0000000, 0x00000000d9400000, 0x00000000e0000000)
  object space 937984K, 91% used [0x00000000a0000000,0x00000000d45d2370,0x00000000d9400000)
 Metaspace       used 62437K, capacity 64028K, committed 64384K, reserved 1105920K
  class space    used 8197K, capacity 8563K, committed 8576K, reserved 1048576K
}
Event: 90,645 GC heap before
{Heap before GC invocations=52 (full 10):
 PSYoungGen      total 349696K, used 58904K [0x00000000e0000000, 0x0000000100000000, 0x0000000100000000)
  eden space 175104K, 0% used [0x00000000e0000000,0x00000000e0000000,0x00000000eab00000)
  from space 174592K, 33% used [0x00000000eab00000,0x00000000ee486328,0x00000000f5580000)
  to   space 174592K, 0% used [0x00000000f5580000,0x00000000f5580000,0x0000000100000000)
 ParOldGen       total 937984K, used 857928K [0x00000000a0000000, 0x00000000d9400000, 0x00000000e0000000)
  object space 937984K, 91% used [0x00000000a0000000,0x00000000d45d2370,0x00000000d9400000)
 Metaspace       used 62437K, capacity 64028K, committed 64384K, reserved 1105920K
  class space    used 8197K, capacity 8563K, committed 8576K, reserved 1048576K

