# JRE version: Java(TM) SE Runtime Environment (8.0_66-b17) (build 1.8.0_66-b17)
# Java VM: Java HotSpot(TM) 64-Bit Server VM (25.66-b17 mixed mode linux-amd64 compressed oops)
Heap:
 PSYoungGen      total 349696K, used 0K [0x00000000e0000000, 0x0000000100000000, 0x0000000100000000)
  eden space 175104K, 0% used [0x00000000e0000000,0x00000000e0000000,0x00000000eab00000)
  from space 174592K, 0% used [0x00000000f5580000,0x00000000f5580000,0x0000000100000000)
  to   space 174592K, 0% used [0x00000000eab00000,0x00000000eab00000,0x00000000f5580000)
 ParOldGen       total 934912K, used 911538K [0x00000000a0000000, 0x00000000d9100000, 0x00000000e0000000)
  object space 934912K, 97% used [0x00000000a0000000,0x00000000d7a2c980,0x00000000d9100000)
 Metaspace       used 52878K, capacity 54234K, committed 54528K, reserved 1095680K
  class space    used 7050K, capacity 7384K, committed 7424K, reserved 1048576K
GC Heap History (10 events):
Event: 81,570 GC heap after
Heap after GC invocations=46 (full 8):
 PSYoungGen      total 349696K, used 166499K [0x00000000e0000000, 0x0000000100000000, 0x0000000100000000)
  eden space 175104K, 0% used [0x00000000e0000000,0x00000000e0000000,0x00000000eab00000)
  from space 174592K, 95% used [0x00000000f5580000,0x00000000ff818f18,0x0000000100000000)
  to   space 174592K, 0% used [0x00000000eab00000,0x00000000eab00000,0x00000000f5580000)
 ParOldGen       total 934912K, used 731686K [0x00000000a0000000, 0x00000000d9100000, 0x00000000e0000000)
  object space 934912K, 78% used [0x00000000a0000000,0x00000000cca89a00,0x00000000d9100000)
 Metaspace       used 52691K, capacity 54074K, committed 54272K, reserved 1095680K
  class space    used 7038K, capacity 7352K, committed 7424K, reserved 1048576K
}
Event: 82,079 GC heap before
{Heap before GC invocations=47 (full 8):
 PSYoungGen      total 349696K, used 341603K [0x00000000e0000000, 0x0000000100000000, 0x0000000100000000)
  eden space 175104K, 100% used [0x00000000e0000000,0x00000000eab00000,0x00000000eab00000)
  from space 174592K, 95% used [0x00000000f5580000,0x00000000ff818f18,0x0000000100000000)
  to   space 174592K, 0% used [0x00000000eab00000,0x00000000eab00000,0x00000000f5580000)
 ParOldGen       total 934912K, used 731686K [0x00000000a0000000, 0x00000000d9100000, 0x00000000e0000000)
  object space 934912K, 78% used [0x00000000a0000000,0x00000000cca89a00,0x00000000d9100000)
 Metaspace       used 52704K, capacity 54074K, committed 54272K, reserved 1095680K
  class space    used 7039K, capacity 7352K, committed 7424K, reserved 1048576K
Event: 82,183 GC heap after
Heap after GC invocations=47 (full 8):
 PSYoungGen      total 349696K, used 34901K [0x00000000e0000000, 0x0000000100000000, 0x0000000100000000)
  eden space 175104K, 0% used [0x00000000e0000000,0x00000000e0000000,0x00000000eab00000)
  from space 174592K, 19% used [0x00000000eab00000,0x00000000ecd15678,0x00000000f5580000)
  to   space 174592K, 0% used [0x00000000f5580000,0x00000000f5580000,0x0000000100000000)
 ParOldGen       total 934912K, used 752217K [0x00000000a0000000, 0x00000000d9100000, 0x00000000e0000000)
  object space 934912K, 80% used [0x00000000a0000000,0x00000000cde96410,0x00000000d9100000)
 Metaspace       used 52704K, capacity 54074K, committed 54272K, reserved 1095680K
  class space    used 7039K, capacity 7352K, committed 7424K, reserved 1048576K
}
Event: 82,943 GC heap before
{Heap before GC invocations=48 (full 8):
 PSYoungGen      total 349696K, used 210005K [0x00000000e0000000, 0x0000000100000000, 0x0000000100000000)
  eden space 175104K, 100% used [0x00000000e0000000,0x00000000eab00000,0x00000000eab00000)
  from space 174592K, 19% used [0x00000000eab00000,0x00000000ecd15678,0x00000000f5580000)
  to   space 174592K, 0% used [0x00000000f5580000,0x00000000f5580000,0x0000000100000000)
 ParOldGen       total 934912K, used 752217K [0x00000000a0000000, 0x00000000d9100000, 0x00000000e0000000)
  object space 934912K, 80% used [0x00000000a0000000,0x00000000cde96410,0x00000000d9100000)
 Metaspace       used 52709K, capacity 54074K, committed 54272K, reserved 1095680K
  class space    used 7039K, capacity 7352K, committed 7424K, reserved 1048576K
Event: 83,088 GC heap after
Heap after GC invocations=48 (full 8):
 PSYoungGen      total 349696K, used 70710K [0x00000000e0000000, 0x0000000100000000, 0x0000000100000000)
  eden space 175104K, 0% used [0x00000000e0000000,0x00000000e0000000,0x00000000eab00000)
  from space 174592K, 40% used [0x00000000f5580000,0x00000000f9a8d8b0,0x0000000100000000)
  to   space 174592K, 0% used [0x00000000eab00000,0x00000000eab00000,0x00000000f5580000)
 ParOldGen       total 934912K, used 786755K [0x00000000a0000000, 0x00000000d9100000, 0x00000000e0000000)
  object space 934912K, 84% used [0x00000000a0000000,0x00000000d0050de8,0x00000000d9100000)
 Metaspace       used 52709K, capacity 54074K, committed 54272K, reserved 1095680K
  class space    used 7039K, capacity 7352K, committed 7424K, reserved 1048576K
}
Event: 83,271 GC heap before
{Heap before GC invocations=49 (full 8):
 PSYoungGen      total 349696K, used 245814K [0x00000000e0000000, 0x0000000100000000, 0x0000000100000000)
  eden space 175104K, 100% used [0x00000000e0000000,0x00000000eab00000,0x00000000eab00000)
  from space 174592K, 40% used [0x00000000f5580000,0x00000000f9a8d8b0,0x0000000100000000)
  to   space 174592K, 0% used [0x00000000eab00000,0x00000000eab00000,0x00000000f5580000)
 ParOldGen       total 934912K, used 786755K [0x00000000a0000000, 0x00000000d9100000, 0x00000000e0000000)
  object space 934912K, 84% used [0x00000000a0000000,0x00000000d0050de8,0x00000000d9100000)
 Metaspace       used 52715K, capacity 54074K, committed 54272K, reserved 1095680K
  class space    used 7039K, capacity 7352K, committed 7424K, reserved 1048576K
Event: 83,371 GC heap after
Heap after GC invocations=49 (full 8):
 PSYoungGen      total 349696K, used 86348K [0x00000000e0000000, 0x0000000100000000, 0x0000000100000000)
  eden space 175104K, 0% used [0x00000000e0000000,0x00000000e0000000,0x00000000eab00000)
  from space 174592K, 49% used [0x00000000eab00000,0x00000000eff53150,0x00000000f5580000)
  to   space 174592K, 0% used [0x00000000f5580000,0x00000000f5580000,0x0000000100000000)
 ParOldGen       total 934912K, used 813047K [0x00000000a0000000, 0x00000000d9100000, 0x00000000e0000000)
  object space 934912K, 86% used [0x00000000a0000000,0x00000000d19fdeb0,0x00000000d9100000)
 Metaspace       used 52715K, capacity 54074K, committed 54272K, reserved 1095680K
  class space    used 7039K, capacity 7352K, committed 7424K, reserved 1048576K
}
Event: 83,771 GC heap before
{Heap before GC invocations=50 (full 8):
 PSYoungGen      total 349696K, used 261452K [0x00000000e0000000, 0x0000000100000000, 0x0000000100000000)
  eden space 175104K, 100% used [0x00000000e0000000,0x00000000eab00000,0x00000000eab00000)
  from space 174592K, 49% used [0x00000000eab00000,0x00000000eff53150,0x00000000f5580000)
  to   space 174592K, 0% used [0x00000000f5580000,0x00000000f5580000,0x0000000100000000)
 ParOldGen       total 934912K, used 813047K [0x00000000a0000000, 0x00000000d9100000, 0x00000000e0000000)
  object space 934912K, 86% used [0x00000000a0000000,0x00000000d19fdeb0,0x00000000d9100000)
 Metaspace       used 52878K, capacity 54234K, committed 54528K, reserved 1095680K
  class space    used 7050K, capacity 7384K, committed 7424K, reserved 1048576K
Event: 83,931 GC heap after
Heap after GC invocations=50 (full 8):
 PSYoungGen      total 349696K, used 54661K [0x00000000e0000000, 0x0000000100000000, 0x0000000100000000)
  eden space 175104K, 0% used [0x00000000e0000000,0x00000000e0000000,0x00000000eab00000)
  from space 174592K, 31% used [0x00000000f5580000,0x00000000f8ae1560,0x0000000100000000)
  to   space 174592K, 0% used [0x00000000eab00000,0x00000000eab00000,0x00000000f5580000)
 ParOldGen       total 934912K, used 899396K [0x00000000a0000000, 0x00000000d9100000, 0x00000000e0000000)
  object space 934912K, 96% used [0x00000000a0000000,0x00000000d6e51110,0x00000000d9100000)
 Metaspace       used 52878K, capacity 54234K, committed 54528K, reserved 1095680K
  class space    used 7050K, capacity 7384K, committed 7424K, reserved 1048576K
}
Event: 83,932 GC heap before
{Heap before GC invocations=51 (full 9):
 PSYoungGen      total 349696K, used 54661K [0x00000000e0000000, 0x0000000100000000, 0x0000000100000000)
  eden space 175104K, 0% used [0x00000000e0000000,0x00000000e0000000,0x00000000eab00000)
  from space 174592K, 31% used [0x00000000f5580000,0x00000000f8ae1560,0x0000000100000000)
  to   space 174592K, 0% used [0x00000000eab00000,0x00000000eab00000,0x00000000f5580000)
 ParOldGen       total 934912K, used 899396K [0x00000000a0000000, 0x00000000d9100000, 0x00000000e0000000)
  object space 934912K, 96% used [0x00000000a0000000,0x00000000d6e51110,0x00000000d9100000)
 Metaspace       used 52878K, capacity 54234K, committed 54528K, reserved 1095680K
  class space    used 7050K, capacity 7384K, committed 7424K, reserved 1048576K

