# JRE version: Java(TM) SE Runtime Environment (8.0_66-b17) (build 1.8.0_66-b17)
# Java VM: Java HotSpot(TM) 64-Bit Server VM (25.66-b17 mixed mode linux-amd64 compressed oops)
Heap:
 PSYoungGen      total 367104K, used 57758K [0x00000000e0000000, 0x0000000100000000, 0x0000000100000000)
  eden space 252928K, 0% used [0x00000000e0000000,0x00000000e0000000,0x00000000ef700000)
  from space 114176K, 50% used [0x00000000f9080000,0x00000000fc8e7b08,0x0000000100000000)
  to   space 135680K, 0% used [0x00000000ef700000,0x00000000ef700000,0x00000000f7b80000)
 ParOldGen       total 668672K, used 668572K [0x00000000a0000000, 0x00000000c8d00000, 0x00000000e0000000)
  object space 668672K, 99% used [0x00000000a0000000,0x00000000c8ce7078,0x00000000c8d00000)
 Metaspace       used 70482K, capacity 72622K, committed 72792K, reserved 1112064K
  class space    used 8851K, capacity 9242K, committed 9304K, reserved 1048576K
GC Heap History (10 events):
Event: 342,065 GC heap after
Heap after GC invocations=47 (full 9):
 PSYoungGen      total 400896K, used 93685K [0x00000000e0000000, 0x0000000100000000, 0x0000000100000000)
  eden space 307200K, 0% used [0x00000000e0000000,0x00000000e0000000,0x00000000f2c00000)
  from space 93696K, 99% used [0x00000000fa480000,0x00000000ffffd4f0,0x0000000100000000)
  to   space 108544K, 0% used [0x00000000f2c00000,0x00000000f2c00000,0x00000000f9600000)
 ParOldGen       total 668672K, used 461730K [0x00000000a0000000, 0x00000000c8d00000, 0x00000000e0000000)
  object space 668672K, 69% used [0x00000000a0000000,0x00000000bc2e8a98,0x00000000c8d00000)
 Metaspace       used 70430K, capacity 72558K, committed 72792K, reserved 1112064K
  class space    used 8849K, capacity 9242K, committed 9304K, reserved 1048576K
}
Event: 342,965 GC heap before
{Heap before GC invocations=48 (full 9):
 PSYoungGen      total 400896K, used 400885K [0x00000000e0000000, 0x0000000100000000, 0x0000000100000000)
  eden space 307200K, 100% used [0x00000000e0000000,0x00000000f2c00000,0x00000000f2c00000)
  from space 93696K, 99% used [0x00000000fa480000,0x00000000ffffd4f0,0x0000000100000000)
  to   space 108544K, 0% used [0x00000000f2c00000,0x00000000f2c00000,0x00000000f9600000)
 ParOldGen       total 668672K, used 461730K [0x00000000a0000000, 0x00000000c8d00000, 0x00000000e0000000)
  object space 668672K, 69% used [0x00000000a0000000,0x00000000bc2e8a98,0x00000000c8d00000)
 Metaspace       used 70433K, capacity 72558K, committed 72792K, reserved 1112064K
  class space    used 8849K, capacity 9242K, committed 9304K, reserved 1048576K
Event: 343,200 GC heap after
Heap after GC invocations=48 (full 9):
 PSYoungGen      total 415744K, used 47259K [0x00000000e0000000, 0x0000000100000000, 0x0000000100000000)
  eden space 307200K, 0% used [0x00000000e0000000,0x00000000e0000000,0x00000000f2c00000)
  from space 108544K, 43% used [0x00000000f2c00000,0x00000000f5a26ca0,0x00000000f9600000)
  to   space 102912K, 0% used [0x00000000f9b80000,0x00000000f9b80000,0x0000000100000000)
 ParOldGen       total 668672K, used 555843K [0x00000000a0000000, 0x00000000c8d00000, 0x00000000e0000000)
  object space 668672K, 83% used [0x00000000a0000000,0x00000000c1ed0f58,0x00000000c8d00000)
 Metaspace       used 70433K, capacity 72558K, committed 72792K, reserved 1112064K
  class space    used 8849K, capacity 9242K, committed 9304K, reserved 1048576K
}
Event: 344,079 GC heap before
{Heap before GC invocations=49 (full 9):
 PSYoungGen      total 415744K, used 354459K [0x00000000e0000000, 0x0000000100000000, 0x0000000100000000)
  eden space 307200K, 100% used [0x00000000e0000000,0x00000000f2c00000,0x00000000f2c00000)
  from space 108544K, 43% used [0x00000000f2c00000,0x00000000f5a26ca0,0x00000000f9600000)
  to   space 102912K, 0% used [0x00000000f9b80000,0x00000000f9b80000,0x0000000100000000)
 ParOldGen       total 668672K, used 555843K [0x00000000a0000000, 0x00000000c8d00000, 0x00000000e0000000)
  object space 668672K, 83% used [0x00000000a0000000,0x00000000c1ed0f58,0x00000000c8d00000)
 Metaspace       used 70436K, capacity 72558K, committed 72792K, reserved 1112064K
  class space    used 8849K, capacity 9242K, committed 9304K, reserved 1048576K
Event: 344,191 GC heap after
Heap after GC invocations=49 (full 9):
 PSYoungGen      total 398848K, used 92372K [0x00000000e0000000, 0x0000000100000000, 0x0000000100000000)
  eden space 295936K, 0% used [0x00000000e0000000,0x00000000e0000000,0x00000000f2100000)
  from space 102912K, 89% used [0x00000000f9b80000,0x00000000ff5b5238,0x0000000100000000)
  to   space 114176K, 0% used [0x00000000f2100000,0x00000000f2100000,0x00000000f9080000)
 ParOldGen       total 668672K, used 555843K [0x00000000a0000000, 0x00000000c8d00000, 0x00000000e0000000)
  object space 668672K, 83% used [0x00000000a0000000,0x00000000c1ed0f58,0x00000000c8d00000)
 Metaspace       used 70436K, capacity 72558K, committed 72792K, reserved 1112064K
  class space    used 8849K, capacity 9242K, committed 9304K, reserved 1048576K
}
Event: 345,288 GC heap before
{Heap before GC invocations=50 (full 9):
 PSYoungGen      total 398848K, used 388308K [0x00000000e0000000, 0x0000000100000000, 0x0000000100000000)
  eden space 295936K, 100% used [0x00000000e0000000,0x00000000f2100000,0x00000000f2100000)
  from space 102912K, 89% used [0x00000000f9b80000,0x00000000ff5b5238,0x0000000100000000)
  to   space 114176K, 0% used [0x00000000f2100000,0x00000000f2100000,0x00000000f9080000)
 ParOldGen       total 668672K, used 555843K [0x00000000a0000000, 0x00000000c8d00000, 0x00000000e0000000)
  object space 668672K, 83% used [0x00000000a0000000,0x00000000c1ed0f58,0x00000000c8d00000)
 Metaspace       used 70447K, capacity 72558K, committed 72792K, reserved 1112064K
  class space    used 8850K, capacity 9242K, committed 9304K, reserved 1048576K
Event: 345,449 GC heap after
Heap after GC invocations=50 (full 9):
 PSYoungGen      total 410112K, used 114160K [0x00000000e0000000, 0x0000000100000000, 0x0000000100000000)
  eden space 295936K, 0% used [0x00000000e0000000,0x00000000e0000000,0x00000000f2100000)
  from space 114176K, 99% used [0x00000000f2100000,0x00000000f907c048,0x00000000f9080000)
  to   space 114176K, 0% used [0x00000000f9080000,0x00000000f9080000,0x0000000100000000)
 ParOldGen       total 668672K, used 575444K [0x00000000a0000000, 0x00000000c8d00000, 0x00000000e0000000)
  object space 668672K, 86% used [0x00000000a0000000,0x00000000c31f53b0,0x00000000c8d00000)
 Metaspace       used 70447K, capacity 72558K, committed 72792K, reserved 1112064K
  class space    used 8850K, capacity 9242K, committed 9304K, reserved 1048576K
}
Event: 346,378 GC heap before
{Heap before GC invocations=51 (full 9):
 PSYoungGen      total 410112K, used 410096K [0x00000000e0000000, 0x0000000100000000, 0x0000000100000000)
  eden space 295936K, 100% used [0x00000000e0000000,0x00000000f2100000,0x00000000f2100000)
  from space 114176K, 99% used [0x00000000f2100000,0x00000000f907c048,0x00000000f9080000)
  to   space 114176K, 0% used [0x00000000f9080000,0x00000000f9080000,0x0000000100000000)
 ParOldGen       total 668672K, used 575444K [0x00000000a0000000, 0x00000000c8d00000, 0x00000000e0000000)
  object space 668672K, 86% used [0x00000000a0000000,0x00000000c31f53b0,0x00000000c8d00000)
 Metaspace       used 70482K, capacity 72622K, committed 72792K, reserved 1112064K
  class space    used 8851K, capacity 9242K, committed 9304K, reserved 1048576K
Event: 346,695 GC heap after
Heap after GC invocations=51 (full 9):
 PSYoungGen      total 367104K, used 72986K [0x00000000e0000000, 0x0000000100000000, 0x0000000100000000)
  eden space 252928K, 0% used [0x00000000e0000000,0x00000000e0000000,0x00000000ef700000)
  from space 114176K, 63% used [0x00000000f9080000,0x00000000fd7c6b78,0x0000000100000000)
  to   space 135680K, 0% used [0x00000000ef700000,0x00000000ef700000,0x00000000f7b80000)
 ParOldGen       total 668672K, used 663047K [0x00000000a0000000, 0x00000000c8d00000, 0x00000000e0000000)
  object space 668672K, 99% used [0x00000000a0000000,0x00000000c8781db0,0x00000000c8d00000)
 Metaspace       used 70482K, capacity 72622K, committed 72792K, reserved 1112064K
  class space    used 8851K, capacity 9242K, committed 9304K, reserved 1048576K
}
Event: 346,695 GC heap before
{Heap before GC invocations=52 (full 10):
 PSYoungGen      total 367104K, used 72986K [0x00000000e0000000, 0x0000000100000000, 0x0000000100000000)
  eden space 252928K, 0% used [0x00000000e0000000,0x00000000e0000000,0x00000000ef700000)
  from space 114176K, 63% used [0x00000000f9080000,0x00000000fd7c6b78,0x0000000100000000)
  to   space 135680K, 0% used [0x00000000ef700000,0x00000000ef700000,0x00000000f7b80000)
 ParOldGen       total 668672K, used 663047K [0x00000000a0000000, 0x00000000c8d00000, 0x00000000e0000000)
  object space 668672K, 99% used [0x00000000a0000000,0x00000000c8781db0,0x00000000c8d00000)
 Metaspace       used 70482K, capacity 72622K, committed 72792K, reserved 1112064K
  class space    used 8851K, capacity 9242K, committed 9304K, reserved 1048576K

