# JRE version: Java(TM) SE Runtime Environment (8.0_66-b17) (build 1.8.0_66-b17)
# Java VM: Java HotSpot(TM) 64-Bit Server VM (25.66-b17 mixed mode linux-amd64 compressed oops)
Heap:
 PSYoungGen      total 309760K, used 28768K [0x00000000e0000000, 0x0000000100000000, 0x0000000100000000)
  eden space 185344K, 0% used [0x00000000e0000000,0x00000000e0000000,0x00000000eb500000)
  from space 124416K, 23% used [0x00000000eb500000,0x00000000ed118360,0x00000000f2e80000)
  to   space 174592K, 0% used [0x00000000f5580000,0x00000000f5580000,0x0000000100000000)
 ParOldGen       total 800768K, used 800339K [0x00000000a0000000, 0x00000000d0e00000, 0x00000000e0000000)
  object space 800768K, 99% used [0x00000000a0000000,0x00000000d0d94e28,0x00000000d0e00000)
 Metaspace       used 53518K, capacity 54934K, committed 55000K, reserved 1097728K
  class space    used 7063K, capacity 7366K, committed 7424K, reserved 1048576K
GC Heap History (10 events):
Event: 52,816 GC heap after
Heap after GC invocations=38 (full 7):
 PSYoungGen      total 420352K, used 49563K [0x00000000e0000000, 0x00000000ffe80000, 0x0000000100000000)
  eden space 316416K, 0% used [0x00000000e0000000,0x00000000e0000000,0x00000000f3500000)
  from space 103936K, 47% used [0x00000000f3500000,0x00000000f6566e10,0x00000000f9a80000)
  to   space 99840K, 0% used [0x00000000f9d00000,0x00000000f9d00000,0x00000000ffe80000)
 ParOldGen       total 800768K, used 570795K [0x00000000a0000000, 0x00000000d0e00000, 0x00000000e0000000)
  object space 800768K, 71% used [0x00000000a0000000,0x00000000c2d6ac40,0x00000000d0e00000)
 Metaspace       used 53441K, capacity 54870K, committed 55000K, reserved 1097728K
  class space    used 7060K, capacity 7366K, committed 7424K, reserved 1048576K
}
Event: 53,895 GC heap before
{Heap before GC invocations=39 (full 7):
 PSYoungGen      total 420352K, used 365979K [0x00000000e0000000, 0x00000000ffe80000, 0x0000000100000000)
  eden space 316416K, 100% used [0x00000000e0000000,0x00000000f3500000,0x00000000f3500000)
  from space 103936K, 47% used [0x00000000f3500000,0x00000000f6566e10,0x00000000f9a80000)
  to   space 99840K, 0% used [0x00000000f9d00000,0x00000000f9d00000,0x00000000ffe80000)
 ParOldGen       total 800768K, used 570795K [0x00000000a0000000, 0x00000000d0e00000, 0x00000000e0000000)
  object space 800768K, 71% used [0x00000000a0000000,0x00000000c2d6ac40,0x00000000d0e00000)
 Metaspace       used 53451K, capacity 54870K, committed 55000K, reserved 1097728K
  class space    used 7061K, capacity 7366K, committed 7424K, reserved 1048576K
Event: 54,026 GC heap after
Heap after GC invocations=39 (full 7):
 PSYoungGen      total 399872K, used 93269K [0x00000000e0000000, 0x0000000100000000, 0x0000000100000000)
  eden space 300032K, 0% used [0x00000000e0000000,0x00000000e0000000,0x00000000f2500000)
  from space 99840K, 93% used [0x00000000f9d00000,0x00000000ff815788,0x00000000ffe80000)
  to   space 112128K, 0% used [0x00000000f2500000,0x00000000f2500000,0x00000000f9280000)
 ParOldGen       total 800768K, used 570795K [0x00000000a0000000, 0x00000000d0e00000, 0x00000000e0000000)
  object space 800768K, 71% used [0x00000000a0000000,0x00000000c2d6ac40,0x00000000d0e00000)
 Metaspace       used 53451K, capacity 54870K, committed 55000K, reserved 1097728K
  class space    used 7061K, capacity 7366K, committed 7424K, reserved 1048576K
}
Event: 55,070 GC heap before
{Heap before GC invocations=40 (full 7):
 PSYoungGen      total 399872K, used 393301K [0x00000000e0000000, 0x0000000100000000, 0x0000000100000000)
  eden space 300032K, 100% used [0x00000000e0000000,0x00000000f2500000,0x00000000f2500000)
  from space 99840K, 93% used [0x00000000f9d00000,0x00000000ff815788,0x00000000ffe80000)
  to   space 112128K, 0% used [0x00000000f2500000,0x00000000f2500000,0x00000000f9280000)
 ParOldGen       total 800768K, used 570795K [0x00000000a0000000, 0x00000000d0e00000, 0x00000000e0000000)
  object space 800768K, 71% used [0x00000000a0000000,0x00000000c2d6ac40,0x00000000d0e00000)
 Metaspace       used 53476K, capacity 54870K, committed 55000K, reserved 1097728K
  class space    used 7062K, capacity 7366K, committed 7424K, reserved 1048576K
Event: 55,323 GC heap after
Heap after GC invocations=40 (full 7):
 PSYoungGen      total 412160K, used 112107K [0x00000000e0000000, 0x0000000100000000, 0x0000000100000000)
  eden space 300032K, 0% used [0x00000000e0000000,0x00000000e0000000,0x00000000f2500000)
  from space 112128K, 99% used [0x00000000f2500000,0x00000000f927afb8,0x00000000f9280000)
  to   space 112128K, 0% used [0x00000000f9280000,0x00000000f9280000,0x0000000100000000)
 ParOldGen       total 800768K, used 600735K [0x00000000a0000000, 0x00000000d0e00000, 0x00000000e0000000)
  object space 800768K, 75% used [0x00000000a0000000,0x00000000c4aa7cc8,0x00000000d0e00000)
 Metaspace       used 53476K, capacity 54870K, committed 55000K, reserved 1097728K
  class space    used 7062K, capacity 7366K, committed 7424K, reserved 1048576K
}
Event: 56,371 GC heap before
{Heap before GC invocations=41 (full 7):
 PSYoungGen      total 412160K, used 412139K [0x00000000e0000000, 0x0000000100000000, 0x0000000100000000)
  eden space 300032K, 100% used [0x00000000e0000000,0x00000000f2500000,0x00000000f2500000)
  from space 112128K, 99% used [0x00000000f2500000,0x00000000f927afb8,0x00000000f9280000)
  to   space 112128K, 0% used [0x00000000f9280000,0x00000000f9280000,0x0000000100000000)
 ParOldGen       total 800768K, used 600735K [0x00000000a0000000, 0x00000000d0e00000, 0x00000000e0000000)
  object space 800768K, 75% used [0x00000000a0000000,0x00000000c4aa7cc8,0x00000000d0e00000)
 Metaspace       used 53518K, capacity 54934K, committed 55000K, reserved 1097728K
  class space    used 7063K, capacity 7366K, committed 7424K, reserved 1048576K
Event: 56,687 GC heap after
Heap after GC invocations=41 (full 7):
 PSYoungGen      total 297472K, used 112124K [0x00000000e0000000, 0x0000000100000000, 0x0000000100000000)
  eden space 185344K, 0% used [0x00000000e0000000,0x00000000e0000000,0x00000000eb500000)
  from space 112128K, 99% used [0x00000000f9280000,0x00000000fffff388,0x0000000100000000)
  to   space 169472K, 0% used [0x00000000eb500000,0x00000000eb500000,0x00000000f5a80000)
 ParOldGen       total 800768K, used 648829K [0x00000000a0000000, 0x00000000d0e00000, 0x00000000e0000000)
  object space 800768K, 81% used [0x00000000a0000000,0x00000000c799f7c8,0x00000000d0e00000)
 Metaspace       used 53518K, capacity 54934K, committed 55000K, reserved 1097728K
  class space    used 7063K, capacity 7366K, committed 7424K, reserved 1048576K
}
Event: 57,711 GC heap before
{Heap before GC invocations=42 (full 7):
 PSYoungGen      total 297472K, used 297468K [0x00000000e0000000, 0x0000000100000000, 0x0000000100000000)
  eden space 185344K, 100% used [0x00000000e0000000,0x00000000eb500000,0x00000000eb500000)
  from space 112128K, 99% used [0x00000000f9280000,0x00000000fffff388,0x0000000100000000)
  to   space 169472K, 0% used [0x00000000eb500000,0x00000000eb500000,0x00000000f5a80000)
 ParOldGen       total 800768K, used 648829K [0x00000000a0000000, 0x00000000d0e00000, 0x00000000e0000000)
  object space 800768K, 81% used [0x00000000a0000000,0x00000000c799f7c8,0x00000000d0e00000)
 Metaspace       used 53518K, capacity 54934K, committed 55000K, reserved 1097728K
  class space    used 7063K, capacity 7366K, committed 7424K, reserved 1048576K
Event: 58,020 GC heap after
Heap after GC invocations=42 (full 7):
 PSYoungGen      total 309760K, used 124184K [0x00000000e0000000, 0x0000000100000000, 0x0000000100000000)
  eden space 185344K, 0% used [0x00000000e0000000,0x00000000e0000000,0x00000000eb500000)
  from space 124416K, 99% used [0x00000000eb500000,0x00000000f2e462b0,0x00000000f2e80000)
  to   space 174592K, 0% used [0x00000000f5580000,0x00000000f5580000,0x0000000100000000)
 ParOldGen       total 800768K, used 720873K [0x00000000a0000000, 0x00000000d0e00000, 0x00000000e0000000)
  object space 800768K, 90% used [0x00000000a0000000,0x00000000cbffa5c8,0x00000000d0e00000)
 Metaspace       used 53518K, capacity 54934K, committed 55000K, reserved 1097728K
  class space    used 7063K, capacity 7366K, committed 7424K, reserved 1048576K
}
Event: 58,021 GC heap before
{Heap before GC invocations=43 (full 8):
 PSYoungGen      total 309760K, used 124184K [0x00000000e0000000, 0x0000000100000000, 0x0000000100000000)
  eden space 185344K, 0% used [0x00000000e0000000,0x00000000e0000000,0x00000000eb500000)
  from space 124416K, 99% used [0x00000000eb500000,0x00000000f2e462b0,0x00000000f2e80000)
  to   space 174592K, 0% used [0x00000000f5580000,0x00000000f5580000,0x0000000100000000)
 ParOldGen       total 800768K, used 720873K [0x00000000a0000000, 0x00000000d0e00000, 0x00000000e0000000)
  object space 800768K, 90% used [0x00000000a0000000,0x00000000cbffa5c8,0x00000000d0e00000)
 Metaspace       used 53518K, capacity 54934K, committed 55000K, reserved 1097728K
  class space    used 7063K, capacity 7366K, committed 7424K, reserved 1048576K

