# JRE version: Java(TM) SE Runtime Environment (8.0_66-b17) (build 1.8.0_66-b17)
# Java VM: Java HotSpot(TM) 64-Bit Server VM (25.66-b17 mixed mode linux-amd64 compressed oops)
Heap:
 PSYoungGen      total 349696K, used 70332K [0x00000000e0000000, 0x0000000100000000, 0x0000000100000000)
  eden space 175104K, 0% used [0x00000000e0000000,0x00000000e0000000,0x00000000eab00000)
  from space 174592K, 40% used [0x00000000eab00000,0x00000000eefaf3e8,0x00000000f5580000)
  to   space 174592K, 0% used [0x00000000f5580000,0x00000000f5580000,0x0000000100000000)
 ParOldGen       total 792064K, used 791585K [0x00000000a0000000, 0x00000000d0580000, 0x00000000e0000000)
  object space 792064K, 99% used [0x00000000a0000000,0x00000000d0508580,0x00000000d0580000)
 Metaspace       used 54173K, capacity 55586K, committed 55896K, reserved 1097728K
  class space    used 7153K, capacity 7470K, committed 7512K, reserved 1048576K
GC Heap History (10 events):
Event: 62,206 GC heap after
Heap after GC invocations=38 (full 7):
 PSYoungGen      total 376832K, used 75448K [0x00000000e0000000, 0x0000000100000000, 0x0000000100000000)
  eden space 240640K, 0% used [0x00000000e0000000,0x00000000e0000000,0x00000000eeb00000)
  from space 136192K, 55% used [0x00000000eeb00000,0x00000000f34ae2e0,0x00000000f7000000)
  to   space 135168K, 0% used [0x00000000f7c00000,0x00000000f7c00000,0x0000000100000000)
 ParOldGen       total 792064K, used 586786K [0x00000000a0000000, 0x00000000d0580000, 0x00000000e0000000)
  object space 792064K, 74% used [0x00000000a0000000,0x00000000c3d08a48,0x00000000d0580000)
 Metaspace       used 54080K, capacity 55510K, committed 55640K, reserved 1097728K
  class space    used 7145K, capacity 7468K, committed 7512K, reserved 1048576K
}
Event: 62,919 GC heap before
{Heap before GC invocations=39 (full 7):
 PSYoungGen      total 376832K, used 316088K [0x00000000e0000000, 0x0000000100000000, 0x0000000100000000)
  eden space 240640K, 100% used [0x00000000e0000000,0x00000000eeb00000,0x00000000eeb00000)
  from space 136192K, 55% used [0x00000000eeb00000,0x00000000f34ae2e0,0x00000000f7000000)
  to   space 135168K, 0% used [0x00000000f7c00000,0x00000000f7c00000,0x0000000100000000)
 ParOldGen       total 792064K, used 586786K [0x00000000a0000000, 0x00000000d0580000, 0x00000000e0000000)
  object space 792064K, 74% used [0x00000000a0000000,0x00000000c3d08a48,0x00000000d0580000)
 Metaspace       used 54080K, capacity 55510K, committed 55640K, reserved 1097728K
  class space    used 7145K, capacity 7468K, committed 7512K, reserved 1048576K
Event: 63,103 GC heap after
Heap after GC invocations=39 (full 7):
 PSYoungGen      total 364544K, used 111986K [0x00000000e0000000, 0x0000000100000000, 0x0000000100000000)
  eden space 229376K, 0% used [0x00000000e0000000,0x00000000e0000000,0x00000000ee000000)
  from space 135168K, 82% used [0x00000000f7c00000,0x00000000fe95c8c8,0x0000000100000000)
  to   space 147456K, 0% used [0x00000000ee000000,0x00000000ee000000,0x00000000f7000000)
 ParOldGen       total 792064K, used 586786K [0x00000000a0000000, 0x00000000d0580000, 0x00000000e0000000)
  object space 792064K, 74% used [0x00000000a0000000,0x00000000c3d08a48,0x00000000d0580000)
 Metaspace       used 54080K, capacity 55510K, committed 55640K, reserved 1097728K
  class space    used 7145K, capacity 7468K, committed 7512K, reserved 1048576K
}
Event: 63,737 GC heap before
{Heap before GC invocations=40 (full 7):
 PSYoungGen      total 364544K, used 341362K [0x00000000e0000000, 0x0000000100000000, 0x0000000100000000)
  eden space 229376K, 100% used [0x00000000e0000000,0x00000000ee000000,0x00000000ee000000)
  from space 135168K, 82% used [0x00000000f7c00000,0x00000000fe95c8c8,0x0000000100000000)
  to   space 147456K, 0% used [0x00000000ee000000,0x00000000ee000000,0x00000000f7000000)
 ParOldGen       total 792064K, used 586786K [0x00000000a0000000, 0x00000000d0580000, 0x00000000e0000000)
  object space 792064K, 74% used [0x00000000a0000000,0x00000000c3d08a48,0x00000000d0580000)
 Metaspace       used 54173K, capacity 55586K, committed 55896K, reserved 1097728K
  class space    used 7153K, capacity 7470K, committed 7512K, reserved 1048576K
Event: 63,911 GC heap after
Heap after GC invocations=40 (full 7):
 PSYoungGen      total 374272K, used 144670K [0x00000000e0000000, 0x0000000100000000, 0x0000000100000000)
  eden space 229376K, 0% used [0x00000000e0000000,0x00000000e0000000,0x00000000ee000000)
  from space 144896K, 99% used [0x00000000ee000000,0x00000000f6d47b70,0x00000000f6d80000)
  to   space 150016K, 0% used [0x00000000f6d80000,0x00000000f6d80000,0x0000000100000000)
 ParOldGen       total 792064K, used 586794K [0x00000000a0000000, 0x00000000d0580000, 0x00000000e0000000)
  object space 792064K, 74% used [0x00000000a0000000,0x00000000c3d0aa48,0x00000000d0580000)
 Metaspace       used 54173K, capacity 55586K, committed 55896K, reserved 1097728K
  class space    used 7153K, capacity 7470K, committed 7512K, reserved 1048576K
}
Event: 64,800 GC heap before
{Heap before GC invocations=41 (full 7):
 PSYoungGen      total 374272K, used 374046K [0x00000000e0000000, 0x0000000100000000, 0x0000000100000000)
  eden space 229376K, 100% used [0x00000000e0000000,0x00000000ee000000,0x00000000ee000000)
  from space 144896K, 99% used [0x00000000ee000000,0x00000000f6d47b70,0x00000000f6d80000)
  to   space 150016K, 0% used [0x00000000f6d80000,0x00000000f6d80000,0x0000000100000000)
 ParOldGen       total 792064K, used 586794K [0x00000000a0000000, 0x00000000d0580000, 0x00000000e0000000)
  object space 792064K, 74% used [0x00000000a0000000,0x00000000c3d0aa48,0x00000000d0580000)
 Metaspace       used 54173K, capacity 55586K, committed 55896K, reserved 1097728K
  class space    used 7153K, capacity 7470K, committed 7512K, reserved 1048576K
Event: 65,110 GC heap after
Heap after GC invocations=41 (full 7):
 PSYoungGen      total 325120K, used 149998K [0x00000000e0000000, 0x0000000100000000, 0x0000000100000000)
  eden space 175104K, 0% used [0x00000000e0000000,0x00000000e0000000,0x00000000eab00000)
  from space 150016K, 99% used [0x00000000f6d80000,0x00000000ffffba80,0x0000000100000000)
  to   space 174592K, 0% used [0x00000000eab00000,0x00000000eab00000,0x00000000f5580000)
 ParOldGen       total 792064K, used 647632K [0x00000000a0000000, 0x00000000d0580000, 0x00000000e0000000)
  object space 792064K, 81% used [0x00000000a0000000,0x00000000c7874048,0x00000000d0580000)
 Metaspace       used 54173K, capacity 55586K, committed 55896K, reserved 1097728K
  class space    used 7153K, capacity 7470K, committed 7512K, reserved 1048576K
}
Event: 65,471 GC heap before
{Heap before GC invocations=42 (full 7):
 PSYoungGen      total 325120K, used 325102K [0x00000000e0000000, 0x0000000100000000, 0x0000000100000000)
  eden space 175104K, 100% used [0x00000000e0000000,0x00000000eab00000,0x00000000eab00000)
  from space 150016K, 99% used [0x00000000f6d80000,0x00000000ffffba80,0x0000000100000000)
  to   space 174592K, 0% used [0x00000000eab00000,0x00000000eab00000,0x00000000f5580000)
 ParOldGen       total 792064K, used 647632K [0x00000000a0000000, 0x00000000d0580000, 0x00000000e0000000)
  object space 792064K, 81% used [0x00000000a0000000,0x00000000c7874048,0x00000000d0580000)
 Metaspace       used 54173K, capacity 55586K, committed 55896K, reserved 1097728K
  class space    used 7153K, capacity 7470K, committed 7512K, reserved 1048576K
Event: 65,739 GC heap after
Heap after GC invocations=42 (full 7):
 PSYoungGen      total 349696K, used 174569K [0x00000000e0000000, 0x0000000100000000, 0x0000000100000000)
  eden space 175104K, 0% used [0x00000000e0000000,0x00000000e0000000,0x00000000eab00000)
  from space 174592K, 99% used [0x00000000eab00000,0x00000000f557a698,0x00000000f5580000)
  to   space 174592K, 0% used [0x00000000f5580000,0x00000000f5580000,0x0000000100000000)
 ParOldGen       total 792064K, used 706346K [0x00000000a0000000, 0x00000000d0580000, 0x00000000e0000000)
  object space 792064K, 89% used [0x00000000a0000000,0x00000000cb1cab90,0x00000000d0580000)
 Metaspace       used 54173K, capacity 55586K, committed 55896K, reserved 1097728K
  class space    used 7153K, capacity 7470K, committed 7512K, reserved 1048576K
}
Event: 65,739 GC heap before
{Heap before GC invocations=43 (full 8):
 PSYoungGen      total 349696K, used 174569K [0x00000000e0000000, 0x0000000100000000, 0x0000000100000000)
  eden space 175104K, 0% used [0x00000000e0000000,0x00000000e0000000,0x00000000eab00000)
  from space 174592K, 99% used [0x00000000eab00000,0x00000000f557a698,0x00000000f5580000)
  to   space 174592K, 0% used [0x00000000f5580000,0x00000000f5580000,0x0000000100000000)
 ParOldGen       total 792064K, used 706346K [0x00000000a0000000, 0x00000000d0580000, 0x00000000e0000000)
  object space 792064K, 89% used [0x00000000a0000000,0x00000000cb1cab90,0x00000000d0580000)
 Metaspace       used 54173K, capacity 55586K, committed 55896K, reserved 1097728K
  class space    used 7153K, capacity 7470K, committed 7512K, reserved 1048576K

