# JRE version: Java(TM) SE Runtime Environment (8.0_66-b17) (build 1.8.0_66-b17)
# Java VM: Java HotSpot(TM) 64-Bit Server VM (25.66-b17 mixed mode linux-amd64 compressed oops)
Heap:
 PSYoungGen      total 349696K, used 98555K [0x00000000e0000000, 0x0000000100000000, 0x0000000100000000)
  eden space 175104K, 0% used [0x00000000e0000000,0x00000000e0000000,0x00000000eab00000)
  from space 174592K, 56% used [0x00000000eab00000,0x00000000f0b3ecb8,0x00000000f5580000)
  to   space 174592K, 0% used [0x00000000f5580000,0x00000000f5580000,0x0000000100000000)
 ParOldGen       total 793088K, used 793043K [0x00000000a0000000, 0x00000000d0680000, 0x00000000e0000000)
  object space 793088K, 99% used [0x00000000a0000000,0x00000000d0674c50,0x00000000d0680000)
 Metaspace       used 62198K, capacity 63666K, committed 63872K, reserved 1103872K
  class space    used 8177K, capacity 8531K, committed 8576K, reserved 1048576K
GC Heap History (10 events):
Event: 66,818 GC heap after
Heap after GC invocations=37 (full 8):
 PSYoungGen      total 382976K, used 42241K [0x00000000e0000000, 0x0000000100000000, 0x0000000100000000)
  eden space 241664K, 0% used [0x00000000e0000000,0x00000000e0000000,0x00000000eec00000)
  from space 141312K, 29% used [0x00000000eec00000,0x00000000f1540700,0x00000000f7600000)
  to   space 135680K, 0% used [0x00000000f7b80000,0x00000000f7b80000,0x0000000100000000)
 ParOldGen       total 793088K, used 602474K [0x00000000a0000000, 0x00000000d0680000, 0x00000000e0000000)
  object space 793088K, 75% used [0x00000000a0000000,0x00000000c4c5aa60,0x00000000d0680000)
 Metaspace       used 62142K, capacity 63602K, committed 63872K, reserved 1103872K
  class space    used 8176K, capacity 8531K, committed 8576K, reserved 1048576K
}
Event: 67,394 GC heap before
{Heap before GC invocations=38 (full 8):
 PSYoungGen      total 382976K, used 283905K [0x00000000e0000000, 0x0000000100000000, 0x0000000100000000)
  eden space 241664K, 100% used [0x00000000e0000000,0x00000000eec00000,0x00000000eec00000)
  from space 141312K, 29% used [0x00000000eec00000,0x00000000f1540700,0x00000000f7600000)
  to   space 135680K, 0% used [0x00000000f7b80000,0x00000000f7b80000,0x0000000100000000)
 ParOldGen       total 793088K, used 602474K [0x00000000a0000000, 0x00000000d0680000, 0x00000000e0000000)
  object space 793088K, 75% used [0x00000000a0000000,0x00000000c4c5aa60,0x00000000d0680000)
 Metaspace       used 62142K, capacity 63666K, committed 63872K, reserved 1103872K
  class space    used 8176K, capacity 8531K, committed 8576K, reserved 1048576K
Event: 67,501 GC heap after
Heap after GC invocations=38 (full 8):
 PSYoungGen      total 378368K, used 79541K [0x00000000e0000000, 0x00000000ffb80000, 0x0000000100000000)
  eden space 247296K, 0% used [0x00000000e0000000,0x00000000e0000000,0x00000000ef180000)
  from space 131072K, 60% used [0x00000000f7b80000,0x00000000fc92d570,0x00000000ffb80000)
  to   space 136192K, 0% used [0x00000000ef180000,0x00000000ef180000,0x00000000f7680000)
 ParOldGen       total 793088K, used 602474K [0x00000000a0000000, 0x00000000d0680000, 0x00000000e0000000)
  object space 793088K, 75% used [0x00000000a0000000,0x00000000c4c5aa60,0x00000000d0680000)
 Metaspace       used 62142K, capacity 63666K, committed 63872K, reserved 1103872K
  class space    used 8176K, capacity 8531K, committed 8576K, reserved 1048576K
}
Event: 68,069 GC heap before
{Heap before GC invocations=39 (full 8):
 PSYoungGen      total 378368K, used 326837K [0x00000000e0000000, 0x00000000ffb80000, 0x0000000100000000)
  eden space 247296K, 100% used [0x00000000e0000000,0x00000000ef180000,0x00000000ef180000)
  from space 131072K, 60% used [0x00000000f7b80000,0x00000000fc92d570,0x00000000ffb80000)
  to   space 136192K, 0% used [0x00000000ef180000,0x00000000ef180000,0x00000000f7680000)
 ParOldGen       total 793088K, used 602474K [0x00000000a0000000, 0x00000000d0680000, 0x00000000e0000000)
  object space 793088K, 75% used [0x00000000a0000000,0x00000000c4c5aa60,0x00000000d0680000)
 Metaspace       used 62142K, capacity 63666K, committed 63872K, reserved 1103872K
  class space    used 8176K, capacity 8531K, committed 8576K, reserved 1048576K
Event: 68,227 GC heap after
Heap after GC invocations=39 (full 8):
 PSYoungGen      total 364032K, used 116351K [0x00000000e0000000, 0x0000000100000000, 0x0000000100000000)
  eden space 247296K, 0% used [0x00000000e0000000,0x00000000e0000000,0x00000000ef180000)
  from space 116736K, 99% used [0x00000000ef180000,0x00000000f631fe40,0x00000000f6380000)
  to   space 149504K, 0% used [0x00000000f6e00000,0x00000000f6e00000,0x0000000100000000)
 ParOldGen       total 793088K, used 602474K [0x00000000a0000000, 0x00000000d0680000, 0x00000000e0000000)
  object space 793088K, 75% used [0x00000000a0000000,0x00000000c4c5aa60,0x00000000d0680000)
 Metaspace       used 62142K, capacity 63666K, committed 63872K, reserved 1103872K
  class space    used 8176K, capacity 8531K, committed 8576K, reserved 1048576K
}
Event: 69,476 GC heap before
{Heap before GC invocations=40 (full 8):
 PSYoungGen      total 364032K, used 363647K [0x00000000e0000000, 0x0000000100000000, 0x0000000100000000)
  eden space 247296K, 100% used [0x00000000e0000000,0x00000000ef180000,0x00000000ef180000)
  from space 116736K, 99% used [0x00000000ef180000,0x00000000f631fe40,0x00000000f6380000)
  to   space 149504K, 0% used [0x00000000f6e00000,0x00000000f6e00000,0x0000000100000000)
 ParOldGen       total 793088K, used 602474K [0x00000000a0000000, 0x00000000d0680000, 0x00000000e0000000)
  object space 793088K, 75% used [0x00000000a0000000,0x00000000c4c5aa60,0x00000000d0680000)
 Metaspace       used 62198K, capacity 63666K, committed 63872K, reserved 1103872K
  class space    used 8177K, capacity 8531K, committed 8576K, reserved 1048576K
Event: 69,748 GC heap after
Heap after GC invocations=40 (full 8):
 PSYoungGen      total 324608K, used 149477K [0x00000000e0000000, 0x0000000100000000, 0x0000000100000000)
  eden space 175104K, 0% used [0x00000000e0000000,0x00000000e0000000,0x00000000eab00000)
  from space 149504K, 99% used [0x00000000f6e00000,0x00000000ffff95d0,0x0000000100000000)
  to   space 174592K, 0% used [0x00000000eab00000,0x00000000eab00000,0x00000000f5580000)
 ParOldGen       total 793088K, used 666128K [0x00000000a0000000, 0x00000000d0680000, 0x00000000e0000000)
  object space 793088K, 83% used [0x00000000a0000000,0x00000000c8a840f8,0x00000000d0680000)
 Metaspace       used 62198K, capacity 63666K, committed 63872K, reserved 1103872K
  class space    used 8177K, capacity 8531K, committed 8576K, reserved 1048576K
}
Event: 69,860 GC heap before
{Heap before GC invocations=41 (full 8):
 PSYoungGen      total 324608K, used 324581K [0x00000000e0000000, 0x0000000100000000, 0x0000000100000000)
  eden space 175104K, 100% used [0x00000000e0000000,0x00000000eab00000,0x00000000eab00000)
  from space 149504K, 99% used [0x00000000f6e00000,0x00000000ffff95d0,0x0000000100000000)
  to   space 174592K, 0% used [0x00000000eab00000,0x00000000eab00000,0x00000000f5580000)
 ParOldGen       total 793088K, used 666128K [0x00000000a0000000, 0x00000000d0680000, 0x00000000e0000000)
  object space 793088K, 83% used [0x00000000a0000000,0x00000000c8a840f8,0x00000000d0680000)
 Metaspace       used 62198K, capacity 63666K, committed 63872K, reserved 1103872K
  class space    used 8177K, capacity 8531K, committed 8576K, reserved 1048576K
Event: 70,186 GC heap after
Heap after GC invocations=41 (full 8):
 PSYoungGen      total 349696K, used 174568K [0x00000000e0000000, 0x0000000100000000, 0x0000000100000000)
  eden space 175104K, 0% used [0x00000000e0000000,0x00000000e0000000,0x00000000eab00000)
  from space 174592K, 99% used [0x00000000eab00000,0x00000000f557a160,0x00000000f5580000)
  to   space 174592K, 0% used [0x00000000f5580000,0x00000000f5580000,0x0000000100000000)
 ParOldGen       total 793088K, used 731543K [0x00000000a0000000, 0x00000000d0680000, 0x00000000e0000000)
  object space 793088K, 92% used [0x00000000a0000000,0x00000000cca65eb0,0x00000000d0680000)
 Metaspace       used 62198K, capacity 63666K, committed 63872K, reserved 1103872K
  class space    used 8177K, capacity 8531K, committed 8576K, reserved 1048576K
}
Event: 70,189 GC heap before
{Heap before GC invocations=42 (full 9):
 PSYoungGen      total 349696K, used 174568K [0x00000000e0000000, 0x0000000100000000, 0x0000000100000000)
  eden space 175104K, 0% used [0x00000000e0000000,0x00000000e0000000,0x00000000eab00000)
  from space 174592K, 99% used [0x00000000eab00000,0x00000000f557a160,0x00000000f5580000)
  to   space 174592K, 0% used [0x00000000f5580000,0x00000000f5580000,0x0000000100000000)
 ParOldGen       total 793088K, used 731543K [0x00000000a0000000, 0x00000000d0680000, 0x00000000e0000000)
  object space 793088K, 92% used [0x00000000a0000000,0x00000000cca65eb0,0x00000000d0680000)
 Metaspace       used 62198K, capacity 63666K, committed 63872K, reserved 1103872K
  class space    used 8177K, capacity 8531K, committed 8576K, reserved 1048576K

