# JRE version: Java(TM) SE Runtime Environment (8.0_66-b17) (build 1.8.0_66-b17)
# Java VM: Java HotSpot(TM) 64-Bit Server VM (25.66-b17 mixed mode linux-amd64 compressed oops)
Heap:
 PSYoungGen      total 349696K, used 69769K [0x00000000e0000000, 0x0000000100000000, 0x0000000100000000)
  eden space 175104K, 0% used [0x00000000e0000000,0x00000000e0000000,0x00000000eab00000)
  from space 174592K, 39% used [0x00000000eab00000,0x00000000eef22608,0x00000000f5580000)
  to   space 174592K, 0% used [0x00000000f5580000,0x00000000f5580000,0x0000000100000000)
 ParOldGen       total 769536K, used 769181K [0x00000000a0000000, 0x00000000cef80000, 0x00000000e0000000)
  object space 769536K, 99% used [0x00000000a0000000,0x00000000cef275e8,0x00000000cef80000)
 Metaspace       used 71270K, capacity 73140K, committed 73216K, reserved 1114112K
  class space    used 9049K, capacity 9428K, committed 9472K, reserved 1048576K
GC Heap History (10 events):
Event: 212,121 GC heap after
Heap after GC invocations=54 (full 9):
 PSYoungGen      total 325632K, used 83509K [0x00000000e0000000, 0x0000000100000000, 0x0000000100000000)
  eden space 241664K, 0% used [0x00000000e0000000,0x00000000e0000000,0x00000000eec00000)
  from space 83968K, 99% used [0x00000000eec00000,0x00000000f3d8d638,0x00000000f3e00000)
  to   space 142336K, 0% used [0x00000000f7500000,0x00000000f7500000,0x0000000100000000)
 ParOldGen       total 769536K, used 571356K [0x00000000a0000000, 0x00000000cef80000, 0x00000000e0000000)
  object space 769536K, 74% used [0x00000000a0000000,0x00000000c2df72b8,0x00000000cef80000)
 Metaspace       used 71214K, capacity 73076K, committed 73216K, reserved 1114112K
  class space    used 9048K, capacity 9428K, committed 9472K, reserved 1048576K
}
Event: 212,726 GC heap before
{Heap before GC invocations=55 (full 9):
 PSYoungGen      total 325632K, used 325173K [0x00000000e0000000, 0x0000000100000000, 0x0000000100000000)
  eden space 241664K, 100% used [0x00000000e0000000,0x00000000eec00000,0x00000000eec00000)
  from space 83968K, 99% used [0x00000000eec00000,0x00000000f3d8d638,0x00000000f3e00000)
  to   space 142336K, 0% used [0x00000000f7500000,0x00000000f7500000,0x0000000100000000)
 ParOldGen       total 769536K, used 571356K [0x00000000a0000000, 0x00000000cef80000, 0x00000000e0000000)
  object space 769536K, 74% used [0x00000000a0000000,0x00000000c2df72b8,0x00000000cef80000)
 Metaspace       used 71214K, capacity 73076K, committed 73216K, reserved 1114112K
  class space    used 9048K, capacity 9428K, committed 9472K, reserved 1048576K
Event: 212,870 GC heap after
Heap after GC invocations=55 (full 9):
 PSYoungGen      total 360448K, used 112302K [0x00000000e0000000, 0x0000000100000000, 0x0000000100000000)
  eden space 218112K, 0% used [0x00000000e0000000,0x00000000e0000000,0x00000000ed500000)
  from space 142336K, 78% used [0x00000000f7500000,0x00000000fe2aba38,0x0000000100000000)
  to   space 153088K, 0% used [0x00000000ed500000,0x00000000ed500000,0x00000000f6a80000)
 ParOldGen       total 769536K, used 571356K [0x00000000a0000000, 0x00000000cef80000, 0x00000000e0000000)
  object space 769536K, 74% used [0x00000000a0000000,0x00000000c2df72b8,0x00000000cef80000)
 Metaspace       used 71214K, capacity 73076K, committed 73216K, reserved 1114112K
  class space    used 9048K, capacity 9428K, committed 9472K, reserved 1048576K
}
Event: 213,443 GC heap before
{Heap before GC invocations=56 (full 9):
 PSYoungGen      total 360448K, used 330414K [0x00000000e0000000, 0x0000000100000000, 0x0000000100000000)
  eden space 218112K, 100% used [0x00000000e0000000,0x00000000ed500000,0x00000000ed500000)
  from space 142336K, 78% used [0x00000000f7500000,0x00000000fe2aba38,0x0000000100000000)
  to   space 153088K, 0% used [0x00000000ed500000,0x00000000ed500000,0x00000000f6a80000)
 ParOldGen       total 769536K, used 571356K [0x00000000a0000000, 0x00000000cef80000, 0x00000000e0000000)
  object space 769536K, 74% used [0x00000000a0000000,0x00000000c2df72b8,0x00000000cef80000)
 Metaspace       used 71215K, capacity 73076K, committed 73216K, reserved 1114112K
  class space    used 9048K, capacity 9428K, committed 9472K, reserved 1048576K
Event: 213,604 GC heap after
Heap after GC invocations=56 (full 9):
 PSYoungGen      total 363008K, used 144655K [0x00000000e0000000, 0x0000000100000000, 0x0000000100000000)
  eden space 218112K, 0% used [0x00000000e0000000,0x00000000e0000000,0x00000000ed500000)
  from space 144896K, 99% used [0x00000000ed500000,0x00000000f6243fa0,0x00000000f6280000)
  to   space 161280K, 0% used [0x00000000f6280000,0x00000000f6280000,0x0000000100000000)
 ParOldGen       total 769536K, used 571356K [0x00000000a0000000, 0x00000000cef80000, 0x00000000e0000000)
  object space 769536K, 74% used [0x00000000a0000000,0x00000000c2df72b8,0x00000000cef80000)
 Metaspace       used 71215K, capacity 73076K, committed 73216K, reserved 1114112K
  class space    used 9048K, capacity 9428K, committed 9472K, reserved 1048576K
}
Event: 214,467 GC heap before
{Heap before GC invocations=57 (full 9):
 PSYoungGen      total 363008K, used 362767K [0x00000000e0000000, 0x0000000100000000, 0x0000000100000000)
  eden space 218112K, 100% used [0x00000000e0000000,0x00000000ed500000,0x00000000ed500000)
  from space 144896K, 99% used [0x00000000ed500000,0x00000000f6243fa0,0x00000000f6280000)
  to   space 161280K, 0% used [0x00000000f6280000,0x00000000f6280000,0x0000000100000000)
 ParOldGen       total 769536K, used 571356K [0x00000000a0000000, 0x00000000cef80000, 0x00000000e0000000)
  object space 769536K, 74% used [0x00000000a0000000,0x00000000c2df72b8,0x00000000cef80000)
 Metaspace       used 71270K, capacity 73140K, committed 73216K, reserved 1114112K
  class space    used 9049K, capacity 9428K, committed 9472K, reserved 1048576K
Event: 214,764 GC heap after
Heap after GC invocations=57 (full 9):
 PSYoungGen      total 336384K, used 161276K [0x00000000e0000000, 0x0000000100000000, 0x0000000100000000)
  eden space 175104K, 0% used [0x00000000e0000000,0x00000000e0000000,0x00000000eab00000)
  from space 161280K, 99% used [0x00000000f6280000,0x00000000fffff2e8,0x0000000100000000)
  to   space 174592K, 0% used [0x00000000eab00000,0x00000000eab00000,0x00000000f5580000)
 ParOldGen       total 769536K, used 602690K [0x00000000a0000000, 0x00000000cef80000, 0x00000000e0000000)
  object space 769536K, 78% used [0x00000000a0000000,0x00000000c4c90b98,0x00000000cef80000)
 Metaspace       used 71270K, capacity 73140K, committed 73216K, reserved 1114112K
  class space    used 9049K, capacity 9428K, committed 9472K, reserved 1048576K
}
Event: 215,364 GC heap before
{Heap before GC invocations=58 (full 9):
 PSYoungGen      total 336384K, used 336380K [0x00000000e0000000, 0x0000000100000000, 0x0000000100000000)
  eden space 175104K, 100% used [0x00000000e0000000,0x00000000eab00000,0x00000000eab00000)
  from space 161280K, 99% used [0x00000000f6280000,0x00000000fffff2e8,0x0000000100000000)
  to   space 174592K, 0% used [0x00000000eab00000,0x00000000eab00000,0x00000000f5580000)
 ParOldGen       total 769536K, used 602690K [0x00000000a0000000, 0x00000000cef80000, 0x00000000e0000000)
  object space 769536K, 78% used [0x00000000a0000000,0x00000000c4c90b98,0x00000000cef80000)
 Metaspace       used 71270K, capacity 73140K, committed 73216K, reserved 1114112K
  class space    used 9049K, capacity 9428K, committed 9472K, reserved 1048576K
Event: 215,629 GC heap after
Heap after GC invocations=58 (full 9):
 PSYoungGen      total 349696K, used 174562K [0x00000000e0000000, 0x0000000100000000, 0x0000000100000000)
  eden space 175104K, 0% used [0x00000000e0000000,0x00000000e0000000,0x00000000eab00000)
  from space 174592K, 99% used [0x00000000eab00000,0x00000000f5578bc0,0x00000000f5580000)
  to   space 174592K, 0% used [0x00000000f5580000,0x00000000f5580000,0x0000000100000000)
 ParOldGen       total 769536K, used 683530K [0x00000000a0000000, 0x00000000cef80000, 0x00000000e0000000)
  object space 769536K, 88% used [0x00000000a0000000,0x00000000c9b828d8,0x00000000cef80000)
 Metaspace       used 71270K, capacity 73140K, committed 73216K, reserved 1114112K
  class space    used 9049K, capacity 9428K, committed 9472K, reserved 1048576K
}
Event: 215,629 GC heap before
{Heap before GC invocations=59 (full 10):
 PSYoungGen      total 349696K, used 174562K [0x00000000e0000000, 0x0000000100000000, 0x0000000100000000)
  eden space 175104K, 0% used [0x00000000e0000000,0x00000000e0000000,0x00000000eab00000)
  from space 174592K, 99% used [0x00000000eab00000,0x00000000f5578bc0,0x00000000f5580000)
  to   space 174592K, 0% used [0x00000000f5580000,0x00000000f5580000,0x0000000100000000)
 ParOldGen       total 769536K, used 683530K [0x00000000a0000000, 0x00000000cef80000, 0x00000000e0000000)
  object space 769536K, 88% used [0x00000000a0000000,0x00000000c9b828d8,0x00000000cef80000)
 Metaspace       used 71270K, capacity 73140K, committed 73216K, reserved 1114112K
  class space    used 9049K, capacity 9428K, committed 9472K, reserved 1048576K

