# JRE version: Java(TM) SE Runtime Environment (8.0_66-b17) (build 1.8.0_66-b17)
# Java VM: Java HotSpot(TM) 64-Bit Server VM (25.66-b17 mixed mode linux-amd64 compressed oops)
Heap:
 PSYoungGen      total 755712K, used 12414K [0x000000076ab00000, 0x00000007ab080000, 0x00000007c0000000)
  eden space 547840K, 0% used [0x000000076ab00000,0x000000076ab00000,0x000000078c200000)
  from space 207872K, 5% used [0x000000078c200000,0x000000078ce1fb48,0x0000000798d00000)
  to   space 219648K, 0% used [0x000000079da00000,0x000000079da00000,0x00000007ab080000)
 ParOldGen       total 807424K, used 807291K [0x00000006c0000000, 0x00000006f1480000, 0x000000076ab00000)
  object space 807424K, 99% used [0x00000006c0000000,0x00000006f145efa0,0x00000006f1480000)
 Metaspace       used 6966K, capacity 7608K, committed 7936K, reserved 1056768K
  class space    used 637K, capacity 688K, committed 768K, reserved 1048576K
GC Heap History (10 events):
Event: 29,202 GC heap after
Heap after GC invocations=19 (full 4):
 PSYoungGen      total 638464K, used 0K [0x000000076ab00000, 0x00000007a0d00000, 0x00000007c0000000)
  eden space 517632K, 0% used [0x000000076ab00000,0x000000076ab00000,0x000000078a480000)
  from space 120832K, 0% used [0x0000000793f80000,0x0000000793f80000,0x000000079b580000)
  to   space 158720K, 48% used [0x000000078a480000,0x000000078ef0f698,0x0000000793f80000)
 ParOldGen       total 619008K, used 428420K [0x00000006c0000000, 0x00000006e5c80000, 0x000000076ab00000)
  object space 619008K, 69% used [0x00000006c0000000,0x00000006da261318,0x00000006e5c80000)
 Metaspace       used 6614K, capacity 7320K, committed 7680K, reserved 1056768K
  class space    used 617K, capacity 656K, committed 768K, reserved 1048576K
}
Event: 31,438 GC heap before
{Heap before GC invocations=20 (full 5):
 PSYoungGen      total 638464K, used 517632K [0x000000076ab00000, 0x00000007a0d00000, 0x00000007c0000000)
  eden space 517632K, 100% used [0x000000076ab00000,0x000000078a480000,0x000000078a480000)
  from space 120832K, 0% used [0x0000000793f80000,0x0000000793f80000,0x000000079b580000)
  to   space 158720K, 48% used [0x000000078a480000,0x000000078ef0f698,0x0000000793f80000)
 ParOldGen       total 619008K, used 428420K [0x00000006c0000000, 0x00000006e5c80000, 0x000000076ab00000)
  object space 619008K, 69% used [0x00000006c0000000,0x00000006da261318,0x00000006e5c80000)
 Metaspace       used 6615K, capacity 7320K, committed 7680K, reserved 1056768K
  class space    used 617K, capacity 656K, committed 768K, reserved 1048576K
Event: 33,422 GC heap after
Heap after GC invocations=20 (full 5):
 PSYoungGen      total 638464K, used 0K [0x000000076ab00000, 0x00000007a0d00000, 0x00000007c0000000)
  eden space 517632K, 0% used [0x000000076ab00000,0x000000076ab00000,0x000000078a480000)
  from space 120832K, 0% used [0x0000000793f80000,0x0000000793f80000,0x000000079b580000)
  to   space 158720K, 0% used [0x000000078a480000,0x000000078a480000,0x0000000793f80000)
 ParOldGen       total 807424K, used 580476K [0x00000006c0000000, 0x00000006f1480000, 0x000000076ab00000)
  object space 807424K, 71% used [0x00000006c0000000,0x00000006e36df118,0x00000006f1480000)
 Metaspace       used 6615K, capacity 7320K, committed 7680K, reserved 1056768K
  class space    used 617K, capacity 656K, committed 768K, reserved 1048576K
}
Event: 35,614 GC heap before
{Heap before GC invocations=21 (full 5):
 PSYoungGen      total 638464K, used 517632K [0x000000076ab00000, 0x00000007a0d00000, 0x00000007c0000000)
  eden space 517632K, 100% used [0x000000076ab00000,0x000000078a480000,0x000000078a480000)
  from space 120832K, 0% used [0x0000000793f80000,0x0000000793f80000,0x000000079b580000)
  to   space 158720K, 0% used [0x000000078a480000,0x000000078a480000,0x0000000793f80000)
 ParOldGen       total 807424K, used 580476K [0x00000006c0000000, 0x00000006f1480000, 0x000000076ab00000)
  object space 807424K, 71% used [0x00000006c0000000,0x00000006e36df118,0x00000006f1480000)
 Metaspace       used 6625K, capacity 7320K, committed 7680K, reserved 1056768K
  class space    used 618K, capacity 656K, committed 768K, reserved 1048576K
Event: 35,738 GC heap after
Heap after GC invocations=21 (full 5):
 PSYoungGen      total 676352K, used 80602K [0x000000076ab00000, 0x00000007a2680000, 0x00000007c0000000)
  eden space 517632K, 0% used [0x000000076ab00000,0x000000076ab00000,0x000000078a480000)
  from space 158720K, 50% used [0x000000078a480000,0x000000078f336b30,0x0000000793f80000)
  to   space 157184K, 0% used [0x0000000798d00000,0x0000000798d00000,0x00000007a2680000)
 ParOldGen       total 807424K, used 580484K [0x00000006c0000000, 0x00000006f1480000, 0x000000076ab00000)
  object space 807424K, 71% used [0x00000006c0000000,0x00000006e36e1118,0x00000006f1480000)
 Metaspace       used 6625K, capacity 7320K, committed 7680K, reserved 1056768K
  class space    used 618K, capacity 656K, committed 768K, reserved 1048576K
}
Event: 39,021 GC heap before
{Heap before GC invocations=22 (full 5):
 PSYoungGen      total 676352K, used 598234K [0x000000076ab00000, 0x00000007a2680000, 0x00000007c0000000)
  eden space 517632K, 100% used [0x000000076ab00000,0x000000078a480000,0x000000078a480000)
  from space 158720K, 50% used [0x000000078a480000,0x000000078f336b30,0x0000000793f80000)
  to   space 157184K, 0% used [0x0000000798d00000,0x0000000798d00000,0x00000007a2680000)
 ParOldGen       total 807424K, used 580484K [0x00000006c0000000, 0x00000006f1480000, 0x000000076ab00000)
  object space 807424K, 71% used [0x00000006c0000000,0x00000006e36e1118,0x00000006f1480000)
 Metaspace       used 6752K, capacity 7384K, committed 7680K, reserved 1056768K
  class space    used 625K, capacity 656K, committed 768K, reserved 1048576K
Event: 39,395 GC heap after
Heap after GC invocations=22 (full 5):
 PSYoungGen      total 705024K, used 157166K [0x000000076ab00000, 0x00000007a6f80000, 0x00000007c0000000)
  eden space 547840K, 0% used [0x000000076ab00000,0x000000076ab00000,0x000000078c200000)
  from space 157184K, 99% used [0x0000000798d00000,0x00000007a267bba0,0x00000007a2680000)
  to   space 207872K, 0% used [0x000000078c200000,0x000000078c200000,0x0000000798d00000)
 ParOldGen       total 807424K, used 644837K [0x00000006c0000000, 0x00000006f1480000, 0x000000076ab00000)
  object space 807424K, 79% used [0x00000006c0000000,0x00000006e75b9458,0x00000006f1480000)
 Metaspace       used 6752K, capacity 7384K, committed 7680K, reserved 1056768K
  class space    used 625K, capacity 656K, committed 768K, reserved 1048576K
}
Event: 41,376 GC heap before
{Heap before GC invocations=23 (full 5):
 PSYoungGen      total 705024K, used 705006K [0x000000076ab00000, 0x00000007a6f80000, 0x00000007c0000000)
  eden space 547840K, 100% used [0x000000076ab00000,0x000000078c200000,0x000000078c200000)
  from space 157184K, 99% used [0x0000000798d00000,0x00000007a267bba0,0x00000007a2680000)
  to   space 207872K, 0% used [0x000000078c200000,0x000000078c200000,0x0000000798d00000)
 ParOldGen       total 807424K, used 644837K [0x00000006c0000000, 0x00000006f1480000, 0x000000076ab00000)
  object space 807424K, 79% used [0x00000006c0000000,0x00000006e75b9458,0x00000006f1480000)
 Metaspace       used 6966K, capacity 7608K, committed 7936K, reserved 1056768K
  class space    used 637K, capacity 688K, committed 768K, reserved 1048576K
Event: 41,862 GC heap after
Heap after GC invocations=23 (full 5):
 PSYoungGen      total 755712K, used 142335K [0x000000076ab00000, 0x00000007ab080000, 0x00000007c0000000)
  eden space 547840K, 0% used [0x000000076ab00000,0x000000076ab00000,0x000000078c200000)
  from space 207872K, 68% used [0x000000078c200000,0x0000000794cfff00,0x0000000798d00000)
  to   space 219648K, 0% used [0x000000079da00000,0x000000079da00000,0x00000007ab080000)
 ParOldGen       total 807424K, used 750289K [0x00000006c0000000, 0x00000006f1480000, 0x000000076ab00000)
  object space 807424K, 92% used [0x00000006c0000000,0x00000006edcb4748,0x00000006f1480000)
 Metaspace       used 6966K, capacity 7608K, committed 7936K, reserved 1056768K
  class space    used 637K, capacity 688K, committed 768K, reserved 1048576K
}
Event: 41,862 GC heap before
{Heap before GC invocations=24 (full 6):
 PSYoungGen      total 755712K, used 142335K [0x000000076ab00000, 0x00000007ab080000, 0x00000007c0000000)
  eden space 547840K, 0% used [0x000000076ab00000,0x000000076ab00000,0x000000078c200000)
  from space 207872K, 68% used [0x000000078c200000,0x0000000794cfff00,0x0000000798d00000)
  to   space 219648K, 0% used [0x000000079da00000,0x000000079da00000,0x00000007ab080000)
 ParOldGen       total 807424K, used 750289K [0x00000006c0000000, 0x00000006f1480000, 0x000000076ab00000)
  object space 807424K, 92% used [0x00000006c0000000,0x00000006edcb4748,0x00000006f1480000)
 Metaspace       used 6966K, capacity 7608K, committed 7936K, reserved 1056768K
  class space    used 637K, capacity 688K, committed 768K, reserved 1048576K

