# JRE version: Java(TM) SE Runtime Environment (8.0_66-b17) (build 1.8.0_66-b17)
# Java VM: Java HotSpot(TM) 64-Bit Server VM (25.66-b17 mixed mode linux-amd64 compressed oops)
Heap:
 PSYoungGen      total 780800K, used 214849K [0x000000076ab00000, 0x00000007bc480000, 0x00000007c0000000)
  eden space 547328K, 0% used [0x000000076ab00000,0x000000076ab00000,0x000000078c180000)
  from space 233472K, 92% used [0x00000007a0e80000,0x00000007ae050568,0x00000007af280000)
  to   space 340992K, 0% used [0x000000078c180000,0x000000078c180000,0x00000007a0e80000)
 ParOldGen       total 668672K, used 668419K [0x00000006c0000000, 0x00000006e8d00000, 0x000000076ab00000)
  object space 668672K, 99% used [0x00000006c0000000,0x00000006e8cc0cc0,0x00000006e8d00000)
 Metaspace       used 6900K, capacity 7608K, committed 7936K, reserved 1056768K
  class space    used 633K, capacity 688K, committed 768K, reserved 1048576K
GC Heap History (10 events):
Event: 17,285 GC heap after
Heap after GC invocations=18 (full 3):
 PSYoungGen      total 675840K, used 79412K [0x000000076ab00000, 0x00000007a3480000, 0x00000007c0000000)
  eden space 514048K, 0% used [0x000000076ab00000,0x000000076ab00000,0x000000078a100000)
  from space 161792K, 49% used [0x000000078a100000,0x000000078ee8d2b8,0x0000000793f00000)
  to   space 159744K, 0% used [0x0000000799880000,0x0000000799880000,0x00000007a3480000)
 ParOldGen       total 433664K, used 432886K [0x00000006c0000000, 0x00000006da780000, 0x000000076ab00000)
  object space 433664K, 99% used [0x00000006c0000000,0x00000006da6bdaf8,0x00000006da780000)
 Metaspace       used 6604K, capacity 7320K, committed 7680K, reserved 1056768K
  class space    used 615K, capacity 656K, committed 768K, reserved 1048576K
}
Event: 17,285 GC heap before
{Heap before GC invocations=19 (full 4):
 PSYoungGen      total 675840K, used 79412K [0x000000076ab00000, 0x00000007a3480000, 0x00000007c0000000)
  eden space 514048K, 0% used [0x000000076ab00000,0x000000076ab00000,0x000000078a100000)
  from space 161792K, 49% used [0x000000078a100000,0x000000078ee8d2b8,0x0000000793f00000)
  to   space 159744K, 0% used [0x0000000799880000,0x0000000799880000,0x00000007a3480000)
 ParOldGen       total 433664K, used 432886K [0x00000006c0000000, 0x00000006da780000, 0x000000076ab00000)
  object space 433664K, 99% used [0x00000006c0000000,0x00000006da6bdaf8,0x00000006da780000)
 Metaspace       used 6604K, capacity 7320K, committed 7680K, reserved 1056768K
  class space    used 615K, capacity 656K, committed 768K, reserved 1048576K
Event: 20,263 GC heap after
Heap after GC invocations=19 (full 4):
 PSYoungGen      total 675840K, used 68730K [0x000000076ab00000, 0x00000007a3480000, 0x00000007c0000000)
  eden space 514048K, 0% used [0x000000076ab00000,0x000000076ab00000,0x000000078a100000)
  from space 161792K, 42% used [0x000000078a100000,0x000000078e41ea20,0x0000000793f00000)
  to   space 159744K, 0% used [0x0000000799880000,0x0000000799880000,0x00000007a3480000)
 ParOldGen       total 664576K, used 433195K [0x00000006c0000000, 0x00000006e8900000, 0x000000076ab00000)
  object space 664576K, 65% used [0x00000006c0000000,0x00000006da70acb0,0x00000006e8900000)
 Metaspace       used 6604K, capacity 7320K, committed 7680K, reserved 1056768K
  class space    used 615K, capacity 656K, committed 768K, reserved 1048576K
}
Event: 21,787 GC heap before
{Heap before GC invocations=20 (full 4):
 PSYoungGen      total 675840K, used 582778K [0x000000076ab00000, 0x00000007a3480000, 0x00000007c0000000)
  eden space 514048K, 100% used [0x000000076ab00000,0x000000078a100000,0x000000078a100000)
  from space 161792K, 42% used [0x000000078a100000,0x000000078e41ea20,0x0000000793f00000)
  to   space 159744K, 0% used [0x0000000799880000,0x0000000799880000,0x00000007a3480000)
 ParOldGen       total 664576K, used 433195K [0x00000006c0000000, 0x00000006e8900000, 0x000000076ab00000)
  object space 664576K, 65% used [0x00000006c0000000,0x00000006da70acb0,0x00000006e8900000)
 Metaspace       used 6605K, capacity 7320K, committed 7680K, reserved 1056768K
  class space    used 615K, capacity 656K, committed 768K, reserved 1048576K
Event: 22,193 GC heap after
Heap after GC invocations=20 (full 4):
 PSYoungGen      total 744448K, used 148521K [0x000000076ab00000, 0x00000007a5a80000, 0x00000007c0000000)
  eden space 584704K, 0% used [0x000000076ab00000,0x000000076ab00000,0x000000078e600000)
  from space 159744K, 92% used [0x0000000799880000,0x00000007a298a498,0x00000007a3480000)
  to   space 182784K, 0% used [0x000000078e600000,0x000000078e600000,0x0000000799880000)
 ParOldGen       total 664576K, used 433195K [0x00000006c0000000, 0x00000006e8900000, 0x000000076ab00000)
  object space 664576K, 65% used [0x00000006c0000000,0x00000006da70acb0,0x00000006e8900000)
 Metaspace       used 6605K, capacity 7320K, committed 7680K, reserved 1056768K
  class space    used 615K, capacity 656K, committed 768K, reserved 1048576K
}
Event: 24,214 GC heap before
{Heap before GC invocations=21 (full 4):
 PSYoungGen      total 744448K, used 733225K [0x000000076ab00000, 0x00000007a5a80000, 0x00000007c0000000)
  eden space 584704K, 100% used [0x000000076ab00000,0x000000078e600000,0x000000078e600000)
  from space 159744K, 92% used [0x0000000799880000,0x00000007a298a498,0x00000007a3480000)
  to   space 182784K, 0% used [0x000000078e600000,0x000000078e600000,0x0000000799880000)
 ParOldGen       total 664576K, used 433195K [0x00000006c0000000, 0x00000006e8900000, 0x000000076ab00000)
  object space 664576K, 65% used [0x00000006c0000000,0x00000006da70acb0,0x00000006e8900000)
 Metaspace       used 6616K, capacity 7320K, committed 7680K, reserved 1056768K
  class space    used 616K, capacity 656K, committed 768K, reserved 1048576K
Event: 24,560 GC heap after
Heap after GC invocations=21 (full 4):
 PSYoungGen      total 767488K, used 182774K [0x000000076ab00000, 0x00000007af280000, 0x00000007c0000000)
  eden space 584704K, 0% used [0x000000076ab00000,0x000000076ab00000,0x000000078e600000)
  from space 182784K, 99% used [0x000000078e600000,0x000000079987dad0,0x0000000799880000)
  to   space 233472K, 0% used [0x00000007a0e80000,0x00000007a0e80000,0x00000007af280000)
 ParOldGen       total 664576K, used 486413K [0x00000006c0000000, 0x00000006e8900000, 0x000000076ab00000)
  object space 664576K, 73% used [0x00000006c0000000,0x00000006ddb037e8,0x00000006e8900000)
 Metaspace       used 6616K, capacity 7320K, committed 7680K, reserved 1056768K
  class space    used 616K, capacity 656K, committed 768K, reserved 1048576K
}
Event: 28,233 GC heap before
{Heap before GC invocations=22 (full 4):
 PSYoungGen      total 767488K, used 767478K [0x000000076ab00000, 0x00000007af280000, 0x00000007c0000000)
  eden space 584704K, 100% used [0x000000076ab00000,0x000000078e600000,0x000000078e600000)
  from space 182784K, 99% used [0x000000078e600000,0x000000079987dad0,0x0000000799880000)
  to   space 233472K, 0% used [0x00000007a0e80000,0x00000007a0e80000,0x00000007af280000)
 ParOldGen       total 664576K, used 486413K [0x00000006c0000000, 0x00000006e8900000, 0x000000076ab00000)
  object space 664576K, 73% used [0x00000006c0000000,0x00000006ddb037e8,0x00000006e8900000)
 Metaspace       used 6900K, capacity 7608K, committed 7936K, reserved 1056768K
  class space    used 633K, capacity 688K, committed 768K, reserved 1048576K
Event: 28,698 GC heap after
Heap after GC invocations=22 (full 4):
 PSYoungGen      total 780800K, used 233461K [0x000000076ab00000, 0x00000007bc480000, 0x00000007c0000000)
  eden space 547328K, 0% used [0x000000076ab00000,0x000000076ab00000,0x000000078c180000)
  from space 233472K, 99% used [0x00000007a0e80000,0x00000007af27d730,0x00000007af280000)
  to   space 340992K, 0% used [0x000000078c180000,0x000000078c180000,0x00000007a0e80000)
 ParOldGen       total 668672K, used 668583K [0x00000006c0000000, 0x00000006e8d00000, 0x000000076ab00000)
  object space 668672K, 99% used [0x00000006c0000000,0x00000006e8ce9f48,0x00000006e8d00000)
 Metaspace       used 6900K, capacity 7608K, committed 7936K, reserved 1056768K
  class space    used 633K, capacity 688K, committed 768K, reserved 1048576K
}
Event: 28,698 GC heap before
{Heap before GC invocations=23 (full 5):
 PSYoungGen      total 780800K, used 233461K [0x000000076ab00000, 0x00000007bc480000, 0x00000007c0000000)
  eden space 547328K, 0% used [0x000000076ab00000,0x000000076ab00000,0x000000078c180000)
  from space 233472K, 99% used [0x00000007a0e80000,0x00000007af27d730,0x00000007af280000)
  to   space 340992K, 0% used [0x000000078c180000,0x000000078c180000,0x00000007a0e80000)
 ParOldGen       total 668672K, used 668583K [0x00000006c0000000, 0x00000006e8d00000, 0x000000076ab00000)
  object space 668672K, 99% used [0x00000006c0000000,0x00000006e8ce9f48,0x00000006e8d00000)
 Metaspace       used 6900K, capacity 7608K, committed 7936K, reserved 1056768K
  class space    used 633K, capacity 688K, committed 768K, reserved 1048576K

