# JRE version: Java(TM) SE Runtime Environment (8.0_66-b17) (build 1.8.0_66-b17)
# Java VM: Java HotSpot(TM) 64-Bit Server VM (25.66-b17 mixed mode linux-amd64 compressed oops)
Heap:
 PSYoungGen      total 670720K, used 73466K [0x000000076ab00000, 0x00000007a3900000, 0x00000007c0000000)
  eden space 544256K, 0% used [0x000000076ab00000,0x000000076ab00000,0x000000078be80000)
  from space 126464K, 58% used [0x0000000796000000,0x000000079a7bebd0,0x000000079db80000)
  to   space 165376K, 0% used [0x000000078be80000,0x000000078be80000,0x0000000796000000)
 ParOldGen       total 356864K, used 356630K [0x00000006c0000000, 0x00000006d5c80000, 0x000000076ab00000)
  object space 356864K, 99% used [0x00000006c0000000,0x00000006d5c45888,0x00000006d5c80000)
 Metaspace       used 6591K, capacity 7320K, committed 7680K, reserved 1056768K
  class space    used 615K, capacity 656K, committed 768K, reserved 1048576K
GC Heap History (10 events):
Event: 13,685 GC heap after
Heap after GC invocations=13 (full 2):
 PSYoungGen      total 522752K, used 57699K [0x000000076ab00000, 0x0000000795c00000, 0x00000007c0000000)
  eden space 437248K, 0% used [0x000000076ab00000,0x000000076ab00000,0x0000000785600000)
  from space 85504K, 67% used [0x0000000785600000,0x0000000788e58e38,0x000000078a980000)
  to   space 90624K, 0% used [0x0000000790380000,0x0000000790380000,0x0000000795c00000)
 ParOldGen       total 219648K, used 181285K [0x00000006c0000000, 0x00000006cd680000, 0x000000076ab00000)
  object space 219648K, 82% used [0x00000006c0000000,0x00000006cb1096f8,0x00000006cd680000)
 Metaspace       used 6572K, capacity 7320K, committed 7680K, reserved 1056768K
  class space    used 614K, capacity 656K, committed 768K, reserved 1048576K
}
Event: 13,686 GC heap before
{Heap before GC invocations=14 (full 3):
 PSYoungGen      total 522752K, used 57699K [0x000000076ab00000, 0x0000000795c00000, 0x00000007c0000000)
  eden space 437248K, 0% used [0x000000076ab00000,0x000000076ab00000,0x0000000785600000)
  from space 85504K, 67% used [0x0000000785600000,0x0000000788e58e38,0x000000078a980000)
  to   space 90624K, 0% used [0x0000000790380000,0x0000000790380000,0x0000000795c00000)
 ParOldGen       total 219648K, used 181285K [0x00000006c0000000, 0x00000006cd680000, 0x000000076ab00000)
  object space 219648K, 82% used [0x00000006c0000000,0x00000006cb1096f8,0x00000006cd680000)
 Metaspace       used 6572K, capacity 7320K, committed 7680K, reserved 1056768K
  class space    used 614K, capacity 656K, committed 768K, reserved 1048576K
Event: 15,110 GC heap after
Heap after GC invocations=14 (full 3):
 PSYoungGen      total 522752K, used 13446K [0x000000076ab00000, 0x0000000795c00000, 0x00000007c0000000)
  eden space 437248K, 0% used [0x000000076ab00000,0x000000076ab00000,0x0000000785600000)
  from space 85504K, 15% used [0x0000000785600000,0x0000000786321b90,0x000000078a980000)
  to   space 90624K, 0% used [0x0000000790380000,0x0000000790380000,0x0000000795c00000)
 ParOldGen       total 356864K, used 219559K [0x00000006c0000000, 0x00000006d5c80000, 0x000000076ab00000)
  object space 356864K, 61% used [0x00000006c0000000,0x00000006cd669f58,0x00000006d5c80000)
 Metaspace       used 6572K, capacity 7320K, committed 7680K, reserved 1056768K
  class space    used 614K, capacity 656K, committed 768K, reserved 1048576K
}
Event: 16,954 GC heap before
{Heap before GC invocations=15 (full 3):
 PSYoungGen      total 522752K, used 450694K [0x000000076ab00000, 0x0000000795c00000, 0x00000007c0000000)
  eden space 437248K, 100% used [0x000000076ab00000,0x0000000785600000,0x0000000785600000)
  from space 85504K, 15% used [0x0000000785600000,0x0000000786321b90,0x000000078a980000)
  to   space 90624K, 0% used [0x0000000790380000,0x0000000790380000,0x0000000795c00000)
 ParOldGen       total 356864K, used 219559K [0x00000006c0000000, 0x00000006d5c80000, 0x000000076ab00000)
  object space 356864K, 61% used [0x00000006c0000000,0x00000006cd669f58,0x00000006d5c80000)
 Metaspace       used 6579K, capacity 7320K, committed 7680K, reserved 1056768K
  class space    used 614K, capacity 656K, committed 768K, reserved 1048576K
Event: 17,161 GC heap after
Heap after GC invocations=15 (full 3):
 PSYoungGen      total 585216K, used 59420K [0x000000076ab00000, 0x0000000795180000, 0x00000007c0000000)
  eden space 505344K, 0% used [0x000000076ab00000,0x000000076ab00000,0x0000000789880000)
  from space 79872K, 74% used [0x0000000790380000,0x0000000793d87020,0x0000000795180000)
  to   space 94720K, 0% used [0x0000000789880000,0x0000000789880000,0x000000078f500000)
 ParOldGen       total 356864K, used 219559K [0x00000006c0000000, 0x00000006d5c80000, 0x000000076ab00000)
  object space 356864K, 61% used [0x00000006c0000000,0x00000006cd669f58,0x00000006d5c80000)
 Metaspace       used 6579K, capacity 7320K, committed 7680K, reserved 1056768K
  class space    used 614K, capacity 656K, committed 768K, reserved 1048576K
}
Event: 19,805 GC heap before
{Heap before GC invocations=16 (full 3):
 PSYoungGen      total 585216K, used 564764K [0x000000076ab00000, 0x0000000795180000, 0x00000007c0000000)
  eden space 505344K, 100% used [0x000000076ab00000,0x0000000789880000,0x0000000789880000)
  from space 79872K, 74% used [0x0000000790380000,0x0000000793d87020,0x0000000795180000)
  to   space 94720K, 0% used [0x0000000789880000,0x0000000789880000,0x000000078f500000)
 ParOldGen       total 356864K, used 219559K [0x00000006c0000000, 0x00000006d5c80000, 0x000000076ab00000)
  object space 356864K, 61% used [0x00000006c0000000,0x00000006cd669f58,0x00000006d5c80000)
 Metaspace       used 6588K, capacity 7320K, committed 7680K, reserved 1056768K
  class space    used 615K, capacity 656K, committed 768K, reserved 1048576K
Event: 20,032 GC heap after
Heap after GC invocations=16 (full 3):
 PSYoungGen      total 600064K, used 94716K [0x000000076ab00000, 0x000000079db80000, 0x00000007c0000000)
  eden space 505344K, 0% used [0x000000076ab00000,0x000000076ab00000,0x0000000789880000)
  from space 94720K, 99% used [0x0000000789880000,0x000000078f4ff350,0x000000078f500000)
  to   space 126464K, 0% used [0x0000000796000000,0x0000000796000000,0x000000079db80000)
 ParOldGen       total 356864K, used 262220K [0x00000006c0000000, 0x00000006d5c80000, 0x000000076ab00000)
  object space 356864K, 73% used [0x00000006c0000000,0x00000006d0013160,0x00000006d5c80000)
 Metaspace       used 6588K, capacity 7320K, committed 7680K, reserved 1056768K
  class space    used 615K, capacity 656K, committed 768K, reserved 1048576K
}
Event: 22,186 GC heap before
{Heap before GC invocations=17 (full 3):
 PSYoungGen      total 600064K, used 600060K [0x000000076ab00000, 0x000000079db80000, 0x00000007c0000000)
  eden space 505344K, 100% used [0x000000076ab00000,0x0000000789880000,0x0000000789880000)
  from space 94720K, 99% used [0x0000000789880000,0x000000078f4ff350,0x000000078f500000)
  to   space 126464K, 0% used [0x0000000796000000,0x0000000796000000,0x000000079db80000)
 ParOldGen       total 356864K, used 262220K [0x00000006c0000000, 0x00000006d5c80000, 0x000000076ab00000)
  object space 356864K, 73% used [0x00000006c0000000,0x00000006d0013160,0x00000006d5c80000)
 Metaspace       used 6591K, capacity 7320K, committed 7680K, reserved 1056768K
  class space    used 615K, capacity 656K, committed 768K, reserved 1048576K
Event: 22,705 GC heap after
Heap after GC invocations=17 (full 3):
 PSYoungGen      total 670720K, used 126460K [0x000000076ab00000, 0x00000007a3900000, 0x00000007c0000000)
  eden space 544256K, 0% used [0x000000076ab00000,0x000000076ab00000,0x000000078be80000)
  from space 126464K, 99% used [0x0000000796000000,0x000000079db7f2d8,0x000000079db80000)
  to   space 165376K, 0% used [0x000000078be80000,0x000000078be80000,0x0000000796000000)
 ParOldGen       total 356864K, used 308158K [0x00000006c0000000, 0x00000006d5c80000, 0x000000076ab00000)
  object space 356864K, 86% used [0x00000006c0000000,0x00000006d2cef9a0,0x00000006d5c80000)
 Metaspace       used 6591K, capacity 7320K, committed 7680K, reserved 1056768K
  class space    used 615K, capacity 656K, committed 768K, reserved 1048576K
}
Event: 22,706 GC heap before
{Heap before GC invocations=18 (full 4):
 PSYoungGen      total 670720K, used 126460K [0x000000076ab00000, 0x00000007a3900000, 0x00000007c0000000)
  eden space 544256K, 0% used [0x000000076ab00000,0x000000076ab00000,0x000000078be80000)
  from space 126464K, 99% used [0x0000000796000000,0x000000079db7f2d8,0x000000079db80000)
  to   space 165376K, 0% used [0x000000078be80000,0x000000078be80000,0x0000000796000000)
 ParOldGen       total 356864K, used 308158K [0x00000006c0000000, 0x00000006d5c80000, 0x000000076ab00000)
  object space 356864K, 86% used [0x00000006c0000000,0x00000006d2cef9a0,0x00000006d5c80000)
 Metaspace       used 6591K, capacity 7320K, committed 7680K, reserved 1056768K
  class space    used 615K, capacity 656K, committed 768K, reserved 1048576K

