# JRE version: Java(TM) SE Runtime Environment (8.0_66-b17) (build 1.8.0_66-b17)
# Java VM: Java HotSpot(TM) 64-Bit Server VM (25.66-b17 mixed mode linux-amd64 compressed oops)
Heap:
 PSYoungGen      total 74240K, used 3569K [0x000000076ab00000, 0x0000000771000000, 0x00000007c0000000)
  eden space 70656K, 0% used [0x000000076ab00000,0x000000076ab00000,0x000000076f000000)
  from space 3584K, 99% used [0x0000000770900000,0x0000000770c7c460,0x0000000770c80000)
  to   space 3584K, 0% used [0x0000000770c80000,0x0000000770c80000,0x0000000771000000)
 ParOldGen       total 100352K, used 68875K [0x00000006c0000000, 0x00000006c6200000, 0x000000076ab00000)
  object space 100352K, 68% used [0x00000006c0000000,0x00000006c4342f28,0x00000006c6200000)
 Metaspace       used 5814K, capacity 6960K, committed 7040K, reserved 1056768K
  class space    used 577K, capacity 616K, committed 640K, reserved 1048576K
GC Heap History (10 events):
Event: 2,303 GC heap after
Heap after GC invocations=1 (full 0):
 PSYoungGen      total 27648K, used 3568K [0x000000076ab00000, 0x000000076e100000, 0x00000007c0000000)
  eden space 24064K, 0% used [0x000000076ab00000,0x000000076ab00000,0x000000076c280000)
  from space 3584K, 99% used [0x000000076c280000,0x000000076c5fc2c0,0x000000076c600000)
  to   space 3584K, 0% used [0x000000076dd80000,0x000000076dd80000,0x000000076e100000)
 ParOldGen       total 62976K, used 2828K [0x00000006c0000000, 0x00000006c3d80000, 0x000000076ab00000)
  object space 62976K, 4% used [0x00000006c0000000,0x00000006c02c33b0,0x00000006c3d80000)
 Metaspace       used 5537K, capacity 6768K, committed 7040K, reserved 1056768K
  class space    used 569K, capacity 616K, committed 640K, reserved 1048576K
}
Event: 5,489 GC heap before
{Heap before GC invocations=2 (full 0):
 PSYoungGen      total 27648K, used 27632K [0x000000076ab00000, 0x000000076e100000, 0x00000007c0000000)
  eden space 24064K, 100% used [0x000000076ab00000,0x000000076c280000,0x000000076c280000)
  from space 3584K, 99% used [0x000000076c280000,0x000000076c5fc2c0,0x000000076c600000)
  to   space 3584K, 0% used [0x000000076dd80000,0x000000076dd80000,0x000000076e100000)
 ParOldGen       total 62976K, used 2828K [0x00000006c0000000, 0x00000006c3d80000, 0x000000076ab00000)
  object space 62976K, 4% used [0x00000006c0000000,0x00000006c02c33b0,0x00000006c3d80000)
 Metaspace       used 5606K, capacity 6832K, committed 7040K, reserved 1056768K
  class space    used 571K, capacity 616K, committed 640K, reserved 1048576K
Event: 5,614 GC heap after
Heap after GC invocations=2 (full 0):
 PSYoungGen      total 51712K, used 3557K [0x000000076ab00000, 0x000000076e100000, 0x00000007c0000000)
  eden space 48128K, 0% used [0x000000076ab00000,0x000000076ab00000,0x000000076da00000)
  from space 3584K, 99% used [0x000000076dd80000,0x000000076e0f94e8,0x000000076e100000)
  to   space 3584K, 0% used [0x000000076da00000,0x000000076da00000,0x000000076dd80000)
 ParOldGen       total 62976K, used 15021K [0x00000006c0000000, 0x00000006c3d80000, 0x000000076ab00000)
  object space 62976K, 23% used [0x00000006c0000000,0x00000006c0eab4b8,0x00000006c3d80000)
 Metaspace       used 5606K, capacity 6832K, committed 7040K, reserved 1056768K
  class space    used 571K, capacity 616K, committed 640K, reserved 1048576K
}
Event: 6,627 GC heap before
{Heap before GC invocations=3 (full 0):
 PSYoungGen      total 51712K, used 51685K [0x000000076ab00000, 0x000000076e100000, 0x00000007c0000000)
  eden space 48128K, 100% used [0x000000076ab00000,0x000000076da00000,0x000000076da00000)
  from space 3584K, 99% used [0x000000076dd80000,0x000000076e0f94e8,0x000000076e100000)
  to   space 3584K, 0% used [0x000000076da00000,0x000000076da00000,0x000000076dd80000)
 ParOldGen       total 62976K, used 15021K [0x00000006c0000000, 0x00000006c3d80000, 0x000000076ab00000)
  object space 62976K, 23% used [0x00000006c0000000,0x00000006c0eab4b8,0x00000006c3d80000)
 Metaspace       used 5631K, capacity 6832K, committed 7040K, reserved 1056768K
  class space    used 572K, capacity 616K, committed 640K, reserved 1048576K
Event: 6,740 GC heap after
Heap after GC invocations=3 (full 0):
 PSYoungGen      total 51712K, used 3557K [0x000000076ab00000, 0x0000000771000000, 0x00000007c0000000)
  eden space 48128K, 0% used [0x000000076ab00000,0x000000076ab00000,0x000000076da00000)
  from space 3584K, 99% used [0x000000076da00000,0x000000076dd794e8,0x000000076dd80000)
  to   space 3584K, 0% used [0x0000000770c80000,0x0000000770c80000,0x0000000771000000)
 ParOldGen       total 62976K, used 37326K [0x00000006c0000000, 0x00000006c3d80000, 0x000000076ab00000)
  object space 62976K, 59% used [0x00000006c0000000,0x00000006c2473b68,0x00000006c3d80000)
 Metaspace       used 5631K, capacity 6832K, committed 7040K, reserved 1056768K
  class space    used 572K, capacity 616K, committed 640K, reserved 1048576K
}
Event: 6,740 GC heap before
{Heap before GC invocations=4 (full 1):
 PSYoungGen      total 51712K, used 3557K [0x000000076ab00000, 0x0000000771000000, 0x00000007c0000000)
  eden space 48128K, 0% used [0x000000076ab00000,0x000000076ab00000,0x000000076da00000)
  from space 3584K, 99% used [0x000000076da00000,0x000000076dd794e8,0x000000076dd80000)
  to   space 3584K, 0% used [0x0000000770c80000,0x0000000770c80000,0x0000000771000000)
 ParOldGen       total 62976K, used 37326K [0x00000006c0000000, 0x00000006c3d80000, 0x000000076ab00000)
  object space 62976K, 59% used [0x00000006c0000000,0x00000006c2473b68,0x00000006c3d80000)
 Metaspace       used 5631K, capacity 6832K, committed 7040K, reserved 1056768K
  class space    used 572K, capacity 616K, committed 640K, reserved 1048576K
Event: 7,200 GC heap after
Heap after GC invocations=4 (full 1):
 PSYoungGen      total 51712K, used 0K [0x000000076ab00000, 0x0000000771000000, 0x00000007c0000000)
  eden space 48128K, 0% used [0x000000076ab00000,0x000000076ab00000,0x000000076da00000)
  from space 3584K, 0% used [0x000000076da00000,0x000000076da00000,0x000000076dd80000)
  to   space 3584K, 0% used [0x0000000770c80000,0x0000000770c80000,0x0000000771000000)
 ParOldGen       total 100352K, used 35952K [0x00000006c0000000, 0x00000006c6200000, 0x000000076ab00000)
  object space 100352K, 35% used [0x00000006c0000000,0x00000006c231c008,0x00000006c6200000)
 Metaspace       used 5631K, capacity 6832K, committed 7040K, reserved 1056768K
  class space    used 572K, capacity 616K, committed 640K, reserved 1048576K
}
Event: 7,888 GC heap before
{Heap before GC invocations=5 (full 1):
 PSYoungGen      total 51712K, used 48128K [0x000000076ab00000, 0x0000000771000000, 0x00000007c0000000)
  eden space 48128K, 100% used [0x000000076ab00000,0x000000076da00000,0x000000076da00000)
  from space 3584K, 0% used [0x000000076da00000,0x000000076da00000,0x000000076dd80000)
  to   space 3584K, 0% used [0x0000000770c80000,0x0000000770c80000,0x0000000771000000)
 ParOldGen       total 100352K, used 35952K [0x00000006c0000000, 0x00000006c6200000, 0x000000076ab00000)
  object space 100352K, 35% used [0x00000006c0000000,0x00000006c231c008,0x00000006c6200000)
 Metaspace       used 5705K, capacity 6896K, committed 7040K, reserved 1056768K
  class space    used 572K, capacity 616K, committed 640K, reserved 1048576K
Event: 7,969 GC heap after
Heap after GC invocations=5 (full 1):
 PSYoungGen      total 74240K, used 3584K [0x000000076ab00000, 0x0000000771000000, 0x00000007c0000000)
  eden space 70656K, 0% used [0x000000076ab00000,0x000000076ab00000,0x000000076f000000)
  from space 3584K, 100% used [0x0000000770c80000,0x0000000771000000,0x0000000771000000)
  to   space 3584K, 0% used [0x0000000770900000,0x0000000770900000,0x0000000770c80000)
 ParOldGen       total 100352K, used 47540K [0x00000006c0000000, 0x00000006c6200000, 0x000000076ab00000)
  object space 100352K, 47% used [0x00000006c0000000,0x00000006c2e6d308,0x00000006c6200000)
 Metaspace       used 5705K, capacity 6896K, committed 7040K, reserved 1056768K
  class space    used 572K, capacity 616K, committed 640K, reserved 1048576K
}
Event: 11,544 GC heap before
{Heap before GC invocations=6 (full 1):
 PSYoungGen      total 74240K, used 74240K [0x000000076ab00000, 0x0000000771000000, 0x00000007c0000000)
  eden space 70656K, 100% used [0x000000076ab00000,0x000000076f000000,0x000000076f000000)
  from space 3584K, 100% used [0x0000000770c80000,0x0000000771000000,0x0000000771000000)
  to   space 3584K, 0% used [0x0000000770900000,0x0000000770900000,0x0000000770c80000)
 ParOldGen       total 100352K, used 47540K [0x00000006c0000000, 0x00000006c6200000, 0x000000076ab00000)
  object space 100352K, 47% used [0x00000006c0000000,0x00000006c2e6d308,0x00000006c6200000)
 Metaspace       used 5814K, capacity 6960K, committed 7040K, reserved 1056768K
  class space    used 577K, capacity 616K, committed 640K, reserved 1048576K

