# JRE version: Java(TM) SE Runtime Environment (8.0_66-b17) (build 1.8.0_66-b17)
# Java VM: Java HotSpot(TM) 64-Bit Server VM (25.66-b17 mixed mode linux-amd64 compressed oops)
Heap:
 PSYoungGen      total 427008K, used 413K [0x000000076ab00000, 0x000000078d780000, 0x00000007c0000000)
  eden space 304128K, 0% used [0x000000076ab00000,0x000000076ab00000,0x000000077d400000)
  from space 122880K, 0% used [0x0000000784980000,0x00000007849e7708,0x000000078c180000)
  to   space 120320K, 0% used [0x000000077d400000,0x000000077d400000,0x0000000784980000)
 ParOldGen       total 273920K, used 273523K [0x00000006c0000000, 0x00000006d0b80000, 0x000000076ab00000)
  object space 273920K, 99% used [0x00000006c0000000,0x00000006d0b1cf98,0x00000006d0b80000)
 Metaspace       used 6449K, capacity 7256K, committed 7424K, reserved 1056768K
  class space    used 611K, capacity 656K, committed 768K, reserved 1048576K
GC Heap History (10 events):
Event: 38,596 GC heap after
Heap after GC invocations=13 (full 2):
 PSYoungGen      total 258048K, used 77176K [0x000000076ab00000, 0x0000000785900000, 0x00000007c0000000)
  eden space 171520K, 0% used [0x000000076ab00000,0x000000076ab00000,0x0000000775280000)
  from space 86528K, 89% used [0x0000000775280000,0x0000000779dde338,0x000000077a700000)
  to   space 98304K, 0% used [0x000000077f900000,0x000000077f900000,0x0000000785900000)
 ParOldGen       total 229888K, used 147880K [0x00000006c0000000, 0x00000006ce080000, 0x000000076ab00000)
  object space 229888K, 64% used [0x00000006c0000000,0x00000006c906a3c0,0x00000006ce080000)
 Metaspace       used 6422K, capacity 7192K, committed 7424K, reserved 1056768K
  class space    used 610K, capacity 656K, committed 768K, reserved 1048576K
}
Event: 39,447 GC heap before
{Heap before GC invocations=14 (full 2):
 PSYoungGen      total 258048K, used 248696K [0x000000076ab00000, 0x0000000785900000, 0x00000007c0000000)
  eden space 171520K, 100% used [0x000000076ab00000,0x0000000775280000,0x0000000775280000)
  from space 86528K, 89% used [0x0000000775280000,0x0000000779dde338,0x000000077a700000)
  to   space 98304K, 0% used [0x000000077f900000,0x000000077f900000,0x0000000785900000)
 ParOldGen       total 229888K, used 147880K [0x00000006c0000000, 0x00000006ce080000, 0x000000076ab00000)
  object space 229888K, 64% used [0x00000006c0000000,0x00000006c906a3c0,0x00000006ce080000)
 Metaspace       used 6429K, capacity 7192K, committed 7424K, reserved 1056768K
  class space    used 610K, capacity 656K, committed 768K, reserved 1048576K
Event: 39,787 GC heap after
Heap after GC invocations=14 (full 2):
 PSYoungGen      total 343040K, used 34794K [0x000000076ab00000, 0x0000000785400000, 0x00000007c0000000)
  eden space 249856K, 0% used [0x000000076ab00000,0x000000076ab00000,0x0000000779f00000)
  from space 93184K, 37% used [0x000000077f900000,0x0000000781afaa80,0x0000000785400000)
  to   space 92160K, 0% used [0x0000000779f00000,0x0000000779f00000,0x000000077f900000)
 ParOldGen       total 229888K, used 188576K [0x00000006c0000000, 0x00000006ce080000, 0x000000076ab00000)
  object space 229888K, 82% used [0x00000006c0000000,0x00000006cb828228,0x00000006ce080000)
 Metaspace       used 6429K, capacity 7192K, committed 7424K, reserved 1056768K
  class space    used 610K, capacity 656K, committed 768K, reserved 1048576K
}
Event: 39,787 GC heap before
{Heap before GC invocations=15 (full 3):
 PSYoungGen      total 343040K, used 34794K [0x000000076ab00000, 0x0000000785400000, 0x00000007c0000000)
  eden space 249856K, 0% used [0x000000076ab00000,0x000000076ab00000,0x0000000779f00000)
  from space 93184K, 37% used [0x000000077f900000,0x0000000781afaa80,0x0000000785400000)
  to   space 92160K, 0% used [0x0000000779f00000,0x0000000779f00000,0x000000077f900000)
 ParOldGen       total 229888K, used 188576K [0x00000006c0000000, 0x00000006ce080000, 0x000000076ab00000)
  object space 229888K, 82% used [0x00000006c0000000,0x00000006cb828228,0x00000006ce080000)
 Metaspace       used 6429K, capacity 7192K, committed 7424K, reserved 1056768K
  class space    used 610K, capacity 656K, committed 768K, reserved 1048576K
Event: 42,300 GC heap after
Heap after GC invocations=15 (full 3):
 PSYoungGen      total 343040K, used 0K [0x000000076ab00000, 0x0000000785400000, 0x00000007c0000000)
  eden space 249856K, 0% used [0x000000076ab00000,0x000000076ab00000,0x0000000779f00000)
  from space 93184K, 0% used [0x000000077f900000,0x000000077f900000,0x0000000785400000)
  to   space 92160K, 0% used [0x0000000779f00000,0x0000000779f00000,0x000000077f900000)
 ParOldGen       total 246784K, used 136980K [0x00000006c0000000, 0x00000006cf100000, 0x000000076ab00000)
  object space 246784K, 55% used [0x00000006c0000000,0x00000006c85c53b0,0x00000006cf100000)
 Metaspace       used 6429K, capacity 7192K, committed 7424K, reserved 1056768K
  class space    used 610K, capacity 656K, committed 768K, reserved 1048576K
}
Event: 49,012 GC heap before
{Heap before GC invocations=16 (full 3):
 PSYoungGen      total 343040K, used 249856K [0x000000076ab00000, 0x0000000785400000, 0x00000007c0000000)
  eden space 249856K, 100% used [0x000000076ab00000,0x0000000779f00000,0x0000000779f00000)
  from space 93184K, 0% used [0x000000077f900000,0x000000077f900000,0x0000000785400000)
  to   space 92160K, 0% used [0x0000000779f00000,0x0000000779f00000,0x000000077f900000)
 ParOldGen       total 246784K, used 136980K [0x00000006c0000000, 0x00000006cf100000, 0x000000076ab00000)
  object space 246784K, 55% used [0x00000006c0000000,0x00000006c85c53b0,0x00000006cf100000)
 Metaspace       used 6449K, capacity 7256K, committed 7424K, reserved 1056768K
  class space    used 611K, capacity 656K, committed 768K, reserved 1048576K
Event: 49,468 GC heap after
Heap after GC invocations=16 (full 3):
 PSYoungGen      total 342016K, used 92159K [0x000000076ab00000, 0x000000078c180000, 0x00000007c0000000)
  eden space 249856K, 0% used [0x000000076ab00000,0x000000076ab00000,0x0000000779f00000)
  from space 92160K, 99% used [0x0000000779f00000,0x000000077f8fff70,0x000000077f900000)
  to   space 122880K, 0% used [0x0000000784980000,0x0000000784980000,0x000000078c180000)
 ParOldGen       total 246784K, used 178781K [0x00000006c0000000, 0x00000006cf100000, 0x000000076ab00000)
  object space 246784K, 72% used [0x00000006c0000000,0x00000006cae974b8,0x00000006cf100000)
 Metaspace       used 6449K, capacity 7256K, committed 7424K, reserved 1056768K
  class space    used 611K, capacity 656K, committed 768K, reserved 1048576K
}
Event: 51,224 GC heap before
{Heap before GC invocations=17 (full 3):
 PSYoungGen      total 342016K, used 342015K [0x000000076ab00000, 0x000000078c180000, 0x00000007c0000000)
  eden space 249856K, 100% used [0x000000076ab00000,0x0000000779f00000,0x0000000779f00000)
  from space 92160K, 99% used [0x0000000779f00000,0x000000077f8fff70,0x000000077f900000)
  to   space 122880K, 0% used [0x0000000784980000,0x0000000784980000,0x000000078c180000)
 ParOldGen       total 246784K, used 178781K [0x00000006c0000000, 0x00000006cf100000, 0x000000076ab00000)
  object space 246784K, 72% used [0x00000006c0000000,0x00000006cae974b8,0x00000006cf100000)
 Metaspace       used 6449K, capacity 7256K, committed 7424K, reserved 1056768K
  class space    used 611K, capacity 656K, committed 768K, reserved 1048576K
Event: 57,539 GC heap after
Heap after GC invocations=17 (full 3):
 PSYoungGen      total 427008K, used 58290K [0x000000076ab00000, 0x000000078d780000, 0x00000007c0000000)
  eden space 304128K, 0% used [0x000000076ab00000,0x000000076ab00000,0x000000077d400000)
  from space 122880K, 47% used [0x0000000784980000,0x000000078826ca48,0x000000078c180000)
  to   space 120320K, 0% used [0x000000077d400000,0x000000077d400000,0x0000000784980000)
 ParOldGen       total 273920K, used 273719K [0x00000006c0000000, 0x00000006d0b80000, 0x000000076ab00000)
  object space 273920K, 99% used [0x00000006c0000000,0x00000006d0b4dff8,0x00000006d0b80000)
 Metaspace       used 6449K, capacity 7256K, committed 7424K, reserved 1056768K
  class space    used 611K, capacity 656K, committed 768K, reserved 1048576K
}
Event: 62,033 GC heap before
{Heap before GC invocations=18 (full 4):
 PSYoungGen      total 427008K, used 58290K [0x000000076ab00000, 0x000000078d780000, 0x00000007c0000000)
  eden space 304128K, 0% used [0x000000076ab00000,0x000000076ab00000,0x000000077d400000)
  from space 122880K, 47% used [0x0000000784980000,0x000000078826ca48,0x000000078c180000)
  to   space 120320K, 0% used [0x000000077d400000,0x000000077d400000,0x0000000784980000)
 ParOldGen       total 273920K, used 273719K [0x00000006c0000000, 0x00000006d0b80000, 0x000000076ab00000)
  object space 273920K, 99% used [0x00000006c0000000,0x00000006d0b4dff8,0x00000006d0b80000)
 Metaspace       used 6449K, capacity 7256K, committed 7424K, reserved 1056768K
  class space    used 611K, capacity 656K, committed 768K, reserved 1048576K

