# JRE version: Java(TM) SE Runtime Environment (8.0_66-b17) (build 1.8.0_66-b17)
# Java VM: Java HotSpot(TM) 64-Bit Server VM (25.66-b17 mixed mode linux-amd64 compressed oops)
Heap:
 PSYoungGen      total 740864K, used 92787K [0x000000076ab00000, 0x00000007a7880000, 0x00000007c0000000)
  eden space 521728K, 0% used [0x000000076ab00000,0x000000076ab00000,0x000000078a880000)
  from space 219136K, 42% used [0x000000078a880000,0x000000079031cd78,0x0000000797e80000)
  to   space 158720K, 0% used [0x0000000797e80000,0x0000000797e80000,0x00000007a1980000)
 ParOldGen       total 809472K, used 809365K [0x00000006c0000000, 0x00000006f1680000, 0x000000076ab00000)
  object space 809472K, 99% used [0x00000006c0000000,0x00000006f1665690,0x00000006f1680000)
 Metaspace       used 6747K, capacity 7384K, committed 7680K, reserved 1056768K
  class space    used 623K, capacity 656K, committed 768K, reserved 1048576K
GC Heap History (10 events):
Event: 19,128 GC heap after
Heap after GC invocations=18 (full 3):
 PSYoungGen      total 630784K, used 630777K [0x000000076ab00000, 0x00000007a0580000, 0x00000007c0000000)
  eden space 507904K, 100% used [0x000000076ab00000,0x0000000789b00000,0x0000000789b00000)
  from space 122880K, 99% used [0x0000000793880000,0x000000079b07e520,0x000000079b080000)
  to   space 161280K, 48% used [0x0000000789b00000,0x000000078e7ba758,0x0000000793880000)
 ParOldGen       total 425472K, used 423970K [0x00000006c0000000, 0x00000006d9f80000, 0x000000076ab00000)
  object space 425472K, 99% used [0x00000006c0000000,0x00000006d9e08880,0x00000006d9f80000)
 Metaspace       used 6605K, capacity 7320K, committed 7680K, reserved 1056768K
  class space    used 615K, capacity 656K, committed 768K, reserved 1048576K
}
Event: 19,128 GC heap before
{Heap before GC invocations=19 (full 4):
 PSYoungGen      total 630784K, used 630777K [0x000000076ab00000, 0x00000007a0580000, 0x00000007c0000000)
  eden space 507904K, 100% used [0x000000076ab00000,0x0000000789b00000,0x0000000789b00000)
  from space 122880K, 99% used [0x0000000793880000,0x000000079b07e520,0x000000079b080000)
  to   space 161280K, 48% used [0x0000000789b00000,0x000000078e7ba758,0x0000000793880000)
 ParOldGen       total 425472K, used 423970K [0x00000006c0000000, 0x00000006d9f80000, 0x000000076ab00000)
  object space 425472K, 99% used [0x00000006c0000000,0x00000006d9e08880,0x00000006d9f80000)
 Metaspace       used 6605K, capacity 7320K, committed 7680K, reserved 1056768K
  class space    used 615K, capacity 656K, committed 768K, reserved 1048576K
Event: 22,683 GC heap after
Heap after GC invocations=19 (full 4):
 PSYoungGen      total 630784K, used 0K [0x000000076ab00000, 0x00000007a0580000, 0x00000007c0000000)
  eden space 507904K, 0% used [0x000000076ab00000,0x000000076ab00000,0x0000000789b00000)
  from space 122880K, 0% used [0x0000000793880000,0x0000000793880000,0x000000079b080000)
  to   space 161280K, 45% used [0x0000000789b00000,0x000000078e2cc4c0,0x0000000793880000)
 ParOldGen       total 620544K, used 425059K [0x00000006c0000000, 0x00000006e5e00000, 0x000000076ab00000)
  object space 620544K, 68% used [0x00000006c0000000,0x00000006d9f18e10,0x00000006e5e00000)
 Metaspace       used 6605K, capacity 7320K, committed 7680K, reserved 1056768K
  class space    used 615K, capacity 656K, committed 768K, reserved 1048576K
}
Event: 24,240 GC heap before
{Heap before GC invocations=20 (full 5):
 PSYoungGen      total 630784K, used 507904K [0x000000076ab00000, 0x00000007a0580000, 0x00000007c0000000)
  eden space 507904K, 100% used [0x000000076ab00000,0x0000000789b00000,0x0000000789b00000)
  from space 122880K, 0% used [0x0000000793880000,0x0000000793880000,0x000000079b080000)
  to   space 161280K, 45% used [0x0000000789b00000,0x000000078e2cc4c0,0x0000000793880000)
 ParOldGen       total 620544K, used 425059K [0x00000006c0000000, 0x00000006e5e00000, 0x000000076ab00000)
  object space 620544K, 68% used [0x00000006c0000000,0x00000006d9f18e10,0x00000006e5e00000)
 Metaspace       used 6607K, capacity 7320K, committed 7680K, reserved 1056768K
  class space    used 615K, capacity 656K, committed 768K, reserved 1048576K
Event: 25,986 GC heap after
Heap after GC invocations=20 (full 5):
 PSYoungGen      total 630784K, used 0K [0x000000076ab00000, 0x00000007a0580000, 0x00000007c0000000)
  eden space 507904K, 0% used [0x000000076ab00000,0x000000076ab00000,0x0000000789b00000)
  from space 122880K, 0% used [0x0000000793880000,0x0000000793880000,0x000000079b080000)
  to   space 161280K, 0% used [0x0000000789b00000,0x0000000789b00000,0x0000000793880000)
 ParOldGen       total 809472K, used 575139K [0x00000006c0000000, 0x00000006f1680000, 0x000000076ab00000)
  object space 809472K, 71% used [0x00000006c0000000,0x00000006e31a8ea8,0x00000006f1680000)
 Metaspace       used 6607K, capacity 7320K, committed 7680K, reserved 1056768K
  class space    used 615K, capacity 656K, committed 768K, reserved 1048576K
}
Event: 27,680 GC heap before
{Heap before GC invocations=21 (full 5):
 PSYoungGen      total 630784K, used 507904K [0x000000076ab00000, 0x00000007a0580000, 0x00000007c0000000)
  eden space 507904K, 100% used [0x000000076ab00000,0x0000000789b00000,0x0000000789b00000)
  from space 122880K, 0% used [0x0000000793880000,0x0000000793880000,0x000000079b080000)
  to   space 161280K, 0% used [0x0000000789b00000,0x0000000789b00000,0x0000000793880000)
 ParOldGen       total 809472K, used 575139K [0x00000006c0000000, 0x00000006f1680000, 0x000000076ab00000)
  object space 809472K, 71% used [0x00000006c0000000,0x00000006e31a8ea8,0x00000006f1680000)
 Metaspace       used 6617K, capacity 7320K, committed 7680K, reserved 1056768K
  class space    used 617K, capacity 656K, committed 768K, reserved 1048576K
Event: 27,811 GC heap after
Heap after GC invocations=21 (full 5):
 PSYoungGen      total 669184K, used 78067K [0x000000076ab00000, 0x00000007a1980000, 0x00000007c0000000)
  eden space 507904K, 0% used [0x000000076ab00000,0x000000076ab00000,0x0000000789b00000)
  from space 161280K, 48% used [0x0000000789b00000,0x000000078e73ce90,0x0000000793880000)
  to   space 158720K, 0% used [0x0000000797e80000,0x0000000797e80000,0x00000007a1980000)
 ParOldGen       total 809472K, used 575139K [0x00000006c0000000, 0x00000006f1680000, 0x000000076ab00000)
  object space 809472K, 71% used [0x00000006c0000000,0x00000006e31a8ea8,0x00000006f1680000)
 Metaspace       used 6617K, capacity 7320K, committed 7680K, reserved 1056768K
  class space    used 617K, capacity 656K, committed 768K, reserved 1048576K
}
Event: 31,280 GC heap before
{Heap before GC invocations=22 (full 5):
 PSYoungGen      total 669184K, used 585971K [0x000000076ab00000, 0x00000007a1980000, 0x00000007c0000000)
  eden space 507904K, 100% used [0x000000076ab00000,0x0000000789b00000,0x0000000789b00000)
  from space 161280K, 48% used [0x0000000789b00000,0x000000078e73ce90,0x0000000793880000)
  to   space 158720K, 0% used [0x0000000797e80000,0x0000000797e80000,0x00000007a1980000)
 ParOldGen       total 809472K, used 575139K [0x00000006c0000000, 0x00000006f1680000, 0x000000076ab00000)
  object space 809472K, 71% used [0x00000006c0000000,0x00000006e31a8ea8,0x00000006f1680000)
 Metaspace       used 6722K, capacity 7384K, committed 7680K, reserved 1056768K
  class space    used 623K, capacity 656K, committed 768K, reserved 1048576K
Event: 31,816 GC heap after
Heap after GC invocations=22 (full 5):
 PSYoungGen      total 680448K, used 158689K [0x000000076ab00000, 0x00000007a7880000, 0x00000007c0000000)
  eden space 521728K, 0% used [0x000000076ab00000,0x000000076ab00000,0x000000078a880000)
  from space 158720K, 99% used [0x0000000797e80000,0x00000007a1978530,0x00000007a1980000)
  to   space 219136K, 0% used [0x000000078a880000,0x000000078a880000,0x0000000797e80000)
 ParOldGen       total 809472K, used 666015K [0x00000006c0000000, 0x00000006f1680000, 0x000000076ab00000)
  object space 809472K, 82% used [0x00000006c0000000,0x00000006e8a67f80,0x00000006f1680000)
 Metaspace       used 6722K, capacity 7384K, committed 7680K, reserved 1056768K
  class space    used 623K, capacity 656K, committed 768K, reserved 1048576K
}
Event: 34,085 GC heap before
{Heap before GC invocations=23 (full 5):
 PSYoungGen      total 680448K, used 680417K [0x000000076ab00000, 0x00000007a7880000, 0x00000007c0000000)
  eden space 521728K, 100% used [0x000000076ab00000,0x000000078a880000,0x000000078a880000)
  from space 158720K, 99% used [0x0000000797e80000,0x00000007a1978530,0x00000007a1980000)
  to   space 219136K, 0% used [0x000000078a880000,0x000000078a880000,0x0000000797e80000)
 ParOldGen       total 809472K, used 666015K [0x00000006c0000000, 0x00000006f1680000, 0x000000076ab00000)
  object space 809472K, 82% used [0x00000006c0000000,0x00000006e8a67f80,0x00000006f1680000)
 Metaspace       used 6747K, capacity 7384K, committed 7680K, reserved 1056768K
  class space    used 623K, capacity 656K, committed 768K, reserved 1048576K

