# JRE version: Java(TM) SE Runtime Environment (8.0_66-b17) (build 1.8.0_66-b17)
# Java VM: Java HotSpot(TM) 64-Bit Server VM (25.66-b17 mixed mode linux-amd64 compressed oops)
Heap:
 PSYoungGen      total 633344K, used 0K [0x0000000780000000, 0x00000007b5500000, 0x00000007c0000000)
  eden space 512512K, 0% used [0x0000000780000000,0x0000000780000000,0x000000079f480000)
  from space 120832K, 0% used [0x00000007a8e80000,0x00000007a8e80000,0x00000007b0480000)
  to   space 157696K, 0% used [0x000000079f480000,0x000000079f480000,0x00000007a8e80000)
 ParOldGen       total 611840K, used 559684K [0x0000000700000000, 0x0000000725580000, 0x0000000780000000)
  object space 611840K, 91% used [0x0000000700000000,0x00000007222912c8,0x0000000725580000)
 Metaspace       used 6597K, capacity 7320K, committed 7680K, reserved 1056768K
  class space    used 614K, capacity 656K, committed 768K, reserved 1048576K
GC Heap History (10 events):
Event: 12,445 GC heap after
Heap after GC invocations=15 (full 3):
 PSYoungGen      total 558080K, used 54512K [0x0000000780000000, 0x00000007a8c00000, 0x00000007c0000000)
  eden space 481280K, 0% used [0x0000000780000000,0x0000000780000000,0x000000079d600000)
  from space 76800K, 70% used [0x00000007a4100000,0x00000007a763c2a0,0x00000007a8c00000)
  to   space 93184K, 0% used [0x000000079d600000,0x000000079d600000,0x00000007a3100000)
 ParOldGen       total 366592K, used 221900K [0x0000000700000000, 0x0000000716600000, 0x0000000780000000)
  object space 366592K, 60% used [0x0000000700000000,0x000000070d8b31b0,0x0000000716600000)
 Metaspace       used 6583K, capacity 7320K, committed 7680K, reserved 1056768K
  class space    used 614K, capacity 656K, committed 768K, reserved 1048576K
}
Event: 14,149 GC heap before
{Heap before GC invocations=16 (full 3):
 PSYoungGen      total 558080K, used 535792K [0x0000000780000000, 0x00000007a8c00000, 0x00000007c0000000)
  eden space 481280K, 100% used [0x0000000780000000,0x000000079d600000,0x000000079d600000)
  from space 76800K, 70% used [0x00000007a4100000,0x00000007a763c2a0,0x00000007a8c00000)
  to   space 93184K, 0% used [0x000000079d600000,0x000000079d600000,0x00000007a3100000)
 ParOldGen       total 366592K, used 221900K [0x0000000700000000, 0x0000000716600000, 0x0000000780000000)
  object space 366592K, 60% used [0x0000000700000000,0x000000070d8b31b0,0x0000000716600000)
 Metaspace       used 6589K, capacity 7320K, committed 7680K, reserved 1056768K
  class space    used 614K, capacity 656K, committed 768K, reserved 1048576K
Event: 14,335 GC heap after
Heap after GC invocations=16 (full 3):
 PSYoungGen      total 574464K, used 93183K [0x0000000780000000, 0x00000007b0480000, 0x00000007c0000000)
  eden space 481280K, 0% used [0x0000000780000000,0x0000000780000000,0x000000079d600000)
  from space 93184K, 99% used [0x000000079d600000,0x00000007a30ffc58,0x00000007a3100000)
  to   space 120832K, 0% used [0x00000007a8e80000,0x00000007a8e80000,0x00000007b0480000)
 ParOldGen       total 366592K, used 254149K [0x0000000700000000, 0x0000000716600000, 0x0000000780000000)
  object space 366592K, 69% used [0x0000000700000000,0x000000070f831660,0x0000000716600000)
 Metaspace       used 6589K, capacity 7320K, committed 7680K, reserved 1056768K
  class space    used 614K, capacity 656K, committed 768K, reserved 1048576K
}
Event: 16,101 GC heap before
{Heap before GC invocations=17 (full 3):
 PSYoungGen      total 574464K, used 574463K [0x0000000780000000, 0x00000007b0480000, 0x00000007c0000000)
  eden space 481280K, 100% used [0x0000000780000000,0x000000079d600000,0x000000079d600000)
  from space 93184K, 99% used [0x000000079d600000,0x00000007a30ffc58,0x00000007a3100000)
  to   space 120832K, 0% used [0x00000007a8e80000,0x00000007a8e80000,0x00000007b0480000)
 ParOldGen       total 366592K, used 254149K [0x0000000700000000, 0x0000000716600000, 0x0000000780000000)
  object space 366592K, 69% used [0x0000000700000000,0x000000070f831660,0x0000000716600000)
 Metaspace       used 6591K, capacity 7320K, committed 7680K, reserved 1056768K
  class space    used 614K, capacity 656K, committed 768K, reserved 1048576K
Event: 16,421 GC heap after
Heap after GC invocations=17 (full 3):
 PSYoungGen      total 633344K, used 120822K [0x0000000780000000, 0x00000007b5500000, 0x00000007c0000000)
  eden space 512512K, 0% used [0x0000000780000000,0x0000000780000000,0x000000079f480000)
  from space 120832K, 99% used [0x00000007a8e80000,0x00000007b047d9f8,0x00000007b0480000)
  to   space 157696K, 0% used [0x000000079f480000,0x000000079f480000,0x00000007a8e80000)
 ParOldGen       total 366592K, used 297520K [0x0000000700000000, 0x0000000716600000, 0x0000000780000000)
  object space 366592K, 81% used [0x0000000700000000,0x000000071228c190,0x0000000716600000)
 Metaspace       used 6591K, capacity 7320K, committed 7680K, reserved 1056768K
  class space    used 614K, capacity 656K, committed 768K, reserved 1048576K
}
Event: 18,310 GC heap before
{Heap before GC invocations=18 (full 3):
 PSYoungGen      total 633344K, used 633334K [0x0000000780000000, 0x00000007b5500000, 0x00000007c0000000)
  eden space 512512K, 100% used [0x0000000780000000,0x000000079f480000,0x000000079f480000)
  from space 120832K, 99% used [0x00000007a8e80000,0x00000007b047d9f8,0x00000007b0480000)
  to   space 157696K, 0% used [0x000000079f480000,0x000000079f480000,0x00000007a8e80000)
 ParOldGen       total 366592K, used 297520K [0x0000000700000000, 0x0000000716600000, 0x0000000780000000)
  object space 366592K, 81% used [0x0000000700000000,0x000000071228c190,0x0000000716600000)
 Metaspace       used 6596K, capacity 7320K, committed 7680K, reserved 1056768K
  class space    used 614K, capacity 656K, committed 768K, reserved 1048576K
Event: 18,943 GC heap after
Heap after GC invocations=18 (full 3):
 PSYoungGen      total 633344K, used 633334K [0x0000000780000000, 0x00000007b5500000, 0x00000007c0000000)
  eden space 512512K, 100% used [0x0000000780000000,0x000000079f480000,0x000000079f480000)
  from space 120832K, 99% used [0x00000007a8e80000,0x00000007b047d9f8,0x00000007b0480000)
  to   space 157696K, 48% used [0x000000079f480000,0x00000007a3f7d1d8,0x00000007a8e80000)
 ParOldGen       total 419328K, used 418542K [0x0000000700000000, 0x0000000719980000, 0x0000000780000000)
  object space 419328K, 99% used [0x0000000700000000,0x00000007198bb8c0,0x0000000719980000)
 Metaspace       used 6596K, capacity 7320K, committed 7680K, reserved 1056768K
  class space    used 614K, capacity 656K, committed 768K, reserved 1048576K
}
Event: 18,943 GC heap before
{Heap before GC invocations=19 (full 4):
 PSYoungGen      total 633344K, used 633334K [0x0000000780000000, 0x00000007b5500000, 0x00000007c0000000)
  eden space 512512K, 100% used [0x0000000780000000,0x000000079f480000,0x000000079f480000)
  from space 120832K, 99% used [0x00000007a8e80000,0x00000007b047d9f8,0x00000007b0480000)
  to   space 157696K, 48% used [0x000000079f480000,0x00000007a3f7d1d8,0x00000007a8e80000)
 ParOldGen       total 419328K, used 418542K [0x0000000700000000, 0x0000000719980000, 0x0000000780000000)
  object space 419328K, 99% used [0x0000000700000000,0x00000007198bb8c0,0x0000000719980000)
 Metaspace       used 6596K, capacity 7320K, committed 7680K, reserved 1056768K
  class space    used 614K, capacity 656K, committed 768K, reserved 1048576K
Event: 22,439 GC heap after
Heap after GC invocations=19 (full 4):
 PSYoungGen      total 633344K, used 0K [0x0000000780000000, 0x00000007b5500000, 0x00000007c0000000)
  eden space 512512K, 0% used [0x0000000780000000,0x0000000780000000,0x000000079f480000)
  from space 120832K, 0% used [0x00000007a8e80000,0x00000007a8e80000,0x00000007b0480000)
  to   space 157696K, 42% used [0x000000079f480000,0x00000007a3584c18,0x00000007a8e80000)
 ParOldGen       total 611840K, used 419054K [0x0000000700000000, 0x0000000725580000, 0x0000000780000000)
  object space 611840K, 68% used [0x0000000700000000,0x000000071993b870,0x0000000725580000)
 Metaspace       used 6596K, capacity 7320K, committed 7680K, reserved 1056768K
  class space    used 614K, capacity 656K, committed 768K, reserved 1048576K
}
Event: 24,273 GC heap before
{Heap before GC invocations=20 (full 5):
 PSYoungGen      total 633344K, used 512512K [0x0000000780000000, 0x00000007b5500000, 0x00000007c0000000)
  eden space 512512K, 100% used [0x0000000780000000,0x000000079f480000,0x000000079f480000)
  from space 120832K, 0% used [0x00000007a8e80000,0x00000007a8e80000,0x00000007b0480000)
  to   space 157696K, 42% used [0x000000079f480000,0x00000007a3584c18,0x00000007a8e80000)
 ParOldGen       total 611840K, used 419054K [0x0000000700000000, 0x0000000725580000, 0x0000000780000000)
  object space 611840K, 68% used [0x0000000700000000,0x000000071993b870,0x0000000725580000)
 Metaspace       used 6597K, capacity 7320K, committed 7680K, reserved 1056768K
  class space    used 614K, capacity 656K, committed 768K, reserved 1048576K

