# JRE version: Java(TM) SE Runtime Environment (8.0_66-b17) (build 1.8.0_66-b17)
# Java VM: Java HotSpot(TM) 64-Bit Server VM (25.66-b17 mixed mode linux-amd64 compressed oops)
Heap:
 PSYoungGen      total 708096K, used 214627K [0x0000000780000000, 0x00000007c0000000, 0x00000007c0000000)
  eden space 465920K, 0% used [0x0000000780000000,0x0000000780000000,0x000000079c700000)
  from space 242176K, 88% used [0x00000007b1380000,0x00000007be518fd8,0x00000007c0000000)
  to   space 291328K, 0% used [0x000000079c700000,0x000000079c700000,0x00000007ae380000)
 ParOldGen       total 613888K, used 613527K [0x0000000700000000, 0x0000000725780000, 0x0000000780000000)
  object space 613888K, 99% used [0x0000000700000000,0x0000000725725ce0,0x0000000725780000)
 Metaspace       used 6711K, capacity 7384K, committed 7680K, reserved 1056768K
  class space    used 622K, capacity 656K, committed 768K, reserved 1048576K
GC Heap History (10 events):
Event: 19,349 GC heap after
Heap after GC invocations=18 (full 3):
 PSYoungGen      total 672256K, used 145380K [0x0000000780000000, 0x00000007bcf00000, 0x00000007c0000000)
  eden space 526848K, 0% used [0x0000000780000000,0x0000000780000000,0x00000007a0280000)
  from space 145408K, 99% used [0x00000007a0280000,0x00000007a9079380,0x00000007a9080000)
  to   space 192000K, 0% used [0x00000007b1380000,0x00000007b1380000,0x00000007bcf00000)
 ParOldGen       total 379392K, used 369261K [0x0000000700000000, 0x0000000717280000, 0x0000000780000000)
  object space 379392K, 97% used [0x0000000700000000,0x000000071689b648,0x0000000717280000)
 Metaspace       used 6592K, capacity 7320K, committed 7680K, reserved 1056768K
  class space    used 615K, capacity 656K, committed 768K, reserved 1048576K
}
Event: 19,349 GC heap before
{Heap before GC invocations=19 (full 4):
 PSYoungGen      total 672256K, used 145380K [0x0000000780000000, 0x00000007bcf00000, 0x00000007c0000000)
  eden space 526848K, 0% used [0x0000000780000000,0x0000000780000000,0x00000007a0280000)
  from space 145408K, 99% used [0x00000007a0280000,0x00000007a9079380,0x00000007a9080000)
  to   space 192000K, 0% used [0x00000007b1380000,0x00000007b1380000,0x00000007bcf00000)
 ParOldGen       total 379392K, used 369261K [0x0000000700000000, 0x0000000717280000, 0x0000000780000000)
  object space 379392K, 97% used [0x0000000700000000,0x000000071689b648,0x0000000717280000)
 Metaspace       used 6592K, capacity 7320K, committed 7680K, reserved 1056768K
  class space    used 615K, capacity 656K, committed 768K, reserved 1048576K
Event: 21,595 GC heap after
Heap after GC invocations=19 (full 4):
 PSYoungGen      total 672256K, used 130997K [0x0000000780000000, 0x00000007bcf00000, 0x00000007c0000000)
  eden space 526848K, 0% used [0x0000000780000000,0x0000000780000000,0x00000007a0280000)
  from space 145408K, 90% used [0x00000007a0280000,0x00000007a826d7d0,0x00000007a9080000)
  to   space 192000K, 0% used [0x00000007b1380000,0x00000007b1380000,0x00000007bcf00000)
 ParOldGen       total 592896K, used 379103K [0x0000000700000000, 0x0000000724300000, 0x0000000780000000)
  object space 592896K, 63% used [0x0000000700000000,0x0000000717237d38,0x0000000724300000)
 Metaspace       used 6592K, capacity 7320K, committed 7680K, reserved 1056768K
  class space    used 615K, capacity 656K, committed 768K, reserved 1048576K
}
Event: 23,220 GC heap before
{Heap before GC invocations=20 (full 4):
 PSYoungGen      total 672256K, used 657845K [0x0000000780000000, 0x00000007bcf00000, 0x00000007c0000000)
  eden space 526848K, 100% used [0x0000000780000000,0x00000007a0280000,0x00000007a0280000)
  from space 145408K, 90% used [0x00000007a0280000,0x00000007a826d7d0,0x00000007a9080000)
  to   space 192000K, 0% used [0x00000007b1380000,0x00000007b1380000,0x00000007bcf00000)
 ParOldGen       total 592896K, used 379103K [0x0000000700000000, 0x0000000724300000, 0x0000000780000000)
  object space 592896K, 63% used [0x0000000700000000,0x0000000717237d38,0x0000000724300000)
 Metaspace       used 6593K, capacity 7320K, committed 7680K, reserved 1056768K
  class space    used 615K, capacity 656K, committed 768K, reserved 1048576K
Event: 23,798 GC heap after
Heap after GC invocations=20 (full 4):
 PSYoungGen      total 790016K, used 146291K [0x0000000780000000, 0x00000007bf300000, 0x00000007c0000000)
  eden space 598016K, 0% used [0x0000000780000000,0x0000000780000000,0x00000007a4800000)
  from space 192000K, 76% used [0x00000007b1380000,0x00000007ba25cf70,0x00000007bcf00000)
  to   space 208384K, 0% used [0x00000007a4800000,0x00000007a4800000,0x00000007b1380000)
 ParOldGen       total 592896K, used 451256K [0x0000000700000000, 0x0000000724300000, 0x0000000780000000)
  object space 592896K, 76% used [0x0000000700000000,0x000000071b8ae3b0,0x0000000724300000)
 Metaspace       used 6593K, capacity 7320K, committed 7680K, reserved 1056768K
  class space    used 615K, capacity 656K, committed 768K, reserved 1048576K
}
Event: 25,563 GC heap before
{Heap before GC invocations=21 (full 4):
 PSYoungGen      total 790016K, used 744307K [0x0000000780000000, 0x00000007bf300000, 0x00000007c0000000)
  eden space 598016K, 100% used [0x0000000780000000,0x00000007a4800000,0x00000007a4800000)
  from space 192000K, 76% used [0x00000007b1380000,0x00000007ba25cf70,0x00000007bcf00000)
  to   space 208384K, 0% used [0x00000007a4800000,0x00000007a4800000,0x00000007b1380000)
 ParOldGen       total 592896K, used 451256K [0x0000000700000000, 0x0000000724300000, 0x0000000780000000)
  object space 592896K, 76% used [0x0000000700000000,0x000000071b8ae3b0,0x0000000724300000)
 Metaspace       used 6603K, capacity 7320K, committed 7680K, reserved 1056768K
  class space    used 616K, capacity 656K, committed 768K, reserved 1048576K
Event: 25,896 GC heap after
Heap after GC invocations=21 (full 4):
 PSYoungGen      total 806400K, used 208371K [0x0000000780000000, 0x00000007c0000000, 0x00000007c0000000)
  eden space 598016K, 0% used [0x0000000780000000,0x0000000780000000,0x00000007a4800000)
  from space 208384K, 99% used [0x00000007a4800000,0x00000007b137cdb8,0x00000007b1380000)
  to   space 242176K, 0% used [0x00000007b1380000,0x00000007b1380000,0x00000007c0000000)
 ParOldGen       total 592896K, used 475368K [0x0000000700000000, 0x0000000724300000, 0x0000000780000000)
  object space 592896K, 80% used [0x0000000700000000,0x000000071d03a108,0x0000000724300000)
 Metaspace       used 6603K, capacity 7320K, committed 7680K, reserved 1056768K
  class space    used 616K, capacity 656K, committed 768K, reserved 1048576K
}
Event: 27,555 GC heap before
{Heap before GC invocations=22 (full 4):
 PSYoungGen      total 806400K, used 806387K [0x0000000780000000, 0x00000007c0000000, 0x00000007c0000000)
  eden space 598016K, 100% used [0x0000000780000000,0x00000007a4800000,0x00000007a4800000)
  from space 208384K, 99% used [0x00000007a4800000,0x00000007b137cdb8,0x00000007b1380000)
  to   space 242176K, 0% used [0x00000007b1380000,0x00000007b1380000,0x00000007c0000000)
 ParOldGen       total 592896K, used 475368K [0x0000000700000000, 0x0000000724300000, 0x0000000780000000)
  object space 592896K, 80% used [0x0000000700000000,0x000000071d03a108,0x0000000724300000)
 Metaspace       used 6711K, capacity 7384K, committed 7680K, reserved 1056768K
  class space    used 622K, capacity 656K, committed 768K, reserved 1048576K
Event: 28,051 GC heap after
Heap after GC invocations=22 (full 4):
 PSYoungGen      total 708096K, used 237951K [0x0000000780000000, 0x00000007c0000000, 0x00000007c0000000)
  eden space 465920K, 0% used [0x0000000780000000,0x0000000780000000,0x000000079c700000)
  from space 242176K, 98% used [0x00000007b1380000,0x00000007bfbdff90,0x00000007c0000000)
  to   space 291328K, 0% used [0x000000079c700000,0x000000079c700000,0x00000007ae380000)
 ParOldGen       total 613888K, used 613730K [0x0000000700000000, 0x0000000725780000, 0x0000000780000000)
  object space 613888K, 99% used [0x0000000700000000,0x0000000725758998,0x0000000725780000)
 Metaspace       used 6711K, capacity 7384K, committed 7680K, reserved 1056768K
  class space    used 622K, capacity 656K, committed 768K, reserved 1048576K
}
Event: 28,051 GC heap before
{Heap before GC invocations=23 (full 5):
 PSYoungGen      total 708096K, used 237951K [0x0000000780000000, 0x00000007c0000000, 0x00000007c0000000)
  eden space 465920K, 0% used [0x0000000780000000,0x0000000780000000,0x000000079c700000)
  from space 242176K, 98% used [0x00000007b1380000,0x00000007bfbdff90,0x00000007c0000000)
  to   space 291328K, 0% used [0x000000079c700000,0x000000079c700000,0x00000007ae380000)
 ParOldGen       total 613888K, used 613730K [0x0000000700000000, 0x0000000725780000, 0x0000000780000000)
  object space 613888K, 99% used [0x0000000700000000,0x0000000725758998,0x0000000725780000)
 Metaspace       used 6711K, capacity 7384K, committed 7680K, reserved 1056768K
  class space    used 622K, capacity 656K, committed 768K, reserved 1048576K

