# JRE version: Java(TM) SE Runtime Environment (8.0_66-b17) (build 1.8.0_66-b17)
# Java VM: Java HotSpot(TM) 64-Bit Server VM (25.66-b17 mixed mode linux-amd64 compressed oops)
Heap:
 PSYoungGen      total 347136K, used 97465K [0x000000076ab00000, 0x0000000786a00000, 0x00000007c0000000)
  eden space 244224K, 0% used [0x000000076ab00000,0x000000076ab00000,0x0000000779980000)
  from space 102912K, 94% used [0x0000000779980000,0x000000077f8ae438,0x000000077fe00000)
  to   space 84992K, 0% used [0x000000077fe00000,0x000000077fe00000,0x0000000785100000)
 ParOldGen       total 251392K, used 212514K [0x00000006c0000000, 0x00000006cf580000, 0x000000076ab00000)
  object space 251392K, 84% used [0x00000006c0000000,0x00000006ccf88ba8,0x00000006cf580000)
 Metaspace       used 6434K, capacity 7256K, committed 7424K, reserved 1056768K
  class space    used 610K, capacity 656K, committed 768K, reserved 1048576K
GC Heap History (10 events):
Event: 16,005 GC heap after
Heap after GC invocations=11 (full 2):
 PSYoungGen      total 212480K, used 0K [0x000000076ab00000, 0x0000000780d80000, 0x00000007c0000000)
  eden space 170496K, 0% used [0x000000076ab00000,0x000000076ab00000,0x0000000775180000)
  from space 41984K, 0% used [0x0000000775180000,0x0000000775180000,0x0000000777a80000)
  to   space 78848K, 0% used [0x000000077c080000,0x000000077c080000,0x0000000780d80000)
 ParOldGen       total 231424K, used 132216K [0x00000006c0000000, 0x00000006ce200000, 0x000000076ab00000)
  object space 231424K, 57% used [0x00000006c0000000,0x00000006c811e050,0x00000006ce200000)
 Metaspace       used 6361K, capacity 7192K, committed 7424K, reserved 1056768K
  class space    used 610K, capacity 656K, committed 768K, reserved 1048576K
}
Event: 16,435 GC heap before
{Heap before GC invocations=12 (full 2):
 PSYoungGen      total 212480K, used 170496K [0x000000076ab00000, 0x0000000780d80000, 0x00000007c0000000)
  eden space 170496K, 100% used [0x000000076ab00000,0x0000000775180000,0x0000000775180000)
  from space 41984K, 0% used [0x0000000775180000,0x0000000775180000,0x0000000777a80000)
  to   space 78848K, 0% used [0x000000077c080000,0x000000077c080000,0x0000000780d80000)
 ParOldGen       total 231424K, used 132216K [0x00000006c0000000, 0x00000006ce200000, 0x000000076ab00000)
  object space 231424K, 57% used [0x00000006c0000000,0x00000006c811e050,0x00000006ce200000)
 Metaspace       used 6370K, capacity 7192K, committed 7424K, reserved 1056768K
  class space    used 610K, capacity 656K, committed 768K, reserved 1048576K
Event: 16,817 GC heap after
Heap after GC invocations=12 (full 2):
 PSYoungGen      total 274432K, used 67523K [0x000000076ab00000, 0x0000000783400000, 0x00000007c0000000)
  eden space 195584K, 0% used [0x000000076ab00000,0x000000076ab00000,0x0000000776a00000)
  from space 78848K, 85% used [0x000000077c080000,0x0000000780270d98,0x0000000780d80000)
  to   space 88576K, 0% used [0x0000000776a00000,0x0000000776a00000,0x000000077c080000)
 ParOldGen       total 231424K, used 132216K [0x00000006c0000000, 0x00000006ce200000, 0x000000076ab00000)
  object space 231424K, 57% used [0x00000006c0000000,0x00000006c811e050,0x00000006ce200000)
 Metaspace       used 6370K, capacity 7192K, committed 7424K, reserved 1056768K
  class space    used 610K, capacity 656K, committed 768K, reserved 1048576K
}
Event: 17,885 GC heap before
{Heap before GC invocations=13 (full 2):
 PSYoungGen      total 274432K, used 263107K [0x000000076ab00000, 0x0000000783400000, 0x00000007c0000000)
  eden space 195584K, 100% used [0x000000076ab00000,0x0000000776a00000,0x0000000776a00000)
  from space 78848K, 85% used [0x000000077c080000,0x0000000780270d98,0x0000000780d80000)
  to   space 88576K, 0% used [0x0000000776a00000,0x0000000776a00000,0x000000077c080000)
 ParOldGen       total 231424K, used 132216K [0x00000006c0000000, 0x00000006ce200000, 0x000000076ab00000)
  object space 231424K, 57% used [0x00000006c0000000,0x00000006c811e050,0x00000006ce200000)
 Metaspace       used 6399K, capacity 7192K, committed 7424K, reserved 1056768K
  class space    used 610K, capacity 656K, committed 768K, reserved 1048576K
Event: 18,254 GC heap after
Heap after GC invocations=13 (full 2):
 PSYoungGen      total 284160K, used 37726K [0x000000076ab00000, 0x0000000785100000, 0x00000007c0000000)
  eden space 195584K, 0% used [0x000000076ab00000,0x000000076ab00000,0x0000000776a00000)
  from space 88576K, 42% used [0x0000000776a00000,0x0000000778ed7b90,0x000000077c080000)
  to   space 84992K, 0% used [0x000000077fe00000,0x000000077fe00000,0x0000000785100000)
 ParOldGen       total 231424K, used 198030K [0x00000006c0000000, 0x00000006ce200000, 0x000000076ab00000)
  object space 231424K, 85% used [0x00000006c0000000,0x00000006cc163828,0x00000006ce200000)
 Metaspace       used 6399K, capacity 7192K, committed 7424K, reserved 1056768K
  class space    used 610K, capacity 656K, committed 768K, reserved 1048576K
}
Event: 18,254 GC heap before
{Heap before GC invocations=14 (full 3):
 PSYoungGen      total 284160K, used 37726K [0x000000076ab00000, 0x0000000785100000, 0x00000007c0000000)
  eden space 195584K, 0% used [0x000000076ab00000,0x000000076ab00000,0x0000000776a00000)
  from space 88576K, 42% used [0x0000000776a00000,0x0000000778ed7b90,0x000000077c080000)
  to   space 84992K, 0% used [0x000000077fe00000,0x000000077fe00000,0x0000000785100000)
 ParOldGen       total 231424K, used 198030K [0x00000006c0000000, 0x00000006ce200000, 0x000000076ab00000)
  object space 231424K, 85% used [0x00000006c0000000,0x00000006cc163828,0x00000006ce200000)
 Metaspace       used 6399K, capacity 7192K, committed 7424K, reserved 1056768K
  class space    used 610K, capacity 656K, committed 768K, reserved 1048576K
Event: 19,390 GC heap after
Heap after GC invocations=14 (full 3):
 PSYoungGen      total 284160K, used 0K [0x000000076ab00000, 0x0000000785100000, 0x00000007c0000000)
  eden space 195584K, 0% used [0x000000076ab00000,0x000000076ab00000,0x0000000776a00000)
  from space 88576K, 0% used [0x0000000776a00000,0x0000000776a00000,0x000000077c080000)
  to   space 84992K, 0% used [0x000000077fe00000,0x000000077fe00000,0x0000000785100000)
 ParOldGen       total 251392K, used 120327K [0x00000006c0000000, 0x00000006cf580000, 0x000000076ab00000)
  object space 251392K, 47% used [0x00000006c0000000,0x00000006c7581d98,0x00000006cf580000)
 Metaspace       used 6399K, capacity 7192K, committed 7424K, reserved 1056768K
  class space    used 610K, capacity 656K, committed 768K, reserved 1048576K
}
Event: 21,716 GC heap before
{Heap before GC invocations=15 (full 3):
 PSYoungGen      total 284160K, used 195584K [0x000000076ab00000, 0x0000000785100000, 0x00000007c0000000)
  eden space 195584K, 100% used [0x000000076ab00000,0x0000000776a00000,0x0000000776a00000)
  from space 88576K, 0% used [0x0000000776a00000,0x0000000776a00000,0x000000077c080000)
  to   space 84992K, 0% used [0x000000077fe00000,0x000000077fe00000,0x0000000785100000)
 ParOldGen       total 251392K, used 120327K [0x00000006c0000000, 0x00000006cf580000, 0x000000076ab00000)
  object space 251392K, 47% used [0x00000006c0000000,0x00000006c7581d98,0x00000006cf580000)
 Metaspace       used 6424K, capacity 7256K, committed 7424K, reserved 1056768K
  class space    used 610K, capacity 656K, committed 768K, reserved 1048576K
Event: 22,494 GC heap after
Heap after GC invocations=15 (full 3):
 PSYoungGen      total 329216K, used 84963K [0x000000076ab00000, 0x0000000786a00000, 0x00000007c0000000)
  eden space 244224K, 0% used [0x000000076ab00000,0x000000076ab00000,0x0000000779980000)
  from space 84992K, 99% used [0x000000077fe00000,0x00000007850f8fd8,0x0000000785100000)
  to   space 102912K, 0% used [0x0000000779980000,0x0000000779980000,0x000000077fe00000)
 ParOldGen       total 251392K, used 129532K [0x00000006c0000000, 0x00000006cf580000, 0x000000076ab00000)
  object space 251392K, 51% used [0x00000006c0000000,0x00000006c7e7f030,0x00000006cf580000)
 Metaspace       used 6424K, capacity 7256K, committed 7424K, reserved 1056768K
  class space    used 610K, capacity 656K, committed 768K, reserved 1048576K
}
Event: 23,307 GC heap before
{Heap before GC invocations=16 (full 3):
 PSYoungGen      total 329216K, used 329187K [0x000000076ab00000, 0x0000000786a00000, 0x00000007c0000000)
  eden space 244224K, 100% used [0x000000076ab00000,0x0000000779980000,0x0000000779980000)
  from space 84992K, 99% used [0x000000077fe00000,0x00000007850f8fd8,0x0000000785100000)
  to   space 102912K, 0% used [0x0000000779980000,0x0000000779980000,0x000000077fe00000)
 ParOldGen       total 251392K, used 129532K [0x00000006c0000000, 0x00000006cf580000, 0x000000076ab00000)
  object space 251392K, 51% used [0x00000006c0000000,0x00000006c7e7f030,0x00000006cf580000)
 Metaspace       used 6434K, capacity 7256K, committed 7424K, reserved 1056768K
  class space    used 610K, capacity 656K, committed 768K, reserved 1048576K

