# JRE version: Java(TM) SE Runtime Environment (8.0_66-b17) (build 1.8.0_66-b17)
# Java VM: Java HotSpot(TM) 64-Bit Server VM (25.66-b17 mixed mode linux-amd64 compressed oops)
Heap:
 PSYoungGen      total 200192K, used 7653K [0x0000000782180000, 0x000000078ec80000, 0x00000007c0000000)
  eden space 192512K, 0% used [0x0000000782180000,0x0000000782180000,0x000000078dd80000)
  from space 7680K, 99% used [0x000000078dd80000,0x000000078e4f9698,0x000000078e500000)
  to   space 7680K, 0% used [0x000000078e500000,0x000000078e500000,0x000000078ec80000)
 ParOldGen       total 126976K, used 67959K [0x0000000706400000, 0x000000070e000000, 0x0000000782180000)
  object space 126976K, 53% used [0x0000000706400000,0x000000070a65dd68,0x000000070e000000)
 Metaspace       used 3681K, capacity 5144K, committed 5376K, reserved 1056768K
  class space    used 388K, capacity 456K, committed 512K, reserved 1048576K
GC Heap History (9 events):
Event: 1,279 GC heap before
{Heap before GC invocations=1 (full 0):
 PSYoungGen      total 55808K, used 48128K [0x0000000782180000, 0x0000000785f80000, 0x00000007c0000000)
  eden space 48128K, 100% used [0x0000000782180000,0x0000000785080000,0x0000000785080000)
  from space 7680K, 0% used [0x0000000785800000,0x0000000785800000,0x0000000785f80000)
  to   space 7680K, 0% used [0x0000000785080000,0x0000000785080000,0x0000000785800000)
 ParOldGen       total 126976K, used 0K [0x0000000706400000, 0x000000070e000000, 0x0000000782180000)
  object space 126976K, 0% used [0x0000000706400000,0x0000000706400000,0x000000070e000000)
 Metaspace       used 3645K, capacity 5144K, committed 5376K, reserved 1056768K
  class space    used 384K, capacity 456K, committed 512K, reserved 1048576K
Event: 1,319 GC heap after
Heap after GC invocations=1 (full 0):
 PSYoungGen      total 55808K, used 5706K [0x0000000782180000, 0x0000000788e80000, 0x00000007c0000000)
  eden space 48128K, 0% used [0x0000000782180000,0x0000000782180000,0x0000000785080000)
  from space 7680K, 74% used [0x0000000785080000,0x0000000785612a60,0x0000000785800000)
  to   space 7680K, 0% used [0x0000000788700000,0x0000000788700000,0x0000000788e80000)
 ParOldGen       total 126976K, used 8K [0x0000000706400000, 0x000000070e000000, 0x0000000782180000)
  object space 126976K, 0% used [0x0000000706400000,0x0000000706402000,0x000000070e000000)
 Metaspace       used 3645K, capacity 5144K, committed 5376K, reserved 1056768K
  class space    used 384K, capacity 456K, committed 512K, reserved 1048576K
}
Event: 1,760 GC heap before
{Heap before GC invocations=2 (full 0):
 PSYoungGen      total 55808K, used 53834K [0x0000000782180000, 0x0000000788e80000, 0x00000007c0000000)
  eden space 48128K, 100% used [0x0000000782180000,0x0000000785080000,0x0000000785080000)
  from space 7680K, 74% used [0x0000000785080000,0x0000000785612a60,0x0000000785800000)
  to   space 7680K, 0% used [0x0000000788700000,0x0000000788700000,0x0000000788e80000)
 ParOldGen       total 126976K, used 8K [0x0000000706400000, 0x000000070e000000, 0x0000000782180000)
  object space 126976K, 0% used [0x0000000706400000,0x0000000706402000,0x000000070e000000)
 Metaspace       used 3674K, capacity 5144K, committed 5376K, reserved 1056768K
  class space    used 388K, capacity 456K, committed 512K, reserved 1048576K
Event: 1,819 GC heap after
Heap after GC invocations=2 (full 0):
 PSYoungGen      total 103936K, used 7675K [0x0000000782180000, 0x0000000788e80000, 0x00000007c0000000)
  eden space 96256K, 0% used [0x0000000782180000,0x0000000782180000,0x0000000787f80000)
  from space 7680K, 99% used [0x0000000788700000,0x0000000788e7eca8,0x0000000788e80000)
  to   space 7680K, 0% used [0x0000000787f80000,0x0000000787f80000,0x0000000788700000)
 ParOldGen       total 126976K, used 3701K [0x0000000706400000, 0x000000070e000000, 0x0000000782180000)
  object space 126976K, 2% used [0x0000000706400000,0x000000070679d498,0x000000070e000000)
 Metaspace       used 3674K, capacity 5144K, committed 5376K, reserved 1056768K
  class space    used 388K, capacity 456K, committed 512K, reserved 1048576K
}
Event: 2,840 GC heap before
{Heap before GC invocations=3 (full 0):
 PSYoungGen      total 103936K, used 103931K [0x0000000782180000, 0x0000000788e80000, 0x00000007c0000000)
  eden space 96256K, 100% used [0x0000000782180000,0x0000000787f80000,0x0000000787f80000)
  from space 7680K, 99% used [0x0000000788700000,0x0000000788e7eca8,0x0000000788e80000)
  to   space 7680K, 0% used [0x0000000787f80000,0x0000000787f80000,0x0000000788700000)
 ParOldGen       total 126976K, used 3701K [0x0000000706400000, 0x000000070e000000, 0x0000000782180000)
  object space 126976K, 2% used [0x0000000706400000,0x000000070679d498,0x000000070e000000)
 Metaspace       used 3678K, capacity 5144K, committed 5376K, reserved 1056768K
  class space    used 388K, capacity 456K, committed 512K, reserved 1048576K
Event: 2,891 GC heap after
Heap after GC invocations=3 (full 0):
 PSYoungGen      total 103936K, used 7652K [0x0000000782180000, 0x000000078ec80000, 0x00000007c0000000)
  eden space 96256K, 0% used [0x0000000782180000,0x0000000782180000,0x0000000787f80000)
  from space 7680K, 99% used [0x0000000787f80000,0x00000007886f9050,0x0000000788700000)
  to   space 7680K, 0% used [0x000000078e500000,0x000000078e500000,0x000000078ec80000)
 ParOldGen       total 126976K, used 19407K [0x0000000706400000, 0x000000070e000000, 0x0000000782180000)
  object space 126976K, 15% used [0x0000000706400000,0x00000007076f3e40,0x000000070e000000)
 Metaspace       used 3678K, capacity 5144K, committed 5376K, reserved 1056768K
  class space    used 388K, capacity 456K, committed 512K, reserved 1048576K
}
Event: 3,438 GC heap before
{Heap before GC invocations=4 (full 0):
 PSYoungGen      total 103936K, used 103908K [0x0000000782180000, 0x000000078ec80000, 0x00000007c0000000)
  eden space 96256K, 100% used [0x0000000782180000,0x0000000787f80000,0x0000000787f80000)
  from space 7680K, 99% used [0x0000000787f80000,0x00000007886f9050,0x0000000788700000)
  to   space 7680K, 0% used [0x000000078e500000,0x000000078e500000,0x000000078ec80000)
 ParOldGen       total 126976K, used 19407K [0x0000000706400000, 0x000000070e000000, 0x0000000782180000)
  object space 126976K, 15% used [0x0000000706400000,0x00000007076f3e40,0x000000070e000000)
 Metaspace       used 3681K, capacity 5144K, committed 5376K, reserved 1056768K
  class space    used 388K, capacity 456K, committed 512K, reserved 1048576K
Event: 3,501 GC heap after
Heap after GC invocations=4 (full 0):
 PSYoungGen      total 200192K, used 7664K [0x0000000782180000, 0x000000078ec80000, 0x00000007c0000000)
  eden space 192512K, 0% used [0x0000000782180000,0x0000000782180000,0x000000078dd80000)
  from space 7680K, 99% used [0x000000078e500000,0x000000078ec7c040,0x000000078ec80000)
  to   space 7680K, 0% used [0x000000078dd80000,0x000000078dd80000,0x000000078e500000)
 ParOldGen       total 126976K, used 35165K [0x0000000706400000, 0x000000070e000000, 0x0000000782180000)
  object space 126976K, 27% used [0x0000000706400000,0x0000000708657470,0x000000070e000000)
 Metaspace       used 3681K, capacity 5144K, committed 5376K, reserved 1056768K
  class space    used 388K, capacity 456K, committed 512K, reserved 1048576K
}
Event: 4,914 GC heap before
{Heap before GC invocations=5 (full 0):
 PSYoungGen      total 200192K, used 200176K [0x0000000782180000, 0x000000078ec80000, 0x00000007c0000000)
  eden space 192512K, 100% used [0x0000000782180000,0x000000078dd80000,0x000000078dd80000)
  from space 7680K, 99% used [0x000000078e500000,0x000000078ec7c040,0x000000078ec80000)
  to   space 7680K, 0% used [0x000000078dd80000,0x000000078dd80000,0x000000078e500000)
 ParOldGen       total 126976K, used 35165K [0x0000000706400000, 0x000000070e000000, 0x0000000782180000)
  object space 126976K, 27% used [0x0000000706400000,0x0000000708657470,0x000000070e000000)
 Metaspace       used 3681K, capacity 5144K, committed 5376K, reserved 1056768K
  class space    used 388K, capacity 456K, committed 512K, reserved 1048576K

