# JRE version: Java(TM) SE Runtime Environment (8.0_66-b17) (build 1.8.0_66-b17)
# Java VM: Java HotSpot(TM) 64-Bit Server VM (25.66-b17 mixed mode linux-amd64 compressed oops)
Heap:
 PSYoungGen      total 1169408K, used 125985K [0x000000076ab00000, 0x00000007c0000000, 0x00000007c0000000)
  eden space 941056K, 0% used [0x000000076ab00000,0x000000076ab00000,0x00000007a4200000)
  from space 228352K, 55% used [0x00000007a4200000,0x00000007abd08650,0x00000007b2100000)
  to   space 228352K, 0% used [0x00000007b2100000,0x00000007b2100000,0x00000007c0000000)
 ParOldGen       total 728576K, used 728410K [0x00000006c0000000, 0x00000006ec780000, 0x000000076ab00000)
  object space 728576K, 99% used [0x00000006c0000000,0x00000006ec7569b8,0x00000006ec780000)
 Metaspace       used 6725K, capacity 7384K, committed 7680K, reserved 1056768K
  class space    used 623K, capacity 656K, committed 768K, reserved 1048576K
GC Heap History (10 events):
Event: 15,871 GC heap after
Heap after GC invocations=12 (full 2):
 PSYoungGen      total 974336K, used 122260K [0x000000076ab00000, 0x00000007b9d80000, 0x00000007c0000000)
  eden space 839168K, 0% used [0x000000076ab00000,0x000000076ab00000,0x000000079de80000)
  from space 135168K, 90% used [0x00000007a9700000,0x00000007b0e65278,0x00000007b1b00000)
  to   space 188928K, 0% used [0x000000079de80000,0x000000079de80000,0x00000007a9700000)
 ParOldGen       total 442880K, used 244765K [0x00000006c0000000, 0x00000006db080000, 0x000000076ab00000)
  object space 442880K, 55% used [0x00000006c0000000,0x00000006cef076d0,0x00000006db080000)
 Metaspace       used 6599K, capacity 7320K, committed 7680K, reserved 1056768K
  class space    used 615K, capacity 656K, committed 768K, reserved 1048576K
}
Event: 18,891 GC heap before
{Heap before GC invocations=13 (full 2):
 PSYoungGen      total 974336K, used 961428K [0x000000076ab00000, 0x00000007b9d80000, 0x00000007c0000000)
  eden space 839168K, 100% used [0x000000076ab00000,0x000000079de80000,0x000000079de80000)
  from space 135168K, 90% used [0x00000007a9700000,0x00000007b0e65278,0x00000007b1b00000)
  to   space 188928K, 0% used [0x000000079de80000,0x000000079de80000,0x00000007a9700000)
 ParOldGen       total 442880K, used 244765K [0x00000006c0000000, 0x00000006db080000, 0x000000076ab00000)
  object space 442880K, 55% used [0x00000006c0000000,0x00000006cef076d0,0x00000006db080000)
 Metaspace       used 6602K, capacity 7320K, committed 7680K, reserved 1056768K
  class space    used 615K, capacity 656K, committed 768K, reserved 1048576K
Event: 19,462 GC heap after
Heap after GC invocations=13 (full 2):
 PSYoungGen      total 1028096K, used 131966K [0x000000076ab00000, 0x00000007c0000000, 0x00000007c0000000)
  eden space 839168K, 0% used [0x000000076ab00000,0x000000076ab00000,0x000000079de80000)
  from space 188928K, 69% used [0x000000079de80000,0x00000007a5f5fb20,0x00000007a9700000)
  to   space 201728K, 0% used [0x00000007b3b00000,0x00000007b3b00000,0x00000007c0000000)
 ParOldGen       total 442880K, used 368045K [0x00000006c0000000, 0x00000006db080000, 0x000000076ab00000)
  object space 442880K, 83% used [0x00000006c0000000,0x00000006d676b638,0x00000006db080000)
 Metaspace       used 6602K, capacity 7320K, committed 7680K, reserved 1056768K
  class space    used 615K, capacity 656K, committed 768K, reserved 1048576K
}
Event: 19,462 GC heap before
{Heap before GC invocations=14 (full 3):
 PSYoungGen      total 1028096K, used 131966K [0x000000076ab00000, 0x00000007c0000000, 0x00000007c0000000)
  eden space 839168K, 0% used [0x000000076ab00000,0x000000076ab00000,0x000000079de80000)
  from space 188928K, 69% used [0x000000079de80000,0x00000007a5f5fb20,0x00000007a9700000)
  to   space 201728K, 0% used [0x00000007b3b00000,0x00000007b3b00000,0x00000007c0000000)
 ParOldGen       total 442880K, used 368045K [0x00000006c0000000, 0x00000006db080000, 0x000000076ab00000)
  object space 442880K, 83% used [0x00000006c0000000,0x00000006d676b638,0x00000006db080000)
 Metaspace       used 6602K, capacity 7320K, committed 7680K, reserved 1056768K
  class space    used 615K, capacity 656K, committed 768K, reserved 1048576K
Event: 21,623 GC heap after
Heap after GC invocations=14 (full 3):
 PSYoungGen      total 1028096K, used 49932K [0x000000076ab00000, 0x00000007c0000000, 0x00000007c0000000)
  eden space 839168K, 0% used [0x000000076ab00000,0x000000076ab00000,0x000000079de80000)
  from space 188928K, 26% used [0x000000079de80000,0x00000007a0f430b0,0x00000007a9700000)
  to   space 201728K, 0% used [0x00000007b3b00000,0x00000007b3b00000,0x00000007c0000000)
 ParOldGen       total 728576K, used 442527K [0x00000006c0000000, 0x00000006ec780000, 0x000000076ab00000)
  object space 728576K, 60% used [0x00000006c0000000,0x00000006db027f70,0x00000006ec780000)
 Metaspace       used 6602K, capacity 7320K, committed 7680K, reserved 1056768K
  class space    used 615K, capacity 656K, committed 768K, reserved 1048576K
}
Event: 25,331 GC heap before
{Heap before GC invocations=15 (full 3):
 PSYoungGen      total 1028096K, used 889100K [0x000000076ab00000, 0x00000007c0000000, 0x00000007c0000000)
  eden space 839168K, 100% used [0x000000076ab00000,0x000000079de80000,0x000000079de80000)
  from space 188928K, 26% used [0x000000079de80000,0x00000007a0f430b0,0x00000007a9700000)
  to   space 201728K, 0% used [0x00000007b3b00000,0x00000007b3b00000,0x00000007c0000000)
 ParOldGen       total 728576K, used 442527K [0x00000006c0000000, 0x00000006ec780000, 0x000000076ab00000)
  object space 728576K, 60% used [0x00000006c0000000,0x00000006db027f70,0x00000006ec780000)
 Metaspace       used 6617K, capacity 7320K, committed 7680K, reserved 1056768K
  class space    used 617K, capacity 656K, committed 768K, reserved 1048576K
Event: 25,991 GC heap after
Heap after GC invocations=15 (full 3):
 PSYoungGen      total 1142784K, used 177831K [0x000000076ab00000, 0x00000007c0000000, 0x00000007c0000000)
  eden space 941056K, 0% used [0x000000076ab00000,0x000000076ab00000,0x00000007a4200000)
  from space 201728K, 88% used [0x00000007b3b00000,0x00000007be8a9e78,0x00000007c0000000)
  to   space 228352K, 0% used [0x00000007a4200000,0x00000007a4200000,0x00000007b2100000)
 ParOldGen       total 728576K, used 442527K [0x00000006c0000000, 0x00000006ec780000, 0x000000076ab00000)
  object space 728576K, 60% used [0x00000006c0000000,0x00000006db027f70,0x00000006ec780000)
 Metaspace       used 6617K, capacity 7320K, committed 7680K, reserved 1056768K
  class space    used 617K, capacity 656K, committed 768K, reserved 1048576K
}
Event: 29,179 GC heap before
{Heap before GC invocations=16 (full 3):
 PSYoungGen      total 1142784K, used 1118887K [0x000000076ab00000, 0x00000007c0000000, 0x00000007c0000000)
  eden space 941056K, 100% used [0x000000076ab00000,0x00000007a4200000,0x00000007a4200000)
  from space 201728K, 88% used [0x00000007b3b00000,0x00000007be8a9e78,0x00000007c0000000)
  to   space 228352K, 0% used [0x00000007a4200000,0x00000007a4200000,0x00000007b2100000)
 ParOldGen       total 728576K, used 442527K [0x00000006c0000000, 0x00000006ec780000, 0x000000076ab00000)
  object space 728576K, 60% used [0x00000006c0000000,0x00000006db027f70,0x00000006ec780000)
 Metaspace       used 6725K, capacity 7384K, committed 7680K, reserved 1056768K
  class space    used 623K, capacity 656K, committed 768K, reserved 1048576K
Event: 29,918 GC heap after
Heap after GC invocations=16 (full 3):
 PSYoungGen      total 1169408K, used 228335K [0x000000076ab00000, 0x00000007c0000000, 0x00000007c0000000)
  eden space 941056K, 0% used [0x000000076ab00000,0x000000076ab00000,0x00000007a4200000)
  from space 228352K, 99% used [0x00000007a4200000,0x00000007b20fbd28,0x00000007b2100000)
  to   space 228352K, 0% used [0x00000007b2100000,0x00000007b2100000,0x00000007c0000000)
 ParOldGen       total 728576K, used 639144K [0x00000006c0000000, 0x00000006ec780000, 0x000000076ab00000)
  object space 728576K, 87% used [0x00000006c0000000,0x00000006e702a240,0x00000006ec780000)
 Metaspace       used 6725K, capacity 7384K, committed 7680K, reserved 1056768K
  class space    used 623K, capacity 656K, committed 768K, reserved 1048576K
}
Event: 29,918 GC heap before
{Heap before GC invocations=17 (full 4):
 PSYoungGen      total 1169408K, used 228335K [0x000000076ab00000, 0x00000007c0000000, 0x00000007c0000000)
  eden space 941056K, 0% used [0x000000076ab00000,0x000000076ab00000,0x00000007a4200000)
  from space 228352K, 99% used [0x00000007a4200000,0x00000007b20fbd28,0x00000007b2100000)
  to   space 228352K, 0% used [0x00000007b2100000,0x00000007b2100000,0x00000007c0000000)
 ParOldGen       total 728576K, used 639144K [0x00000006c0000000, 0x00000006ec780000, 0x000000076ab00000)
  object space 728576K, 87% used [0x00000006c0000000,0x00000006e702a240,0x00000006ec780000)
 Metaspace       used 6725K, capacity 7384K, committed 7680K, reserved 1056768K
  class space    used 623K, capacity 656K, committed 768K, reserved 1048576K

