# JRE version: Java(TM) SE Runtime Environment (8.0_66-b17) (build 1.8.0_66-b17)
# Java VM: Java HotSpot(TM) 64-Bit Server VM (25.66-b17 mixed mode linux-amd64 compressed oops)
Heap:
 PSYoungGen      total 843264K, used 211426K [0x000000076ab00000, 0x00000007ad500000, 0x00000007c0000000)
  eden space 631808K, 0% used [0x000000076ab00000,0x000000076ab00000,0x0000000791400000)
  from space 211456K, 99% used [0x0000000791400000,0x000000079e278850,0x000000079e280000)
  to   space 185344K, 0% used [0x000000079e280000,0x000000079e280000,0x00000007a9780000)
 ParOldGen       total 571392K, used 569795K [0x00000006c0000000, 0x00000006e2e00000, 0x000000076ab00000)
  object space 571392K, 99% used [0x00000006c0000000,0x00000006e2c70d78,0x00000006e2e00000)
 Metaspace       used 6730K, capacity 7384K, committed 7680K, reserved 1056768K
  class space    used 622K, capacity 656K, committed 768K, reserved 1048576K
GC Heap History (10 events):
Event: 14,985 GC heap after
Heap after GC invocations=16 (full 3):
 PSYoungGen      total 602112K, used 98278K [0x000000076ab00000, 0x000000079e780000, 0x00000007c0000000)
  eden space 503808K, 0% used [0x000000076ab00000,0x000000076ab00000,0x0000000789700000)
  from space 98304K, 99% used [0x0000000789700000,0x000000078f6f9a88,0x000000078f700000)
  to   space 133120K, 0% used [0x0000000796580000,0x0000000796580000,0x000000079e780000)
 ParOldGen       total 363520K, used 272256K [0x00000006c0000000, 0x00000006d6300000, 0x000000076ab00000)
  object space 363520K, 74% used [0x00000006c0000000,0x00000006d09e0288,0x00000006d6300000)
 Metaspace       used 6603K, capacity 7320K, committed 7680K, reserved 1056768K
  class space    used 614K, capacity 656K, committed 768K, reserved 1048576K
}
Event: 16,670 GC heap before
{Heap before GC invocations=17 (full 3):
 PSYoungGen      total 602112K, used 602086K [0x000000076ab00000, 0x000000079e780000, 0x00000007c0000000)
  eden space 503808K, 100% used [0x000000076ab00000,0x0000000789700000,0x0000000789700000)
  from space 98304K, 99% used [0x0000000789700000,0x000000078f6f9a88,0x000000078f700000)
  to   space 133120K, 0% used [0x0000000796580000,0x0000000796580000,0x000000079e780000)
 ParOldGen       total 363520K, used 272256K [0x00000006c0000000, 0x00000006d6300000, 0x000000076ab00000)
  object space 363520K, 74% used [0x00000006c0000000,0x00000006d09e0288,0x00000006d6300000)
 Metaspace       used 6610K, capacity 7320K, committed 7680K, reserved 1056768K
  class space    used 615K, capacity 656K, committed 768K, reserved 1048576K
Event: 16,955 GC heap after
Heap after GC invocations=17 (full 3):
 PSYoungGen      total 695808K, used 122215K [0x000000076ab00000, 0x00000007a1300000, 0x00000007c0000000)
  eden space 562688K, 0% used [0x000000076ab00000,0x000000076ab00000,0x000000078d080000)
  from space 133120K, 91% used [0x0000000796580000,0x000000079dcd9f80,0x000000079e780000)
  to   space 152576K, 0% used [0x000000078d080000,0x000000078d080000,0x0000000796580000)
 ParOldGen       total 363520K, used 327698K [0x00000006c0000000, 0x00000006d6300000, 0x000000076ab00000)
  object space 363520K, 90% used [0x00000006c0000000,0x00000006d40049b8,0x00000006d6300000)
 Metaspace       used 6610K, capacity 7320K, committed 7680K, reserved 1056768K
  class space    used 615K, capacity 656K, committed 768K, reserved 1048576K
}
Event: 16,955 GC heap before
{Heap before GC invocations=18 (full 4):
 PSYoungGen      total 695808K, used 122215K [0x000000076ab00000, 0x00000007a1300000, 0x00000007c0000000)
  eden space 562688K, 0% used [0x000000076ab00000,0x000000076ab00000,0x000000078d080000)
  from space 133120K, 91% used [0x0000000796580000,0x000000079dcd9f80,0x000000079e780000)
  to   space 152576K, 0% used [0x000000078d080000,0x000000078d080000,0x0000000796580000)
 ParOldGen       total 363520K, used 327698K [0x00000006c0000000, 0x00000006d6300000, 0x000000076ab00000)
  object space 363520K, 90% used [0x00000006c0000000,0x00000006d40049b8,0x00000006d6300000)
 Metaspace       used 6610K, capacity 7320K, committed 7680K, reserved 1056768K
  class space    used 615K, capacity 656K, committed 768K, reserved 1048576K
Event: 18,701 GC heap after
Heap after GC invocations=18 (full 4):
 PSYoungGen      total 695808K, used 82764K [0x000000076ab00000, 0x00000007a1300000, 0x00000007c0000000)
  eden space 562688K, 0% used [0x000000076ab00000,0x000000076ab00000,0x000000078d080000)
  from space 133120K, 62% used [0x0000000796580000,0x000000079b653310,0x000000079e780000)
  to   space 152576K, 0% used [0x000000078d080000,0x000000078d080000,0x0000000796580000)
 ParOldGen       total 560128K, used 363413K [0x00000006c0000000, 0x00000006e2300000, 0x000000076ab00000)
  object space 560128K, 64% used [0x00000006c0000000,0x00000006d62e5638,0x00000006e2300000)
 Metaspace       used 6610K, capacity 7320K, committed 7680K, reserved 1056768K
  class space    used 615K, capacity 656K, committed 768K, reserved 1048576K
}
Event: 20,512 GC heap before
{Heap before GC invocations=19 (full 4):
 PSYoungGen      total 695808K, used 645452K [0x000000076ab00000, 0x00000007a1300000, 0x00000007c0000000)
  eden space 562688K, 100% used [0x000000076ab00000,0x000000078d080000,0x000000078d080000)
  from space 133120K, 62% used [0x0000000796580000,0x000000079b653310,0x000000079e780000)
  to   space 152576K, 0% used [0x000000078d080000,0x000000078d080000,0x0000000796580000)
 ParOldGen       total 560128K, used 363413K [0x00000006c0000000, 0x00000006e2300000, 0x000000076ab00000)
  object space 560128K, 64% used [0x00000006c0000000,0x00000006d62e5638,0x00000006e2300000)
 Metaspace       used 6611K, capacity 7320K, committed 7680K, reserved 1056768K
  class space    used 615K, capacity 656K, committed 768K, reserved 1048576K
Event: 20,915 GC heap after
Heap after GC invocations=19 (full 4):
 PSYoungGen      total 715264K, used 152571K [0x000000076ab00000, 0x00000007a9780000, 0x00000007c0000000)
  eden space 562688K, 0% used [0x000000076ab00000,0x000000076ab00000,0x000000078d080000)
  from space 152576K, 99% used [0x000000078d080000,0x000000079657ef58,0x0000000796580000)
  to   space 185344K, 0% used [0x000000079e280000,0x000000079e280000,0x00000007a9780000)
 ParOldGen       total 560128K, used 380657K [0x00000006c0000000, 0x00000006e2300000, 0x000000076ab00000)
  object space 560128K, 67% used [0x00000006c0000000,0x00000006d73bc6f8,0x00000006e2300000)
 Metaspace       used 6611K, capacity 7320K, committed 7680K, reserved 1056768K
  class space    used 615K, capacity 656K, committed 768K, reserved 1048576K
}
Event: 22,850 GC heap before
{Heap before GC invocations=20 (full 4):
 PSYoungGen      total 715264K, used 715259K [0x000000076ab00000, 0x00000007a9780000, 0x00000007c0000000)
  eden space 562688K, 100% used [0x000000076ab00000,0x000000078d080000,0x000000078d080000)
  from space 152576K, 99% used [0x000000078d080000,0x000000079657ef58,0x0000000796580000)
  to   space 185344K, 0% used [0x000000079e280000,0x000000079e280000,0x00000007a9780000)
 ParOldGen       total 560128K, used 380657K [0x00000006c0000000, 0x00000006e2300000, 0x000000076ab00000)
  object space 560128K, 67% used [0x00000006c0000000,0x00000006d73bc6f8,0x00000006e2300000)
 Metaspace       used 6624K, capacity 7320K, committed 7680K, reserved 1056768K
  class space    used 616K, capacity 656K, committed 768K, reserved 1048576K
Event: 23,279 GC heap after
Heap after GC invocations=20 (full 4):
 PSYoungGen      total 817152K, used 169226K [0x000000076ab00000, 0x00000007ad500000, 0x00000007c0000000)
  eden space 631808K, 0% used [0x000000076ab00000,0x000000076ab00000,0x0000000791400000)
  from space 185344K, 91% used [0x000000079e280000,0x00000007a87c2b88,0x00000007a9780000)
  to   space 211456K, 0% used [0x0000000791400000,0x0000000791400000,0x000000079e280000)
 ParOldGen       total 560128K, used 453714K [0x00000006c0000000, 0x00000006e2300000, 0x000000076ab00000)
  object space 560128K, 81% used [0x00000006c0000000,0x00000006dbb14bc8,0x00000006e2300000)
 Metaspace       used 6624K, capacity 7320K, committed 7680K, reserved 1056768K
  class space    used 616K, capacity 656K, committed 768K, reserved 1048576K
}
Event: 26,164 GC heap before
{Heap before GC invocations=21 (full 4):
 PSYoungGen      total 817152K, used 801034K [0x000000076ab00000, 0x00000007ad500000, 0x00000007c0000000)
  eden space 631808K, 100% used [0x000000076ab00000,0x0000000791400000,0x0000000791400000)
  from space 185344K, 91% used [0x000000079e280000,0x00000007a87c2b88,0x00000007a9780000)
  to   space 211456K, 0% used [0x0000000791400000,0x0000000791400000,0x000000079e280000)
 ParOldGen       total 560128K, used 453714K [0x00000006c0000000, 0x00000006e2300000, 0x000000076ab00000)
  object space 560128K, 81% used [0x00000006c0000000,0x00000006dbb14bc8,0x00000006e2300000)
 Metaspace       used 6730K, capacity 7384K, committed 7680K, reserved 1056768K
  class space    used 622K, capacity 656K, committed 768K, reserved 1048576K

