# JRE version: Java(TM) SE Runtime Environment (8.0_66-b17) (build 1.8.0_66-b17)
# Java VM: Java HotSpot(TM) 64-Bit Server VM (25.66-b17 mixed mode linux-amd64 compressed oops)
Heap:
 PSYoungGen      total 783872K, used 44185K [0x000000076ab00000, 0x00000007afb80000, 0x00000007c0000000)
  eden space 560640K, 0% used [0x000000076ab00000,0x000000076ab00000,0x000000078ce80000)
  from space 223232K, 19% used [0x000000078ce80000,0x000000078f9a6408,0x000000079a880000)
  to   space 246272K, 0% used [0x00000007a0b00000,0x00000007a0b00000,0x00000007afb80000)
 ParOldGen       total 820224K, used 819898K [0x00000006c0000000, 0x00000006f2100000, 0x000000076ab00000)
  object space 820224K, 99% used [0x00000006c0000000,0x00000006f20ae868,0x00000006f2100000)
 Metaspace       used 6742K, capacity 7384K, committed 7680K, reserved 1056768K
  class space    used 622K, capacity 656K, committed 768K, reserved 1048576K
GC Heap History (10 events):
Event: 20,513 GC heap after
Heap after GC invocations=19 (full 4):
 PSYoungGen      total 659968K, used 0K [0x000000076ab00000, 0x00000007a2f80000, 0x00000007c0000000)
  eden space 527360K, 0% used [0x000000076ab00000,0x000000076ab00000,0x000000078ae00000)
  from space 132608K, 0% used [0x0000000795580000,0x0000000795580000,0x000000079d700000)
  to   space 171520K, 39% used [0x000000078ae00000,0x000000078f0dd050,0x0000000795580000)
 ParOldGen       total 626176K, used 438790K [0x00000006c0000000, 0x00000006e6380000, 0x000000076ab00000)
  object space 626176K, 70% used [0x00000006c0000000,0x00000006dac81b00,0x00000006e6380000)
 Metaspace       used 6604K, capacity 7320K, committed 7680K, reserved 1056768K
  class space    used 614K, capacity 656K, committed 768K, reserved 1048576K
}
Event: 22,320 GC heap before
{Heap before GC invocations=20 (full 5):
 PSYoungGen      total 659968K, used 527360K [0x000000076ab00000, 0x00000007a2f80000, 0x00000007c0000000)
  eden space 527360K, 100% used [0x000000076ab00000,0x000000078ae00000,0x000000078ae00000)
  from space 132608K, 0% used [0x0000000795580000,0x0000000795580000,0x000000079d700000)
  to   space 171520K, 39% used [0x000000078ae00000,0x000000078f0dd050,0x0000000795580000)
 ParOldGen       total 626176K, used 438790K [0x00000006c0000000, 0x00000006e6380000, 0x000000076ab00000)
  object space 626176K, 70% used [0x00000006c0000000,0x00000006dac81b00,0x00000006e6380000)
 Metaspace       used 6605K, capacity 7320K, committed 7680K, reserved 1056768K
  class space    used 614K, capacity 656K, committed 768K, reserved 1048576K
Event: 23,785 GC heap after
Heap after GC invocations=20 (full 5):
 PSYoungGen      total 659968K, used 0K [0x000000076ab00000, 0x00000007a2f80000, 0x00000007c0000000)
  eden space 527360K, 0% used [0x000000076ab00000,0x000000076ab00000,0x000000078ae00000)
  from space 132608K, 0% used [0x0000000795580000,0x0000000795580000,0x000000079d700000)
  to   space 171520K, 0% used [0x000000078ae00000,0x000000078ae00000,0x0000000795580000)
 ParOldGen       total 810496K, used 588405K [0x00000006c0000000, 0x00000006f1780000, 0x000000076ab00000)
  object space 810496K, 72% used [0x00000006c0000000,0x00000006e3e9d530,0x00000006f1780000)
 Metaspace       used 6605K, capacity 7320K, committed 7680K, reserved 1056768K
  class space    used 614K, capacity 656K, committed 768K, reserved 1048576K
}
Event: 25,672 GC heap before
{Heap before GC invocations=21 (full 5):
 PSYoungGen      total 659968K, used 527360K [0x000000076ab00000, 0x00000007a2f80000, 0x00000007c0000000)
  eden space 527360K, 100% used [0x000000076ab00000,0x000000078ae00000,0x000000078ae00000)
  from space 132608K, 0% used [0x0000000795580000,0x0000000795580000,0x000000079d700000)
  to   space 171520K, 0% used [0x000000078ae00000,0x000000078ae00000,0x0000000795580000)
 ParOldGen       total 810496K, used 588405K [0x00000006c0000000, 0x00000006f1780000, 0x000000076ab00000)
  object space 810496K, 72% used [0x00000006c0000000,0x00000006e3e9d530,0x00000006f1780000)
 Metaspace       used 6616K, capacity 7320K, committed 7680K, reserved 1056768K
  class space    used 615K, capacity 656K, committed 768K, reserved 1048576K
Event: 25,768 GC heap after
Heap after GC invocations=21 (full 5):
 PSYoungGen      total 698880K, used 79773K [0x000000076ab00000, 0x00000007a4c00000, 0x00000007c0000000)
  eden space 527360K, 0% used [0x000000076ab00000,0x000000076ab00000,0x000000078ae00000)
  from space 171520K, 46% used [0x000000078ae00000,0x000000078fbe7620,0x0000000795580000)
  to   space 167424K, 0% used [0x000000079a880000,0x000000079a880000,0x00000007a4c00000)
 ParOldGen       total 810496K, used 588405K [0x00000006c0000000, 0x00000006f1780000, 0x000000076ab00000)
  object space 810496K, 72% used [0x00000006c0000000,0x00000006e3e9d530,0x00000006f1780000)
 Metaspace       used 6616K, capacity 7320K, committed 7680K, reserved 1056768K
  class space    used 615K, capacity 656K, committed 768K, reserved 1048576K
}
Event: 27,561 GC heap before
{Heap before GC invocations=22 (full 5):
 PSYoungGen      total 698880K, used 607133K [0x000000076ab00000, 0x00000007a4c00000, 0x00000007c0000000)
  eden space 527360K, 100% used [0x000000076ab00000,0x000000078ae00000,0x000000078ae00000)
  from space 171520K, 46% used [0x000000078ae00000,0x000000078fbe7620,0x0000000795580000)
  to   space 167424K, 0% used [0x000000079a880000,0x000000079a880000,0x00000007a4c00000)
 ParOldGen       total 810496K, used 588405K [0x00000006c0000000, 0x00000006f1780000, 0x000000076ab00000)
  object space 810496K, 72% used [0x00000006c0000000,0x00000006e3e9d530,0x00000006f1780000)
 Metaspace       used 6721K, capacity 7384K, committed 7680K, reserved 1056768K
  class space    used 621K, capacity 656K, committed 768K, reserved 1048576K
Event: 27,956 GC heap after
Heap after GC invocations=22 (full 5):
 PSYoungGen      total 728064K, used 167417K [0x000000076ab00000, 0x00000007aa200000, 0x00000007c0000000)
  eden space 560640K, 0% used [0x000000076ab00000,0x000000076ab00000,0x000000078ce80000)
  from space 167424K, 99% used [0x000000079a880000,0x00000007a4bfe638,0x00000007a4c00000)
  to   space 223232K, 0% used [0x000000078ce80000,0x000000078ce80000,0x000000079a880000)
 ParOldGen       total 810496K, used 661821K [0x00000006c0000000, 0x00000006f1780000, 0x000000076ab00000)
  object space 810496K, 81% used [0x00000006c0000000,0x00000006e864f508,0x00000006f1780000)
 Metaspace       used 6721K, capacity 7384K, committed 7680K, reserved 1056768K
  class space    used 621K, capacity 656K, committed 768K, reserved 1048576K
}
Event: 29,421 GC heap before
{Heap before GC invocations=23 (full 5):
 PSYoungGen      total 728064K, used 728057K [0x000000076ab00000, 0x00000007aa200000, 0x00000007c0000000)
  eden space 560640K, 100% used [0x000000076ab00000,0x000000078ce80000,0x000000078ce80000)
  from space 167424K, 99% used [0x000000079a880000,0x00000007a4bfe638,0x00000007a4c00000)
  to   space 223232K, 0% used [0x000000078ce80000,0x000000078ce80000,0x000000079a880000)
 ParOldGen       total 810496K, used 661821K [0x00000006c0000000, 0x00000006f1780000, 0x000000076ab00000)
  object space 810496K, 81% used [0x00000006c0000000,0x00000006e864f508,0x00000006f1780000)
 Metaspace       used 6742K, capacity 7384K, committed 7680K, reserved 1056768K
  class space    used 622K, capacity 656K, committed 768K, reserved 1048576K
Event: 29,832 GC heap after
Heap after GC invocations=23 (full 5):
 PSYoungGen      total 783872K, used 181002K [0x000000076ab00000, 0x00000007afb80000, 0x00000007c0000000)
  eden space 560640K, 0% used [0x000000076ab00000,0x000000076ab00000,0x000000078ce80000)
  from space 223232K, 81% used [0x000000078ce80000,0x0000000797f42bb8,0x000000079a880000)
  to   space 246272K, 0% used [0x00000007a0b00000,0x00000007a0b00000,0x00000007afb80000)
 ParOldGen       total 820224K, used 820045K [0x00000006c0000000, 0x00000006f2100000, 0x000000076ab00000)
  object space 820224K, 99% used [0x00000006c0000000,0x00000006f20d34f8,0x00000006f2100000)
 Metaspace       used 6742K, capacity 7384K, committed 7680K, reserved 1056768K
  class space    used 622K, capacity 656K, committed 768K, reserved 1048576K
}
Event: 29,833 GC heap before
{Heap before GC invocations=24 (full 6):
 PSYoungGen      total 783872K, used 181002K [0x000000076ab00000, 0x00000007afb80000, 0x00000007c0000000)
  eden space 560640K, 0% used [0x000000076ab00000,0x000000076ab00000,0x000000078ce80000)
  from space 223232K, 81% used [0x000000078ce80000,0x0000000797f42bb8,0x000000079a880000)
  to   space 246272K, 0% used [0x00000007a0b00000,0x00000007a0b00000,0x00000007afb80000)
 ParOldGen       total 820224K, used 820045K [0x00000006c0000000, 0x00000006f2100000, 0x000000076ab00000)
  object space 820224K, 99% used [0x00000006c0000000,0x00000006f20d34f8,0x00000006f2100000)
 Metaspace       used 6742K, capacity 7384K, committed 7680K, reserved 1056768K
  class space    used 622K, capacity 656K, committed 768K, reserved 1048576K

