# JRE version: Java(TM) SE Runtime Environment (8.0_66-b17) (build 1.8.0_66-b17)
# Java VM: Java HotSpot(TM) 64-Bit Server VM (25.66-b17 mixed mode linux-amd64 compressed oops)
Heap:
 PSYoungGen      total 967680K, used 87600K [0x000000076ab00000, 0x00000007c0000000, 0x00000007c0000000)
  eden space 624640K, 0% used [0x000000076ab00000,0x000000076ab00000,0x0000000790d00000)
  from space 343040K, 25% used [0x00000007ab100000,0x00000007b068c378,0x00000007c0000000)
  to   space 386560K, 0% used [0x0000000790d00000,0x0000000790d00000,0x00000007a8680000)
 ParOldGen       total 752640K, used 752441K [0x00000006c0000000, 0x00000006edf00000, 0x000000076ab00000)
  object space 752640K, 99% used [0x00000006c0000000,0x00000006edece4c8,0x00000006edf00000)
 Metaspace       used 6940K, capacity 7608K, committed 7936K, reserved 1056768K
  class space    used 636K, capacity 688K, committed 768K, reserved 1048576K
GC Heap History (10 events):
Event: 29,314 GC heap after
Heap after GC invocations=15 (full 2):
 PSYoungGen      total 971776K, used 236517K [0x000000076ab00000, 0x00000007c0000000, 0x00000007c0000000)
  eden space 735232K, 0% used [0x000000076ab00000,0x000000076ab00000,0x0000000797900000)
  from space 236544K, 99% used [0x0000000797900000,0x00000007a5ff9748,0x00000007a6000000)
  to   space 300032K, 0% used [0x00000007adb00000,0x00000007adb00000,0x00000007c0000000)
 ParOldGen       total 477184K, used 403929K [0x00000006c0000000, 0x00000006dd200000, 0x000000076ab00000)
  object space 477184K, 84% used [0x00000006c0000000,0x00000006d8a76658,0x00000006dd200000)
 Metaspace       used 6595K, capacity 7320K, committed 7680K, reserved 1056768K
  class space    used 617K, capacity 656K, committed 768K, reserved 1048576K
}
Event: 29,314 GC heap before
{Heap before GC invocations=16 (full 3):
 PSYoungGen      total 971776K, used 236517K [0x000000076ab00000, 0x00000007c0000000, 0x00000007c0000000)
  eden space 735232K, 0% used [0x000000076ab00000,0x000000076ab00000,0x0000000797900000)
  from space 236544K, 99% used [0x0000000797900000,0x00000007a5ff9748,0x00000007a6000000)
  to   space 300032K, 0% used [0x00000007adb00000,0x00000007adb00000,0x00000007c0000000)
 ParOldGen       total 477184K, used 403929K [0x00000006c0000000, 0x00000006dd200000, 0x000000076ab00000)
  object space 477184K, 84% used [0x00000006c0000000,0x00000006d8a76658,0x00000006dd200000)
 Metaspace       used 6595K, capacity 7320K, committed 7680K, reserved 1056768K
  class space    used 617K, capacity 656K, committed 768K, reserved 1048576K
Event: 32,568 GC heap after
Heap after GC invocations=16 (full 3):
 PSYoungGen      total 971776K, used 151524K [0x000000076ab00000, 0x00000007c0000000, 0x00000007c0000000)
  eden space 735232K, 0% used [0x000000076ab00000,0x000000076ab00000,0x0000000797900000)
  from space 236544K, 64% used [0x0000000797900000,0x00000007a0cf90d0,0x00000007a6000000)
  to   space 300032K, 0% used [0x00000007adb00000,0x00000007adb00000,0x00000007c0000000)
 ParOldGen       total 747008K, used 477120K [0x00000006c0000000, 0x00000006ed980000, 0x000000076ab00000)
  object space 747008K, 63% used [0x00000006c0000000,0x00000006dd1f0168,0x00000006ed980000)
 Metaspace       used 6595K, capacity 7320K, committed 7680K, reserved 1056768K
  class space    used 617K, capacity 656K, committed 768K, reserved 1048576K
}
Event: 35,573 GC heap before
{Heap before GC invocations=17 (full 3):
 PSYoungGen      total 971776K, used 886756K [0x000000076ab00000, 0x00000007c0000000, 0x00000007c0000000)
  eden space 735232K, 100% used [0x000000076ab00000,0x0000000797900000,0x0000000797900000)
  from space 236544K, 64% used [0x0000000797900000,0x00000007a0cf90d0,0x00000007a6000000)
  to   space 300032K, 0% used [0x00000007adb00000,0x00000007adb00000,0x00000007c0000000)
 ParOldGen       total 747008K, used 477120K [0x00000006c0000000, 0x00000006ed980000, 0x000000076ab00000)
  object space 747008K, 63% used [0x00000006c0000000,0x00000006dd1f0168,0x00000006ed980000)
 Metaspace       used 6703K, capacity 7384K, committed 7680K, reserved 1056768K
  class space    used 623K, capacity 656K, committed 768K, reserved 1048576K
Event: 36,506 GC heap after
Heap after GC invocations=17 (full 3):
 PSYoungGen      total 1011712K, used 272168K [0x000000076ab00000, 0x00000007c0000000, 0x00000007c0000000)
  eden space 711680K, 0% used [0x000000076ab00000,0x000000076ab00000,0x0000000796200000)
  from space 300032K, 90% used [0x00000007adb00000,0x00000007be4ca280,0x00000007c0000000)
  to   space 343040K, 0% used [0x0000000796200000,0x0000000796200000,0x00000007ab100000)
 ParOldGen       total 747008K, used 535005K [0x00000006c0000000, 0x00000006ed980000, 0x000000076ab00000)
  object space 747008K, 71% used [0x00000006c0000000,0x00000006e0a77740,0x00000006ed980000)
 Metaspace       used 6703K, capacity 7384K, committed 7680K, reserved 1056768K
  class space    used 623K, capacity 656K, committed 768K, reserved 1048576K
}
Event: 38,780 GC heap before
{Heap before GC invocations=18 (full 3):
 PSYoungGen      total 1011712K, used 983848K [0x000000076ab00000, 0x00000007c0000000, 0x00000007c0000000)
  eden space 711680K, 100% used [0x000000076ab00000,0x0000000796200000,0x0000000796200000)
  from space 300032K, 90% used [0x00000007adb00000,0x00000007be4ca280,0x00000007c0000000)
  to   space 343040K, 0% used [0x0000000796200000,0x0000000796200000,0x00000007ab100000)
 ParOldGen       total 747008K, used 535005K [0x00000006c0000000, 0x00000006ed980000, 0x000000076ab00000)
  object space 747008K, 71% used [0x00000006c0000000,0x00000006e0a77740,0x00000006ed980000)
 Metaspace       used 6724K, capacity 7384K, committed 7680K, reserved 1056768K
  class space    used 624K, capacity 656K, committed 768K, reserved 1048576K
Event: 39,283 GC heap after
Heap after GC invocations=18 (full 3):
 PSYoungGen      total 1054720K, used 343016K [0x000000076ab00000, 0x00000007c0000000, 0x00000007c0000000)
  eden space 711680K, 0% used [0x000000076ab00000,0x000000076ab00000,0x0000000796200000)
  from space 343040K, 99% used [0x0000000796200000,0x00000007ab0fa3c8,0x00000007ab100000)
  to   space 343040K, 0% used [0x00000007ab100000,0x00000007ab100000,0x00000007c0000000)
 ParOldGen       total 747008K, used 562136K [0x00000006c0000000, 0x00000006ed980000, 0x000000076ab00000)
  object space 747008K, 75% used [0x00000006c0000000,0x00000006e24f6008,0x00000006ed980000)
 Metaspace       used 6724K, capacity 7384K, committed 7680K, reserved 1056768K
  class space    used 624K, capacity 656K, committed 768K, reserved 1048576K
}
Event: 41,479 GC heap before
{Heap before GC invocations=19 (full 3):
 PSYoungGen      total 1054720K, used 1054696K [0x000000076ab00000, 0x00000007c0000000, 0x00000007c0000000)
  eden space 711680K, 100% used [0x000000076ab00000,0x0000000796200000,0x0000000796200000)
  from space 343040K, 99% used [0x0000000796200000,0x00000007ab0fa3c8,0x00000007ab100000)
  to   space 343040K, 0% used [0x00000007ab100000,0x00000007ab100000,0x00000007c0000000)
 ParOldGen       total 747008K, used 562136K [0x00000006c0000000, 0x00000006ed980000, 0x000000076ab00000)
  object space 747008K, 75% used [0x00000006c0000000,0x00000006e24f6008,0x00000006ed980000)
 Metaspace       used 6940K, capacity 7608K, committed 7936K, reserved 1056768K
  class space    used 636K, capacity 688K, committed 768K, reserved 1048576K
Event: 42,243 GC heap after
Heap after GC invocations=19 (full 3):
 PSYoungGen      total 967680K, used 144960K [0x000000076ab00000, 0x00000007c0000000, 0x00000007c0000000)
  eden space 624640K, 0% used [0x000000076ab00000,0x000000076ab00000,0x0000000790d00000)
  from space 343040K, 42% used [0x00000007ab100000,0x00000007b3e90338,0x00000007c0000000)
  to   space 386560K, 0% used [0x0000000790d00000,0x0000000790d00000,0x00000007a8680000)
 ParOldGen       total 752640K, used 751627K [0x00000006c0000000, 0x00000006edf00000, 0x000000076ab00000)
  object space 752640K, 99% used [0x00000006c0000000,0x00000006ede02dc8,0x00000006edf00000)
 Metaspace       used 6940K, capacity 7608K, committed 7936K, reserved 1056768K
  class space    used 636K, capacity 688K, committed 768K, reserved 1048576K
}
Event: 42,247 GC heap before
{Heap before GC invocations=20 (full 4):
 PSYoungGen      total 967680K, used 144960K [0x000000076ab00000, 0x00000007c0000000, 0x00000007c0000000)
  eden space 624640K, 0% used [0x000000076ab00000,0x000000076ab00000,0x0000000790d00000)
  from space 343040K, 42% used [0x00000007ab100000,0x00000007b3e90338,0x00000007c0000000)
  to   space 386560K, 0% used [0x0000000790d00000,0x0000000790d00000,0x00000007a8680000)
 ParOldGen       total 752640K, used 751627K [0x00000006c0000000, 0x00000006edf00000, 0x000000076ab00000)
  object space 752640K, 99% used [0x00000006c0000000,0x00000006ede02dc8,0x00000006edf00000)
 Metaspace       used 6940K, capacity 7608K, committed 7936K, reserved 1056768K
  class space    used 636K, capacity 688K, committed 768K, reserved 1048576K

