# JRE version: Java(TM) SE Runtime Environment (8.0_66-b17) (build 1.8.0_66-b17)
# Java VM: Java HotSpot(TM) 64-Bit Server VM (25.66-b17 mixed mode linux-amd64 compressed oops)
Heap:
 PSYoungGen      total 465920K, used 0K [0x00000000d5580000, 0x0000000100000000, 0x0000000100000000)
  eden space 232960K, 0% used [0x00000000d5580000,0x00000000d5580000,0x00000000e3900000)
  from space 232960K, 0% used [0x00000000e3900000,0x00000000e3900000,0x00000000f1c80000)
  to   space 232960K, 0% used [0x00000000f1c80000,0x00000000f1c80000,0x0000000100000000)
 ParOldGen       total 1060352K, used 934404K [0x0000000080000000, 0x00000000c0b80000, 0x00000000d5580000)
  object space 1060352K, 88% used [0x0000000080000000,0x00000000b9081268,0x00000000c0b80000)
 Metaspace       used 6787K, capacity 7448K, committed 7680K, reserved 1056768K
  class space    used 625K, capacity 656K, committed 768K, reserved 1048576K
GC Heap History (10 events):
Event: 47,755 GC heap after
Heap after GC invocations=25 (full 5):
 PSYoungGen      total 437760K, used 204799K [0x00000000d5580000, 0x0000000100000000, 0x0000000100000000)
  eden space 232960K, 0% used [0x00000000d5580000,0x00000000d5580000,0x00000000e3900000)
  from space 204800K, 99% used [0x00000000f3800000,0x00000000fffffc98,0x0000000100000000)
  to   space 232960K, 0% used [0x00000000e3900000,0x00000000e3900000,0x00000000f1c80000)
 ParOldGen       total 755712K, used 663184K [0x0000000080000000, 0x00000000ae200000, 0x00000000d5580000)
  object space 755712K, 87% used [0x0000000080000000,0x00000000a87a43f8,0x00000000ae200000)
 Metaspace       used 6745K, capacity 7384K, committed 7680K, reserved 1056768K
  class space    used 623K, capacity 656K, committed 768K, reserved 1048576K
}
Event: 47,755 GC heap before
{Heap before GC invocations=26 (full 6):
 PSYoungGen      total 437760K, used 204799K [0x00000000d5580000, 0x0000000100000000, 0x0000000100000000)
  eden space 232960K, 0% used [0x00000000d5580000,0x00000000d5580000,0x00000000e3900000)
  from space 204800K, 99% used [0x00000000f3800000,0x00000000fffffc98,0x0000000100000000)
  to   space 232960K, 0% used [0x00000000e3900000,0x00000000e3900000,0x00000000f1c80000)
 ParOldGen       total 755712K, used 663184K [0x0000000080000000, 0x00000000ae200000, 0x00000000d5580000)
  object space 755712K, 87% used [0x0000000080000000,0x00000000a87a43f8,0x00000000ae200000)
 Metaspace       used 6745K, capacity 7384K, committed 7680K, reserved 1056768K
  class space    used 623K, capacity 656K, committed 768K, reserved 1048576K
Event: 52,374 GC heap after
Heap after GC invocations=26 (full 6):
 PSYoungGen      total 437760K, used 89838K [0x00000000d5580000, 0x0000000100000000, 0x0000000100000000)
  eden space 232960K, 0% used [0x00000000d5580000,0x00000000d5580000,0x00000000e3900000)
  from space 204800K, 43% used [0x00000000f3800000,0x00000000f8fbb9e0,0x0000000100000000)
  to   space 232960K, 0% used [0x00000000e3900000,0x00000000e3900000,0x00000000f1c80000)
 ParOldGen       total 1060352K, used 755598K [0x0000000080000000, 0x00000000c0b80000, 0x00000000d5580000)
  object space 1060352K, 71% used [0x0000000080000000,0x00000000ae1e38f8,0x00000000c0b80000)
 Metaspace       used 6745K, capacity 7384K, committed 7680K, reserved 1056768K
  class space    used 623K, capacity 656K, committed 768K, reserved 1048576K
}
Event: 52,861 GC heap before
{Heap before GC invocations=27 (full 6):
 PSYoungGen      total 437760K, used 322798K [0x00000000d5580000, 0x0000000100000000, 0x0000000100000000)
  eden space 232960K, 100% used [0x00000000d5580000,0x00000000e3900000,0x00000000e3900000)
  from space 204800K, 43% used [0x00000000f3800000,0x00000000f8fbb9e0,0x0000000100000000)
  to   space 232960K, 0% used [0x00000000e3900000,0x00000000e3900000,0x00000000f1c80000)
 ParOldGen       total 1060352K, used 755598K [0x0000000080000000, 0x00000000c0b80000, 0x00000000d5580000)
  object space 1060352K, 71% used [0x0000000080000000,0x00000000ae1e38f8,0x00000000c0b80000)
 Metaspace       used 6765K, capacity 7384K, committed 7680K, reserved 1056768K
  class space    used 624K, capacity 656K, committed 768K, reserved 1048576K
Event: 53,261 GC heap after
Heap after GC invocations=27 (full 6):
 PSYoungGen      total 465920K, used 127355K [0x00000000d5580000, 0x0000000100000000, 0x0000000100000000)
  eden space 232960K, 0% used [0x00000000d5580000,0x00000000d5580000,0x00000000e3900000)
  from space 232960K, 54% used [0x00000000e3900000,0x00000000eb55edc0,0x00000000f1c80000)
  to   space 232960K, 0% used [0x00000000f1c80000,0x00000000f1c80000,0x0000000100000000)
 ParOldGen       total 1060352K, used 777712K [0x0000000080000000, 0x00000000c0b80000, 0x00000000d5580000)
  object space 1060352K, 73% used [0x0000000080000000,0x00000000af77c1b0,0x00000000c0b80000)
 Metaspace       used 6765K, capacity 7384K, committed 7680K, reserved 1056768K
  class space    used 624K, capacity 656K, committed 768K, reserved 1048576K
}
Event: 54,250 GC heap before
{Heap before GC invocations=28 (full 6):
 PSYoungGen      total 465920K, used 360315K [0x00000000d5580000, 0x0000000100000000, 0x0000000100000000)
  eden space 232960K, 100% used [0x00000000d5580000,0x00000000e3900000,0x00000000e3900000)
  from space 232960K, 54% used [0x00000000e3900000,0x00000000eb55edc0,0x00000000f1c80000)
  to   space 232960K, 0% used [0x00000000f1c80000,0x00000000f1c80000,0x0000000100000000)
 ParOldGen       total 1060352K, used 777712K [0x0000000080000000, 0x00000000c0b80000, 0x00000000d5580000)
  object space 1060352K, 73% used [0x0000000080000000,0x00000000af77c1b0,0x00000000c0b80000)
 Metaspace       used 6767K, capacity 7384K, committed 7680K, reserved 1056768K
  class space    used 624K, capacity 656K, committed 768K, reserved 1048576K
Event: 54,451 GC heap after
Heap after GC invocations=28 (full 6):
 PSYoungGen      total 465920K, used 166368K [0x00000000d5580000, 0x0000000100000000, 0x0000000100000000)
  eden space 232960K, 0% used [0x00000000d5580000,0x00000000d5580000,0x00000000e3900000)
  from space 232960K, 71% used [0x00000000f1c80000,0x00000000fbef8370,0x0000000100000000)
  to   space 232960K, 0% used [0x00000000e3900000,0x00000000e3900000,0x00000000f1c80000)
 ParOldGen       total 1060352K, used 845771K [0x0000000080000000, 0x00000000c0b80000, 0x00000000d5580000)
  object space 1060352K, 79% used [0x0000000080000000,0x00000000b39f2c28,0x00000000c0b80000)
 Metaspace       used 6767K, capacity 7384K, committed 7680K, reserved 1056768K
  class space    used 624K, capacity 656K, committed 768K, reserved 1048576K
}
Event: 54,801 GC heap before
{Heap before GC invocations=29 (full 6):
 PSYoungGen      total 465920K, used 399328K [0x00000000d5580000, 0x0000000100000000, 0x0000000100000000)
  eden space 232960K, 100% used [0x00000000d5580000,0x00000000e3900000,0x00000000e3900000)
  from space 232960K, 71% used [0x00000000f1c80000,0x00000000fbef8370,0x0000000100000000)
  to   space 232960K, 0% used [0x00000000e3900000,0x00000000e3900000,0x00000000f1c80000)
 ParOldGen       total 1060352K, used 845771K [0x0000000080000000, 0x00000000c0b80000, 0x00000000d5580000)
  object space 1060352K, 79% used [0x0000000080000000,0x00000000b39f2c28,0x00000000c0b80000)
 Metaspace       used 6787K, capacity 7448K, committed 7680K, reserved 1056768K
  class space    used 625K, capacity 656K, committed 768K, reserved 1048576K
Event: 55,101 GC heap after
Heap after GC invocations=29 (full 6):
 PSYoungGen      total 465920K, used 96134K [0x00000000d5580000, 0x0000000100000000, 0x0000000100000000)
  eden space 232960K, 0% used [0x00000000d5580000,0x00000000d5580000,0x00000000e3900000)
  from space 232960K, 41% used [0x00000000e3900000,0x00000000e96e1988,0x00000000f1c80000)
  to   space 232960K, 0% used [0x00000000f1c80000,0x00000000f1c80000,0x0000000100000000)
 ParOldGen       total 1060352K, used 1012313K [0x0000000080000000, 0x00000000c0b80000, 0x00000000d5580000)
  object space 1060352K, 95% used [0x0000000080000000,0x00000000bdc96648,0x00000000c0b80000)
 Metaspace       used 6787K, capacity 7448K, committed 7680K, reserved 1056768K
  class space    used 625K, capacity 656K, committed 768K, reserved 1048576K
}
Event: 55,101 GC heap before
{Heap before GC invocations=30 (full 7):
 PSYoungGen      total 465920K, used 96134K [0x00000000d5580000, 0x0000000100000000, 0x0000000100000000)
  eden space 232960K, 0% used [0x00000000d5580000,0x00000000d5580000,0x00000000e3900000)
  from space 232960K, 41% used [0x00000000e3900000,0x00000000e96e1988,0x00000000f1c80000)
  to   space 232960K, 0% used [0x00000000f1c80000,0x00000000f1c80000,0x0000000100000000)
 ParOldGen       total 1060352K, used 1012313K [0x0000000080000000, 0x00000000c0b80000, 0x00000000d5580000)
  object space 1060352K, 95% used [0x0000000080000000,0x00000000bdc96648,0x00000000c0b80000)
 Metaspace       used 6787K, capacity 7448K, committed 7680K, reserved 1056768K
  class space    used 625K, capacity 656K, committed 768K, reserved 1048576K

