# JRE version: Java(TM) SE Runtime Environment (8.0_66-b17) (build 1.8.0_66-b17)
# Java VM: Java HotSpot(TM) 64-Bit Server VM (25.66-b17 mixed mode linux-amd64 compressed oops)
Heap:
 PSYoungGen      total 650240K, used 20464K [0x000000076ab00000, 0x00000007a1800000, 0x00000007c0000000)
  eden space 498176K, 0% used [0x000000076ab00000,0x000000076ab00000,0x0000000789180000)
  from space 152064K, 13% used [0x0000000789180000,0x000000078a57c1c0,0x0000000792600000)
  to   space 153088K, 0% used [0x0000000798280000,0x0000000798280000,0x00000007a1800000)
 ParOldGen       total 573952K, used 573518K [0x00000006c0000000, 0x00000006e3080000, 0x000000076ab00000)
  object space 573952K, 99% used [0x00000006c0000000,0x00000006e3013a68,0x00000006e3080000)
 Metaspace       used 6595K, capacity 7320K, committed 7680K, reserved 1056768K
  class space    used 616K, capacity 656K, committed 768K, reserved 1048576K
GC Heap History (10 events):
Event: 21,879 GC heap after
Heap after GC invocations=19 (full 3):
 PSYoungGen      total 553984K, used 96236K [0x000000076ab00000, 0x0000000798180000, 0x00000007c0000000)
  eden space 457728K, 0% used [0x000000076ab00000,0x000000076ab00000,0x0000000786a00000)
  from space 96256K, 99% used [0x000000078e400000,0x00000007941fb210,0x0000000794200000)
  to   space 124928K, 0% used [0x0000000786a00000,0x0000000786a00000,0x000000078e400000)
 ParOldGen       total 343040K, used 283072K [0x00000006c0000000, 0x00000006d4f00000, 0x000000076ab00000)
  object space 343040K, 82% used [0x00000006c0000000,0x00000006d14702c0,0x00000006d4f00000)
 Metaspace       used 6587K, capacity 7320K, committed 7680K, reserved 1056768K
  class space    used 615K, capacity 656K, committed 768K, reserved 1048576K
}
Event: 23,800 GC heap before
{Heap before GC invocations=20 (full 3):
 PSYoungGen      total 553984K, used 553964K [0x000000076ab00000, 0x0000000798180000, 0x00000007c0000000)
  eden space 457728K, 100% used [0x000000076ab00000,0x0000000786a00000,0x0000000786a00000)
  from space 96256K, 99% used [0x000000078e400000,0x00000007941fb210,0x0000000794200000)
  to   space 124928K, 0% used [0x0000000786a00000,0x0000000786a00000,0x000000078e400000)
 ParOldGen       total 343040K, used 283072K [0x00000006c0000000, 0x00000006d4f00000, 0x000000076ab00000)
  object space 343040K, 82% used [0x00000006c0000000,0x00000006d14702c0,0x00000006d4f00000)
 Metaspace       used 6593K, capacity 7320K, committed 7680K, reserved 1056768K
  class space    used 616K, capacity 656K, committed 768K, reserved 1048576K
Event: 24,090 GC heap after
Heap after GC invocations=20 (full 3):
 PSYoungGen      total 582656K, used 72344K [0x000000076ab00000, 0x000000079a280000, 0x00000007c0000000)
  eden space 457728K, 0% used [0x000000076ab00000,0x000000076ab00000,0x0000000786a00000)
  from space 124928K, 57% used [0x0000000786a00000,0x000000078b0a6278,0x000000078e400000)
  to   space 127488K, 0% used [0x0000000792600000,0x0000000792600000,0x000000079a280000)
 ParOldGen       total 379904K, used 379820K [0x00000006c0000000, 0x00000006d7300000, 0x000000076ab00000)
  object space 379904K, 99% used [0x00000006c0000000,0x00000006d72eb338,0x00000006d7300000)
 Metaspace       used 6593K, capacity 7320K, committed 7680K, reserved 1056768K
  class space    used 616K, capacity 656K, committed 768K, reserved 1048576K
}
Event: 24,090 GC heap before
{Heap before GC invocations=21 (full 4):
 PSYoungGen      total 582656K, used 72344K [0x000000076ab00000, 0x000000079a280000, 0x00000007c0000000)
  eden space 457728K, 0% used [0x000000076ab00000,0x000000076ab00000,0x0000000786a00000)
  from space 124928K, 57% used [0x0000000786a00000,0x000000078b0a6278,0x000000078e400000)
  to   space 127488K, 0% used [0x0000000792600000,0x0000000792600000,0x000000079a280000)
 ParOldGen       total 379904K, used 379820K [0x00000006c0000000, 0x00000006d7300000, 0x000000076ab00000)
  object space 379904K, 99% used [0x00000006c0000000,0x00000006d72eb338,0x00000006d7300000)
 Metaspace       used 6593K, capacity 7320K, committed 7680K, reserved 1056768K
  class space    used 616K, capacity 656K, committed 768K, reserved 1048576K
Event: 26,868 GC heap after
Heap after GC invocations=21 (full 4):
 PSYoungGen      total 582656K, used 66765K [0x000000076ab00000, 0x000000079a280000, 0x00000007c0000000)
  eden space 457728K, 0% used [0x000000076ab00000,0x000000076ab00000,0x0000000786a00000)
  from space 124928K, 53% used [0x0000000786a00000,0x000000078ab33520,0x000000078e400000)
  to   space 127488K, 0% used [0x0000000792600000,0x0000000792600000,0x000000079a280000)
 ParOldGen       total 573952K, used 379865K [0x00000006c0000000, 0x00000006e3080000, 0x000000076ab00000)
  object space 573952K, 66% used [0x00000006c0000000,0x00000006d72f6708,0x00000006e3080000)
 Metaspace       used 6593K, capacity 7320K, committed 7680K, reserved 1056768K
  class space    used 616K, capacity 656K, committed 768K, reserved 1048576K
}
Event: 28,564 GC heap before
{Heap before GC invocations=22 (full 4):
 PSYoungGen      total 582656K, used 524493K [0x000000076ab00000, 0x000000079a280000, 0x00000007c0000000)
  eden space 457728K, 100% used [0x000000076ab00000,0x0000000786a00000,0x0000000786a00000)
  from space 124928K, 53% used [0x0000000786a00000,0x000000078ab33520,0x000000078e400000)
  to   space 127488K, 0% used [0x0000000792600000,0x0000000792600000,0x000000079a280000)
 ParOldGen       total 573952K, used 379865K [0x00000006c0000000, 0x00000006e3080000, 0x000000076ab00000)
  object space 573952K, 66% used [0x00000006c0000000,0x00000006d72f6708,0x00000006e3080000)
 Metaspace       used 6595K, capacity 7320K, committed 7680K, reserved 1056768K
  class space    used 616K, capacity 656K, committed 768K, reserved 1048576K
Event: 28,881 GC heap after
Heap after GC invocations=22 (full 4):
 PSYoungGen      total 625664K, used 127481K [0x000000076ab00000, 0x000000079c800000, 0x00000007c0000000)
  eden space 498176K, 0% used [0x000000076ab00000,0x000000076ab00000,0x0000000789180000)
  from space 127488K, 99% used [0x0000000792600000,0x000000079a27e728,0x000000079a280000)
  to   space 152064K, 0% used [0x0000000789180000,0x0000000789180000,0x0000000792600000)
 ParOldGen       total 573952K, used 388592K [0x00000006c0000000, 0x00000006e3080000, 0x000000076ab00000)
  object space 573952K, 67% used [0x00000006c0000000,0x00000006d7b7c178,0x00000006e3080000)
 Metaspace       used 6595K, capacity 7320K, committed 7680K, reserved 1056768K
  class space    used 616K, capacity 656K, committed 768K, reserved 1048576K
}
Event: 30,535 GC heap before
{Heap before GC invocations=23 (full 4):
 PSYoungGen      total 625664K, used 625657K [0x000000076ab00000, 0x000000079c800000, 0x00000007c0000000)
  eden space 498176K, 100% used [0x000000076ab00000,0x0000000789180000,0x0000000789180000)
  from space 127488K, 99% used [0x0000000792600000,0x000000079a27e728,0x000000079a280000)
  to   space 152064K, 0% used [0x0000000789180000,0x0000000789180000,0x0000000792600000)
 ParOldGen       total 573952K, used 388592K [0x00000006c0000000, 0x00000006e3080000, 0x000000076ab00000)
  object space 573952K, 67% used [0x00000006c0000000,0x00000006d7b7c178,0x00000006e3080000)
 Metaspace       used 6595K, capacity 7320K, committed 7680K, reserved 1056768K
  class space    used 616K, capacity 656K, committed 768K, reserved 1048576K
Event: 32,030 GC heap after
Heap after GC invocations=23 (full 4):
 PSYoungGen      total 650240K, used 84711K [0x000000076ab00000, 0x00000007a1800000, 0x00000007c0000000)
  eden space 498176K, 0% used [0x000000076ab00000,0x000000076ab00000,0x0000000789180000)
  from space 152064K, 55% used [0x0000000789180000,0x000000078e439eb0,0x0000000792600000)
  to   space 153088K, 0% used [0x0000000798280000,0x0000000798280000,0x00000007a1800000)
 ParOldGen       total 573952K, used 516777K [0x00000006c0000000, 0x00000006e3080000, 0x000000076ab00000)
  object space 573952K, 90% used [0x00000006c0000000,0x00000006df8aa568,0x00000006e3080000)
 Metaspace       used 6595K, capacity 7320K, committed 7680K, reserved 1056768K
  class space    used 616K, capacity 656K, committed 768K, reserved 1048576K
}
Event: 32,030 GC heap before
{Heap before GC invocations=24 (full 5):
 PSYoungGen      total 650240K, used 84711K [0x000000076ab00000, 0x00000007a1800000, 0x00000007c0000000)
  eden space 498176K, 0% used [0x000000076ab00000,0x000000076ab00000,0x0000000789180000)
  from space 152064K, 55% used [0x0000000789180000,0x000000078e439eb0,0x0000000792600000)
  to   space 153088K, 0% used [0x0000000798280000,0x0000000798280000,0x00000007a1800000)
 ParOldGen       total 573952K, used 516777K [0x00000006c0000000, 0x00000006e3080000, 0x000000076ab00000)
  object space 573952K, 90% used [0x00000006c0000000,0x00000006df8aa568,0x00000006e3080000)
 Metaspace       used 6595K, capacity 7320K, committed 7680K, reserved 1056768K
  class space    used 616K, capacity 656K, committed 768K, reserved 1048576K

