# JRE version: Java(TM) SE Runtime Environment (8.0_66-b17) (build 1.8.0_66-b17)
# Java VM: Java HotSpot(TM) 64-Bit Server VM (25.66-b17 mixed mode linux-amd64 compressed oops)
Heap:
 PSYoungGen      total 845824K, used 236531K [0x000000076ab00000, 0x00000007b1b80000, 0x00000007c0000000)
  eden space 609280K, 0% used [0x000000076ab00000,0x000000076ab00000,0x000000078fe00000)
  from space 236544K, 99% used [0x00000007a3480000,0x00000007b1b7ccf8,0x00000007b1b80000)
  to   space 183808K, 0% used [0x000000078fe00000,0x000000078fe00000,0x000000079b180000)
 ParOldGen       total 669184K, used 668262K [0x00000006c0000000, 0x00000006e8d80000, 0x000000076ab00000)
  object space 669184K, 99% used [0x00000006c0000000,0x00000006e8c99a60,0x00000006e8d80000)
 Metaspace       used 6720K, capacity 7384K, committed 7680K, reserved 1056768K
  class space    used 621K, capacity 656K, committed 768K, reserved 1048576K
GC Heap History (10 events):
Event: 16,500 GC heap after
Heap after GC invocations=17 (full 3):
 PSYoungGen      total 650240K, used 122869K [0x000000076ab00000, 0x00000007a1880000, 0x00000007c0000000)
  eden space 527360K, 0% used [0x000000076ab00000,0x000000076ab00000,0x000000078ae00000)
  from space 122880K, 99% used [0x0000000794b00000,0x000000079c2fd458,0x000000079c300000)
  to   space 160768K, 0% used [0x000000078ae00000,0x000000078ae00000,0x0000000794b00000)
 ParOldGen       total 365568K, used 304127K [0x00000006c0000000, 0x00000006d6500000, 0x000000076ab00000)
  object space 365568K, 83% used [0x00000006c0000000,0x00000006d28ffeb0,0x00000006d6500000)
 Metaspace       used 6600K, capacity 7320K, committed 7680K, reserved 1056768K
  class space    used 614K, capacity 656K, committed 768K, reserved 1048576K
}
Event: 18,396 GC heap before
{Heap before GC invocations=18 (full 3):
 PSYoungGen      total 650240K, used 650229K [0x000000076ab00000, 0x00000007a1880000, 0x00000007c0000000)
  eden space 527360K, 100% used [0x000000076ab00000,0x000000078ae00000,0x000000078ae00000)
  from space 122880K, 99% used [0x0000000794b00000,0x000000079c2fd458,0x000000079c300000)
  to   space 160768K, 0% used [0x000000078ae00000,0x000000078ae00000,0x0000000794b00000)
 ParOldGen       total 365568K, used 304127K [0x00000006c0000000, 0x00000006d6500000, 0x000000076ab00000)
  object space 365568K, 83% used [0x00000006c0000000,0x00000006d28ffeb0,0x00000006d6500000)
 Metaspace       used 6603K, capacity 7320K, committed 7680K, reserved 1056768K
  class space    used 614K, capacity 656K, committed 768K, reserved 1048576K
Event: 18,788 GC heap after
Heap after GC invocations=18 (full 3):
 PSYoungGen      total 688128K, used 80040K [0x000000076ab00000, 0x00000007a4d00000, 0x00000007c0000000)
  eden space 527360K, 0% used [0x000000076ab00000,0x000000076ab00000,0x000000078ae00000)
  from space 160768K, 49% used [0x000000078ae00000,0x000000078fc2a010,0x0000000794b00000)
  to   space 159232K, 0% used [0x000000079b180000,0x000000079b180000,0x00000007a4d00000)
 ParOldGen       total 427520K, used 426789K [0x00000006c0000000, 0x00000006da180000, 0x000000076ab00000)
  object space 427520K, 99% used [0x00000006c0000000,0x00000006da0c9440,0x00000006da180000)
 Metaspace       used 6603K, capacity 7320K, committed 7680K, reserved 1056768K
  class space    used 614K, capacity 656K, committed 768K, reserved 1048576K
}
Event: 18,788 GC heap before
{Heap before GC invocations=19 (full 4):
 PSYoungGen      total 688128K, used 80040K [0x000000076ab00000, 0x00000007a4d00000, 0x00000007c0000000)
  eden space 527360K, 0% used [0x000000076ab00000,0x000000076ab00000,0x000000078ae00000)
  from space 160768K, 49% used [0x000000078ae00000,0x000000078fc2a010,0x0000000794b00000)
  to   space 159232K, 0% used [0x000000079b180000,0x000000079b180000,0x00000007a4d00000)
 ParOldGen       total 427520K, used 426789K [0x00000006c0000000, 0x00000006da180000, 0x000000076ab00000)
  object space 427520K, 99% used [0x00000006c0000000,0x00000006da0c9440,0x00000006da180000)
 Metaspace       used 6603K, capacity 7320K, committed 7680K, reserved 1056768K
  class space    used 614K, capacity 656K, committed 768K, reserved 1048576K
Event: 21,484 GC heap after
Heap after GC invocations=19 (full 4):
 PSYoungGen      total 688128K, used 72433K [0x000000076ab00000, 0x00000007a4d00000, 0x00000007c0000000)
  eden space 527360K, 0% used [0x000000076ab00000,0x000000076ab00000,0x000000078ae00000)
  from space 160768K, 45% used [0x000000078ae00000,0x000000078f4bc508,0x0000000794b00000)
  to   space 159232K, 0% used [0x000000079b180000,0x000000079b180000,0x00000007a4d00000)
 ParOldGen       total 653824K, used 427362K [0x00000006c0000000, 0x00000006e7e80000, 0x000000076ab00000)
  object space 653824K, 65% used [0x00000006c0000000,0x00000006da158b28,0x00000006e7e80000)
 Metaspace       used 6603K, capacity 7320K, committed 7680K, reserved 1056768K
  class space    used 614K, capacity 656K, committed 768K, reserved 1048576K
}
Event: 23,054 GC heap before
{Heap before GC invocations=20 (full 4):
 PSYoungGen      total 688128K, used 599793K [0x000000076ab00000, 0x00000007a4d00000, 0x00000007c0000000)
  eden space 527360K, 100% used [0x000000076ab00000,0x000000078ae00000,0x000000078ae00000)
  from space 160768K, 45% used [0x000000078ae00000,0x000000078f4bc508,0x0000000794b00000)
  to   space 159232K, 0% used [0x000000079b180000,0x000000079b180000,0x00000007a4d00000)
 ParOldGen       total 653824K, used 427362K [0x00000006c0000000, 0x00000006e7e80000, 0x000000076ab00000)
  object space 653824K, 65% used [0x00000006c0000000,0x00000006da158b28,0x00000006e7e80000)
 Metaspace       used 6603K, capacity 7320K, committed 7680K, reserved 1056768K
  class space    used 614K, capacity 656K, committed 768K, reserved 1048576K
Event: 23,484 GC heap after
Heap after GC invocations=20 (full 4):
 PSYoungGen      total 768512K, used 152428K [0x000000076ab00000, 0x00000007a7780000, 0x00000007c0000000)
  eden space 609280K, 0% used [0x000000076ab00000,0x000000076ab00000,0x000000078fe00000)
  from space 159232K, 95% used [0x000000079b180000,0x00000007a465b3e0,0x00000007a4d00000)
  to   space 183808K, 0% used [0x000000078fe00000,0x000000078fe00000,0x000000079b180000)
 ParOldGen       total 653824K, used 427362K [0x00000006c0000000, 0x00000006e7e80000, 0x000000076ab00000)
  object space 653824K, 65% used [0x00000006c0000000,0x00000006da158b28,0x00000006e7e80000)
 Metaspace       used 6603K, capacity 7320K, committed 7680K, reserved 1056768K
  class space    used 614K, capacity 656K, committed 768K, reserved 1048576K
}
Event: 25,476 GC heap before
{Heap before GC invocations=21 (full 4):
 PSYoungGen      total 768512K, used 761708K [0x000000076ab00000, 0x00000007a7780000, 0x00000007c0000000)
  eden space 609280K, 100% used [0x000000076ab00000,0x000000078fe00000,0x000000078fe00000)
  from space 159232K, 95% used [0x000000079b180000,0x00000007a465b3e0,0x00000007a4d00000)
  to   space 183808K, 0% used [0x000000078fe00000,0x000000078fe00000,0x000000079b180000)
 ParOldGen       total 653824K, used 427362K [0x00000006c0000000, 0x00000006e7e80000, 0x000000076ab00000)
  object space 653824K, 65% used [0x00000006c0000000,0x00000006da158b28,0x00000006e7e80000)
 Metaspace       used 6615K, capacity 7320K, committed 7680K, reserved 1056768K
  class space    used 615K, capacity 656K, committed 768K, reserved 1048576K
Event: 25,814 GC heap after
Heap after GC invocations=21 (full 4):
 PSYoungGen      total 793088K, used 183792K [0x000000076ab00000, 0x00000007b1b80000, 0x00000007c0000000)
  eden space 609280K, 0% used [0x000000076ab00000,0x000000076ab00000,0x000000078fe00000)
  from space 183808K, 99% used [0x000000078fe00000,0x000000079b17c158,0x000000079b180000)
  to   space 236544K, 0% used [0x00000007a3480000,0x00000007a3480000,0x00000007b1b80000)
 ParOldGen       total 653824K, used 485765K [0x00000006c0000000, 0x00000006e7e80000, 0x000000076ab00000)
  object space 653824K, 74% used [0x00000006c0000000,0x00000006dda61518,0x00000006e7e80000)
 Metaspace       used 6615K, capacity 7320K, committed 7680K, reserved 1056768K
  class space    used 615K, capacity 656K, committed 768K, reserved 1048576K
}
Event: 28,228 GC heap before
{Heap before GC invocations=22 (full 4):
 PSYoungGen      total 793088K, used 793072K [0x000000076ab00000, 0x00000007b1b80000, 0x00000007c0000000)
  eden space 609280K, 100% used [0x000000076ab00000,0x000000078fe00000,0x000000078fe00000)
  from space 183808K, 99% used [0x000000078fe00000,0x000000079b17c158,0x000000079b180000)
  to   space 236544K, 0% used [0x00000007a3480000,0x00000007a3480000,0x00000007b1b80000)
 ParOldGen       total 653824K, used 485765K [0x00000006c0000000, 0x00000006e7e80000, 0x000000076ab00000)
  object space 653824K, 74% used [0x00000006c0000000,0x00000006dda61518,0x00000006e7e80000)
 Metaspace       used 6720K, capacity 7384K, committed 7680K, reserved 1056768K
  class space    used 621K, capacity 656K, committed 768K, reserved 1048576K

