# JRE version: Java(TM) SE Runtime Environment (8.0_66-b17) (build 1.8.0_66-b17)
# Java VM: Java HotSpot(TM) 64-Bit Server VM (25.66-b17 mixed mode linux-amd64 compressed oops)
Heap:
 PSYoungGen      total 977408K, used 228860K [0x000000076ab00000, 0x00000007b7280000, 0x00000007c0000000)
  eden space 748544K, 0% used [0x000000076ab00000,0x000000076ab00000,0x0000000798600000)
  from space 228864K, 99% used [0x0000000798600000,0x00000007a657f1d8,0x00000007a6580000)
  to   space 196096K, 0% used [0x00000007a6580000,0x00000007a6580000,0x00000007b2500000)
 ParOldGen       total 432128K, used 412164K [0x00000006c0000000, 0x00000006da600000, 0x000000076ab00000)
  object space 432128K, 95% used [0x00000006c0000000,0x00000006d92812b0,0x00000006da600000)
 Metaspace       used 6591K, capacity 7320K, committed 7680K, reserved 1056768K
  class space    used 615K, capacity 656K, committed 768K, reserved 1048576K
GC Heap History (10 events):
Event: 13,225 GC heap after
Heap after GC invocations=10 (full 1):
 PSYoungGen      total 761856K, used 83425K [0x000000076ab00000, 0x00000007a2b80000, 0x00000007c0000000)
  eden space 678400K, 0% used [0x000000076ab00000,0x000000076ab00000,0x0000000794180000)
  from space 83456K, 99% used [0x0000000796c00000,0x000000079bd787d8,0x000000079bd80000)
  to   space 112640K, 0% used [0x000000079bd80000,0x000000079bd80000,0x00000007a2b80000)
 ParOldGen       total 244736K, used 178413K [0x00000006c0000000, 0x00000006cef00000, 0x000000076ab00000)
  object space 244736K, 72% used [0x00000006c0000000,0x00000006cae3b760,0x00000006cef00000)
 Metaspace       used 6561K, capacity 7320K, committed 7680K, reserved 1056768K
  class space    used 612K, capacity 656K, committed 768K, reserved 1048576K
}
Event: 16,036 GC heap before
{Heap before GC invocations=11 (full 1):
 PSYoungGen      total 761856K, used 761825K [0x000000076ab00000, 0x00000007a2b80000, 0x00000007c0000000)
  eden space 678400K, 100% used [0x000000076ab00000,0x0000000794180000,0x0000000794180000)
  from space 83456K, 99% used [0x0000000796c00000,0x000000079bd787d8,0x000000079bd80000)
  to   space 112640K, 0% used [0x000000079bd80000,0x000000079bd80000,0x00000007a2b80000)
 ParOldGen       total 244736K, used 178413K [0x00000006c0000000, 0x00000006cef00000, 0x000000076ab00000)
  object space 244736K, 72% used [0x00000006c0000000,0x00000006cae3b760,0x00000006cef00000)
 Metaspace       used 6572K, capacity 7320K, committed 7680K, reserved 1056768K
  class space    used 613K, capacity 656K, committed 768K, reserved 1048576K
Event: 16,413 GC heap after
Heap after GC invocations=11 (full 1):
 PSYoungGen      total 760832K, used 112615K [0x000000076ab00000, 0x00000007b2800000, 0x00000007c0000000)
  eden space 648192K, 0% used [0x000000076ab00000,0x000000076ab00000,0x0000000792400000)
  from space 112640K, 99% used [0x000000079bd80000,0x00000007a2b79cd0,0x00000007a2b80000)
  to   space 157184K, 0% used [0x0000000792400000,0x0000000792400000,0x000000079bd80000)
 ParOldGen       total 244736K, used 230905K [0x00000006c0000000, 0x00000006cef00000, 0x000000076ab00000)
  object space 244736K, 94% used [0x00000006c0000000,0x00000006ce17e660,0x00000006cef00000)
 Metaspace       used 6572K, capacity 7320K, committed 7680K, reserved 1056768K
  class space    used 613K, capacity 656K, committed 768K, reserved 1048576K
}
Event: 16,437 GC heap before
{Heap before GC invocations=12 (full 2):
 PSYoungGen      total 760832K, used 112615K [0x000000076ab00000, 0x00000007b2800000, 0x00000007c0000000)
  eden space 648192K, 0% used [0x000000076ab00000,0x000000076ab00000,0x0000000792400000)
  from space 112640K, 99% used [0x000000079bd80000,0x00000007a2b79cd0,0x00000007a2b80000)
  to   space 157184K, 0% used [0x0000000792400000,0x0000000792400000,0x000000079bd80000)
 ParOldGen       total 244736K, used 230905K [0x00000006c0000000, 0x00000006cef00000, 0x000000076ab00000)
  object space 244736K, 94% used [0x00000006c0000000,0x00000006ce17e660,0x00000006cef00000)
 Metaspace       used 6572K, capacity 7320K, committed 7680K, reserved 1056768K
  class space    used 613K, capacity 656K, committed 768K, reserved 1048576K
Event: 18,841 GC heap after
Heap after GC invocations=12 (full 2):
 PSYoungGen      total 760832K, used 87569K [0x000000076ab00000, 0x00000007b2800000, 0x00000007c0000000)
  eden space 648192K, 0% used [0x000000076ab00000,0x000000076ab00000,0x0000000792400000)
  from space 112640K, 77% used [0x000000079bd80000,0x00000007a1304528,0x00000007a2b80000)
  to   space 157184K, 0% used [0x0000000792400000,0x0000000792400000,0x000000079bd80000)
 ParOldGen       total 432128K, used 244449K [0x00000006c0000000, 0x00000006da600000, 0x000000076ab00000)
  object space 432128K, 56% used [0x00000006c0000000,0x00000006ceeb85f8,0x00000006da600000)
 Metaspace       used 6572K, capacity 7320K, committed 7680K, reserved 1056768K
  class space    used 613K, capacity 656K, committed 768K, reserved 1048576K
}
Event: 22,008 GC heap before
{Heap before GC invocations=13 (full 2):
 PSYoungGen      total 760832K, used 735761K [0x000000076ab00000, 0x00000007b2800000, 0x00000007c0000000)
  eden space 648192K, 100% used [0x000000076ab00000,0x0000000792400000,0x0000000792400000)
  from space 112640K, 77% used [0x000000079bd80000,0x00000007a1304528,0x00000007a2b80000)
  to   space 157184K, 0% used [0x0000000792400000,0x0000000792400000,0x000000079bd80000)
 ParOldGen       total 432128K, used 244449K [0x00000006c0000000, 0x00000006da600000, 0x000000076ab00000)
  object space 432128K, 56% used [0x00000006c0000000,0x00000006ceeb85f8,0x00000006da600000)
 Metaspace       used 6577K, capacity 7320K, committed 7680K, reserved 1056768K
  class space    used 614K, capacity 656K, committed 768K, reserved 1048576K
Event: 22,362 GC heap after
Heap after GC invocations=13 (full 2):
 PSYoungGen      total 805376K, used 157167K [0x000000076ab00000, 0x00000007b2500000, 0x00000007c0000000)
  eden space 648192K, 0% used [0x000000076ab00000,0x000000076ab00000,0x0000000792400000)
  from space 157184K, 99% used [0x0000000792400000,0x000000079bd7bd60,0x000000079bd80000)
  to   space 196096K, 0% used [0x00000007a6580000,0x00000007a6580000,0x00000007b2500000)
 ParOldGen       total 432128K, used 273955K [0x00000006c0000000, 0x00000006da600000, 0x000000076ab00000)
  object space 432128K, 63% used [0x00000006c0000000,0x00000006d0b88c78,0x00000006da600000)
 Metaspace       used 6577K, capacity 7320K, committed 7680K, reserved 1056768K
  class space    used 614K, capacity 656K, committed 768K, reserved 1048576K
}
Event: 24,985 GC heap before
{Heap before GC invocations=14 (full 2):
 PSYoungGen      total 805376K, used 805359K [0x000000076ab00000, 0x00000007b2500000, 0x00000007c0000000)
  eden space 648192K, 100% used [0x000000076ab00000,0x0000000792400000,0x0000000792400000)
  from space 157184K, 99% used [0x0000000792400000,0x000000079bd7bd60,0x000000079bd80000)
  to   space 196096K, 0% used [0x00000007a6580000,0x00000007a6580000,0x00000007b2500000)
 ParOldGen       total 432128K, used 273955K [0x00000006c0000000, 0x00000006da600000, 0x000000076ab00000)
  object space 432128K, 63% used [0x00000006c0000000,0x00000006d0b88c78,0x00000006da600000)
 Metaspace       used 6580K, capacity 7320K, committed 7680K, reserved 1056768K
  class space    used 614K, capacity 656K, committed 768K, reserved 1048576K
Event: 25,447 GC heap after
Heap after GC invocations=14 (full 2):
 PSYoungGen      total 944640K, used 191822K [0x000000076ab00000, 0x00000007b7280000, 0x00000007c0000000)
  eden space 748544K, 0% used [0x000000076ab00000,0x000000076ab00000,0x0000000798600000)
  from space 196096K, 97% used [0x00000007a6580000,0x00000007b20d38e0,0x00000007b2500000)
  to   space 228864K, 0% used [0x0000000798600000,0x0000000798600000,0x00000007a6580000)
 ParOldGen       total 432128K, used 339912K [0x00000006c0000000, 0x00000006da600000, 0x000000076ab00000)
  object space 432128K, 78% used [0x00000006c0000000,0x00000006d4bf2140,0x00000006da600000)
 Metaspace       used 6580K, capacity 7320K, committed 7680K, reserved 1056768K
  class space    used 614K, capacity 656K, committed 768K, reserved 1048576K
}
Event: 33,253 GC heap before
{Heap before GC invocations=15 (full 2):
 PSYoungGen      total 944640K, used 940366K [0x000000076ab00000, 0x00000007b7280000, 0x00000007c0000000)
  eden space 748544K, 100% used [0x000000076ab00000,0x0000000798600000,0x0000000798600000)
  from space 196096K, 97% used [0x00000007a6580000,0x00000007b20d38e0,0x00000007b2500000)
  to   space 228864K, 0% used [0x0000000798600000,0x0000000798600000,0x00000007a6580000)
 ParOldGen       total 432128K, used 339912K [0x00000006c0000000, 0x00000006da600000, 0x000000076ab00000)
  object space 432128K, 78% used [0x00000006c0000000,0x00000006d4bf2140,0x00000006da600000)
 Metaspace       used 6591K, capacity 7320K, committed 7680K, reserved 1056768K
  class space    used 615K, capacity 656K, committed 768K, reserved 1048576K

