# JRE version: Java(TM) SE Runtime Environment (8.0_66-b17) (build 1.8.0_66-b17)
# Java VM: Java HotSpot(TM) 64-Bit Server VM (25.66-b17 mixed mode linux-amd64 compressed oops)
Heap:
 PSYoungGen      total 784384K, used 189025K [0x000000076ab00000, 0x00000007b9e00000, 0x00000007c0000000)
  eden space 557056K, 0% used [0x000000076ab00000,0x000000076ab00000,0x000000078cb00000)
  from space 227328K, 83% used [0x00000007a0580000,0x00000007abe18638,0x00000007ae380000)
  to   space 322048K, 0% used [0x000000078cb00000,0x000000078cb00000,0x00000007a0580000)
 ParOldGen       total 649216K, used 648725K [0x00000006c0000000, 0x00000006e7a00000, 0x000000076ab00000)
  object space 649216K, 99% used [0x00000006c0000000,0x00000006e7985670,0x00000006e7a00000)
 Metaspace       used 6708K, capacity 7384K, committed 7680K, reserved 1056768K
  class space    used 621K, capacity 656K, committed 768K, reserved 1048576K
GC Heap History (10 events):
Event: 18,275 GC heap after
Heap after GC invocations=18 (full 3):
 PSYoungGen      total 668672K, used 77364K [0x000000076ab00000, 0x00000007a2700000, 0x00000007c0000000)
  eden space 513024K, 0% used [0x000000076ab00000,0x000000076ab00000,0x000000078a000000)
  from space 155648K, 49% used [0x000000078a000000,0x000000078eb8d000,0x0000000793800000)
  to   space 153600K, 0% used [0x0000000799100000,0x0000000799100000,0x00000007a2700000)
 ParOldGen       total 419840K, used 419801K [0x00000006c0000000, 0x00000006d9a00000, 0x000000076ab00000)
  object space 419840K, 99% used [0x00000006c0000000,0x00000006d99f67f8,0x00000006d9a00000)
 Metaspace       used 6591K, capacity 7320K, committed 7680K, reserved 1056768K
  class space    used 614K, capacity 656K, committed 768K, reserved 1048576K
}
Event: 18,275 GC heap before
{Heap before GC invocations=19 (full 4):
 PSYoungGen      total 668672K, used 77364K [0x000000076ab00000, 0x00000007a2700000, 0x00000007c0000000)
  eden space 513024K, 0% used [0x000000076ab00000,0x000000076ab00000,0x000000078a000000)
  from space 155648K, 49% used [0x000000078a000000,0x000000078eb8d000,0x0000000793800000)
  to   space 153600K, 0% used [0x0000000799100000,0x0000000799100000,0x00000007a2700000)
 ParOldGen       total 419840K, used 419801K [0x00000006c0000000, 0x00000006d9a00000, 0x000000076ab00000)
  object space 419840K, 99% used [0x00000006c0000000,0x00000006d99f67f8,0x00000006d9a00000)
 Metaspace       used 6591K, capacity 7320K, committed 7680K, reserved 1056768K
  class space    used 614K, capacity 656K, committed 768K, reserved 1048576K
Event: 20,750 GC heap after
Heap after GC invocations=19 (full 4):
 PSYoungGen      total 668672K, used 70681K [0x000000076ab00000, 0x00000007a2700000, 0x00000007c0000000)
  eden space 513024K, 0% used [0x000000076ab00000,0x000000076ab00000,0x000000078a000000)
  from space 155648K, 45% used [0x000000078a000000,0x000000078e5064b8,0x0000000793800000)
  to   space 153600K, 0% used [0x0000000799100000,0x0000000799100000,0x00000007a2700000)
 ParOldGen       total 649216K, used 419560K [0x00000006c0000000, 0x00000006e7a00000, 0x000000076ab00000)
  object space 649216K, 64% used [0x00000006c0000000,0x00000006d99ba320,0x00000006e7a00000)
 Metaspace       used 6591K, capacity 7320K, committed 7680K, reserved 1056768K
  class space    used 614K, capacity 656K, committed 768K, reserved 1048576K
}
Event: 22,505 GC heap before
{Heap before GC invocations=20 (full 4):
 PSYoungGen      total 668672K, used 583705K [0x000000076ab00000, 0x00000007a2700000, 0x00000007c0000000)
  eden space 513024K, 100% used [0x000000076ab00000,0x000000078a000000,0x000000078a000000)
  from space 155648K, 45% used [0x000000078a000000,0x000000078e5064b8,0x0000000793800000)
  to   space 153600K, 0% used [0x0000000799100000,0x0000000799100000,0x00000007a2700000)
 ParOldGen       total 649216K, used 419560K [0x00000006c0000000, 0x00000006e7a00000, 0x000000076ab00000)
  object space 649216K, 64% used [0x00000006c0000000,0x00000006d99ba320,0x00000006e7a00000)
 Metaspace       used 6592K, capacity 7320K, committed 7680K, reserved 1056768K
  class space    used 614K, capacity 656K, committed 768K, reserved 1048576K
Event: 22,793 GC heap after
Heap after GC invocations=20 (full 4):
 PSYoungGen      total 736256K, used 146393K [0x000000076ab00000, 0x00000007a4f00000, 0x00000007c0000000)
  eden space 582656K, 0% used [0x000000076ab00000,0x000000076ab00000,0x000000078e400000)
  from space 153600K, 95% used [0x0000000799100000,0x00000007a1ff6558,0x00000007a2700000)
  to   space 177152K, 0% used [0x000000078e400000,0x000000078e400000,0x0000000799100000)
 ParOldGen       total 649216K, used 419560K [0x00000006c0000000, 0x00000006e7a00000, 0x000000076ab00000)
  object space 649216K, 64% used [0x00000006c0000000,0x00000006d99ba320,0x00000006e7a00000)
 Metaspace       used 6592K, capacity 7320K, committed 7680K, reserved 1056768K
  class space    used 614K, capacity 656K, committed 768K, reserved 1048576K
}
Event: 24,642 GC heap before
{Heap before GC invocations=21 (full 4):
 PSYoungGen      total 736256K, used 729049K [0x000000076ab00000, 0x00000007a4f00000, 0x00000007c0000000)
  eden space 582656K, 100% used [0x000000076ab00000,0x000000078e400000,0x000000078e400000)
  from space 153600K, 95% used [0x0000000799100000,0x00000007a1ff6558,0x00000007a2700000)
  to   space 177152K, 0% used [0x000000078e400000,0x000000078e400000,0x0000000799100000)
 ParOldGen       total 649216K, used 419560K [0x00000006c0000000, 0x00000006e7a00000, 0x000000076ab00000)
  object space 649216K, 64% used [0x00000006c0000000,0x00000006d99ba320,0x00000006e7a00000)
 Metaspace       used 6603K, capacity 7320K, committed 7680K, reserved 1056768K
  class space    used 615K, capacity 656K, committed 768K, reserved 1048576K
Event: 24,908 GC heap after
Heap after GC invocations=21 (full 4):
 PSYoungGen      total 759808K, used 177130K [0x000000076ab00000, 0x00000007ae380000, 0x00000007c0000000)
  eden space 582656K, 0% used [0x000000076ab00000,0x000000076ab00000,0x000000078e400000)
  from space 177152K, 99% used [0x000000078e400000,0x00000007990fa930,0x0000000799100000)
  to   space 227328K, 0% used [0x00000007a0580000,0x00000007a0580000,0x00000007ae380000)
 ParOldGen       total 649216K, used 474802K [0x00000006c0000000, 0x00000006e7a00000, 0x000000076ab00000)
  object space 649216K, 73% used [0x00000006c0000000,0x00000006dcfacb30,0x00000006e7a00000)
 Metaspace       used 6603K, capacity 7320K, committed 7680K, reserved 1056768K
  class space    used 615K, capacity 656K, committed 768K, reserved 1048576K
}
Event: 27,929 GC heap before
{Heap before GC invocations=22 (full 4):
 PSYoungGen      total 759808K, used 759786K [0x000000076ab00000, 0x00000007ae380000, 0x00000007c0000000)
  eden space 582656K, 100% used [0x000000076ab00000,0x000000078e400000,0x000000078e400000)
  from space 177152K, 99% used [0x000000078e400000,0x00000007990fa930,0x0000000799100000)
  to   space 227328K, 0% used [0x00000007a0580000,0x00000007a0580000,0x00000007ae380000)
 ParOldGen       total 649216K, used 474802K [0x00000006c0000000, 0x00000006e7a00000, 0x000000076ab00000)
  object space 649216K, 73% used [0x00000006c0000000,0x00000006dcfacb30,0x00000006e7a00000)
 Metaspace       used 6708K, capacity 7384K, committed 7680K, reserved 1056768K
  class space    used 621K, capacity 656K, committed 768K, reserved 1048576K
Event: 28,325 GC heap after
Heap after GC invocations=22 (full 4):
 PSYoungGen      total 784384K, used 227300K [0x000000076ab00000, 0x00000007b9e00000, 0x00000007c0000000)
  eden space 557056K, 0% used [0x000000076ab00000,0x000000076ab00000,0x000000078cb00000)
  from space 227328K, 99% used [0x00000007a0580000,0x00000007ae379008,0x00000007ae380000)
  to   space 322048K, 0% used [0x000000078cb00000,0x000000078cb00000,0x00000007a0580000)
 ParOldGen       total 649216K, used 625414K [0x00000006c0000000, 0x00000006e7a00000, 0x000000076ab00000)
  object space 649216K, 96% used [0x00000006c0000000,0x00000006e62c1a28,0x00000006e7a00000)
 Metaspace       used 6708K, capacity 7384K, committed 7680K, reserved 1056768K
  class space    used 621K, capacity 656K, committed 768K, reserved 1048576K
}
Event: 28,325 GC heap before
{Heap before GC invocations=23 (full 5):
 PSYoungGen      total 784384K, used 227300K [0x000000076ab00000, 0x00000007b9e00000, 0x00000007c0000000)
  eden space 557056K, 0% used [0x000000076ab00000,0x000000076ab00000,0x000000078cb00000)
  from space 227328K, 99% used [0x00000007a0580000,0x00000007ae379008,0x00000007ae380000)
  to   space 322048K, 0% used [0x000000078cb00000,0x000000078cb00000,0x00000007a0580000)
 ParOldGen       total 649216K, used 625414K [0x00000006c0000000, 0x00000006e7a00000, 0x000000076ab00000)
  object space 649216K, 96% used [0x00000006c0000000,0x00000006e62c1a28,0x00000006e7a00000)
 Metaspace       used 6708K, capacity 7384K, committed 7680K, reserved 1056768K
  class space    used 621K, capacity 656K, committed 768K, reserved 1048576K

