# JRE version: Java(TM) SE Runtime Environment (8.0_66-b17) (build 1.8.0_66-b17)
# Java VM: Java HotSpot(TM) 64-Bit Server VM (25.66-b17 mixed mode linux-amd64 compressed oops)
Heap:
 PSYoungGen      total 331264K, used 72543K [0x000000076ab00000, 0x0000000786800000, 0x00000007c0000000)
  eden space 219648K, 0% used [0x000000076ab00000,0x000000076ab00000,0x0000000778180000)
  from space 111616K, 64% used [0x0000000778180000,0x000000077c857df8,0x000000077ee80000)
  to   space 87040K, 0% used [0x000000077ee80000,0x000000077ee80000,0x0000000784380000)
 ParOldGen       total 250368K, used 228418K [0x00000006c0000000, 0x00000006cf480000, 0x000000076ab00000)
  object space 250368K, 91% used [0x00000006c0000000,0x00000006cdf108e0,0x00000006cf480000)
 Metaspace       used 6407K, capacity 7192K, committed 7424K, reserved 1056768K
  class space    used 610K, capacity 656K, committed 768K, reserved 1048576K
GC Heap History (10 events):
Event: 18,998 GC heap after
Heap after GC invocations=11 (full 2):
 PSYoungGen      total 212992K, used 0K [0x000000076ab00000, 0x0000000780400000, 0x00000007c0000000)
  eden space 171008K, 0% used [0x000000076ab00000,0x000000076ab00000,0x0000000775200000)
  from space 41984K, 0% used [0x0000000775200000,0x0000000775200000,0x0000000777b00000)
  to   space 76800K, 0% used [0x000000077b900000,0x000000077b900000,0x0000000780400000)
 ParOldGen       total 226816K, used 127227K [0x00000006c0000000, 0x00000006cdd80000, 0x000000076ab00000)
  object space 226816K, 56% used [0x00000006c0000000,0x00000006c7c3eea8,0x00000006cdd80000)
 Metaspace       used 6312K, capacity 7192K, committed 7424K, reserved 1056768K
  class space    used 609K, capacity 656K, committed 768K, reserved 1048576K
}
Event: 19,571 GC heap before
{Heap before GC invocations=12 (full 2):
 PSYoungGen      total 212992K, used 171008K [0x000000076ab00000, 0x0000000780400000, 0x00000007c0000000)
  eden space 171008K, 100% used [0x000000076ab00000,0x0000000775200000,0x0000000775200000)
  from space 41984K, 0% used [0x0000000775200000,0x0000000775200000,0x0000000777b00000)
  to   space 76800K, 0% used [0x000000077b900000,0x000000077b900000,0x0000000780400000)
 ParOldGen       total 226816K, used 127227K [0x00000006c0000000, 0x00000006cdd80000, 0x000000076ab00000)
  object space 226816K, 56% used [0x00000006c0000000,0x00000006c7c3eea8,0x00000006cdd80000)
 Metaspace       used 6338K, capacity 7192K, committed 7424K, reserved 1056768K
  class space    used 609K, capacity 656K, committed 768K, reserved 1048576K
Event: 19,837 GC heap after
Heap after GC invocations=12 (full 2):
 PSYoungGen      total 262656K, used 76796K [0x000000076ab00000, 0x0000000783400000, 0x00000007c0000000)
  eden space 185856K, 0% used [0x000000076ab00000,0x000000076ab00000,0x0000000776080000)
  from space 76800K, 99% used [0x000000077b900000,0x00000007803ff1f0,0x0000000780400000)
  to   space 90624K, 0% used [0x0000000776080000,0x0000000776080000,0x000000077b900000)
 ParOldGen       total 226816K, used 127899K [0x00000006c0000000, 0x00000006cdd80000, 0x000000076ab00000)
  object space 226816K, 56% used [0x00000006c0000000,0x00000006c7ce6f20,0x00000006cdd80000)
 Metaspace       used 6338K, capacity 7192K, committed 7424K, reserved 1056768K
  class space    used 609K, capacity 656K, committed 768K, reserved 1048576K
}
Event: 20,936 GC heap before
{Heap before GC invocations=13 (full 2):
 PSYoungGen      total 262656K, used 262652K [0x000000076ab00000, 0x0000000783400000, 0x00000007c0000000)
  eden space 185856K, 100% used [0x000000076ab00000,0x0000000776080000,0x0000000776080000)
  from space 76800K, 99% used [0x000000077b900000,0x00000007803ff1f0,0x0000000780400000)
  to   space 90624K, 0% used [0x0000000776080000,0x0000000776080000,0x000000077b900000)
 ParOldGen       total 226816K, used 127899K [0x00000006c0000000, 0x00000006cdd80000, 0x000000076ab00000)
  object space 226816K, 56% used [0x00000006c0000000,0x00000006c7ce6f20,0x00000006cdd80000)
 Metaspace       used 6394K, capacity 7192K, committed 7424K, reserved 1056768K
  class space    used 610K, capacity 656K, committed 768K, reserved 1048576K
Event: 21,217 GC heap after
Heap after GC invocations=13 (full 2):
 PSYoungGen      total 276480K, used 38615K [0x000000076ab00000, 0x0000000784380000, 0x00000007c0000000)
  eden space 185856K, 0% used [0x000000076ab00000,0x000000076ab00000,0x0000000776080000)
  from space 90624K, 42% used [0x0000000776080000,0x0000000778635c70,0x000000077b900000)
  to   space 87040K, 0% used [0x000000077ee80000,0x000000077ee80000,0x0000000784380000)
 ParOldGen       total 226816K, used 204998K [0x00000006c0000000, 0x00000006cdd80000, 0x000000076ab00000)
  object space 226816K, 90% used [0x00000006c0000000,0x00000006cc8318d0,0x00000006cdd80000)
 Metaspace       used 6394K, capacity 7192K, committed 7424K, reserved 1056768K
  class space    used 610K, capacity 656K, committed 768K, reserved 1048576K
}
Event: 21,217 GC heap before
{Heap before GC invocations=14 (full 3):
 PSYoungGen      total 276480K, used 38615K [0x000000076ab00000, 0x0000000784380000, 0x00000007c0000000)
  eden space 185856K, 0% used [0x000000076ab00000,0x000000076ab00000,0x0000000776080000)
  from space 90624K, 42% used [0x0000000776080000,0x0000000778635c70,0x000000077b900000)
  to   space 87040K, 0% used [0x000000077ee80000,0x000000077ee80000,0x0000000784380000)
 ParOldGen       total 226816K, used 204998K [0x00000006c0000000, 0x00000006cdd80000, 0x000000076ab00000)
  object space 226816K, 90% used [0x00000006c0000000,0x00000006cc8318d0,0x00000006cdd80000)
 Metaspace       used 6394K, capacity 7192K, committed 7424K, reserved 1056768K
  class space    used 610K, capacity 656K, committed 768K, reserved 1048576K
Event: 21,990 GC heap after
Heap after GC invocations=14 (full 3):
 PSYoungGen      total 276480K, used 0K [0x000000076ab00000, 0x0000000784380000, 0x00000007c0000000)
  eden space 185856K, 0% used [0x000000076ab00000,0x000000076ab00000,0x0000000776080000)
  from space 90624K, 0% used [0x0000000776080000,0x0000000776080000,0x000000077b900000)
  to   space 87040K, 0% used [0x000000077ee80000,0x000000077ee80000,0x0000000784380000)
 ParOldGen       total 250368K, used 112793K [0x00000006c0000000, 0x00000006cf480000, 0x000000076ab00000)
  object space 250368K, 45% used [0x00000006c0000000,0x00000006c6e267a8,0x00000006cf480000)
 Metaspace       used 6394K, capacity 7192K, committed 7424K, reserved 1056768K
  class space    used 610K, capacity 656K, committed 768K, reserved 1048576K
}
Event: 23,251 GC heap before
{Heap before GC invocations=15 (full 3):
 PSYoungGen      total 276480K, used 185856K [0x000000076ab00000, 0x0000000784380000, 0x00000007c0000000)
  eden space 185856K, 100% used [0x000000076ab00000,0x0000000776080000,0x0000000776080000)
  from space 90624K, 0% used [0x0000000776080000,0x0000000776080000,0x000000077b900000)
  to   space 87040K, 0% used [0x000000077ee80000,0x000000077ee80000,0x0000000784380000)
 ParOldGen       total 250368K, used 112793K [0x00000006c0000000, 0x00000006cf480000, 0x000000076ab00000)
  object space 250368K, 45% used [0x00000006c0000000,0x00000006c6e267a8,0x00000006cf480000)
 Metaspace       used 6401K, capacity 7192K, committed 7424K, reserved 1056768K
  class space    used 610K, capacity 656K, committed 768K, reserved 1048576K
Event: 23,370 GC heap after
Heap after GC invocations=15 (full 3):
 PSYoungGen      total 306688K, used 87038K [0x000000076ab00000, 0x0000000786800000, 0x00000007c0000000)
  eden space 219648K, 0% used [0x000000076ab00000,0x000000076ab00000,0x0000000778180000)
  from space 87040K, 99% used [0x000000077ee80000,0x000000078437f928,0x0000000784380000)
  to   space 111616K, 0% used [0x0000000778180000,0x0000000778180000,0x000000077ee80000)
 ParOldGen       total 250368K, used 138634K [0x00000006c0000000, 0x00000006cf480000, 0x000000076ab00000)
  object space 250368K, 55% used [0x00000006c0000000,0x00000006c8762a40,0x00000006cf480000)
 Metaspace       used 6401K, capacity 7192K, committed 7424K, reserved 1056768K
  class space    used 610K, capacity 656K, committed 768K, reserved 1048576K
}
Event: 24,130 GC heap before
{Heap before GC invocations=16 (full 3):
 PSYoungGen      total 306688K, used 306686K [0x000000076ab00000, 0x0000000786800000, 0x00000007c0000000)
  eden space 219648K, 100% used [0x000000076ab00000,0x0000000778180000,0x0000000778180000)
  from space 87040K, 99% used [0x000000077ee80000,0x000000078437f928,0x0000000784380000)
  to   space 111616K, 0% used [0x0000000778180000,0x0000000778180000,0x000000077ee80000)
 ParOldGen       total 250368K, used 138634K [0x00000006c0000000, 0x00000006cf480000, 0x000000076ab00000)
  object space 250368K, 55% used [0x00000006c0000000,0x00000006c8762a40,0x00000006cf480000)
 Metaspace       used 6407K, capacity 7192K, committed 7424K, reserved 1056768K
  class space    used 610K, capacity 656K, committed 768K, reserved 1048576K

