# JRE version: Java(TM) SE Runtime Environment (8.0_66-b17) (build 1.8.0_66-b17)
# Java VM: Java HotSpot(TM) 64-Bit Server VM (25.66-b17 mixed mode linux-amd64 compressed oops)
Heap:
 PSYoungGen      total 329728K, used 0K [0x000000076ab00000, 0x0000000791200000, 0x00000007c0000000)
  eden space 177152K, 0% used [0x000000076ab00000,0x000000076ab00000,0x0000000775800000)
  from space 152576K, 0% used [0x0000000775800000,0x0000000775800000,0x000000077ed00000)
  to   space 194560K, 0% used [0x0000000785400000,0x0000000785400000,0x0000000791200000)
 ParOldGen       total 272384K, used 250005K [0x00000006c0000000, 0x00000006d0a00000, 0x000000076ab00000)
  object space 272384K, 91% used [0x00000006c0000000,0x00000006cf425660,0x00000006d0a00000)
 Metaspace       used 6465K, capacity 7256K, committed 7424K, reserved 1056768K
  class space    used 611K, capacity 656K, committed 768K, reserved 1048576K
GC Heap History (10 events):
Event: 24,134 GC heap after
Heap after GC invocations=11 (full 2):
 PSYoungGen      total 227840K, used 60365K [0x000000076ab00000, 0x0000000781800000, 0x00000007c0000000)
  eden space 126976K, 0% used [0x000000076ab00000,0x000000076ab00000,0x0000000772700000)
  from space 100864K, 59% used [0x0000000772700000,0x00000007761f3438,0x0000000778980000)
  to   space 103424K, 0% used [0x000000077b300000,0x000000077b300000,0x0000000781800000)
 ParOldGen       total 272384K, used 154184K [0x00000006c0000000, 0x00000006d0a00000, 0x000000076ab00000)
  object space 272384K, 56% used [0x00000006c0000000,0x00000006c9692150,0x00000006d0a00000)
 Metaspace       used 6425K, capacity 7192K, committed 7424K, reserved 1056768K
  class space    used 610K, capacity 656K, committed 768K, reserved 1048576K
}
Event: 25,328 GC heap before
{Heap before GC invocations=12 (full 2):
 PSYoungGen      total 227840K, used 187341K [0x000000076ab00000, 0x0000000781800000, 0x00000007c0000000)
  eden space 126976K, 100% used [0x000000076ab00000,0x0000000772700000,0x0000000772700000)
  from space 100864K, 59% used [0x0000000772700000,0x00000007761f3438,0x0000000778980000)
  to   space 103424K, 0% used [0x000000077b300000,0x000000077b300000,0x0000000781800000)
 ParOldGen       total 272384K, used 154184K [0x00000006c0000000, 0x00000006d0a00000, 0x000000076ab00000)
  object space 272384K, 56% used [0x00000006c0000000,0x00000006c9692150,0x00000006d0a00000)
 Metaspace       used 6437K, capacity 7192K, committed 7424K, reserved 1056768K
  class space    used 610K, capacity 656K, committed 768K, reserved 1048576K
Event: 25,610 GC heap after
Heap after GC invocations=12 (full 2):
 PSYoungGen      total 263680K, used 73662K [0x000000076ab00000, 0x0000000782680000, 0x00000007c0000000)
  eden space 160256K, 0% used [0x000000076ab00000,0x000000076ab00000,0x0000000774780000)
  from space 103424K, 71% used [0x000000077b300000,0x000000077faefb78,0x0000000781800000)
  to   space 110080K, 0% used [0x0000000774780000,0x0000000774780000,0x000000077b300000)
 ParOldGen       total 272384K, used 154184K [0x00000006c0000000, 0x00000006d0a00000, 0x000000076ab00000)
  object space 272384K, 56% used [0x00000006c0000000,0x00000006c9692150,0x00000006d0a00000)
 Metaspace       used 6437K, capacity 7192K, committed 7424K, reserved 1056768K
  class space    used 610K, capacity 656K, committed 768K, reserved 1048576K
}
Event: 29,363 GC heap before
{Heap before GC invocations=13 (full 2):
 PSYoungGen      total 263680K, used 233918K [0x000000076ab00000, 0x0000000782680000, 0x00000007c0000000)
  eden space 160256K, 100% used [0x000000076ab00000,0x0000000774780000,0x0000000774780000)
  from space 103424K, 71% used [0x000000077b300000,0x000000077faefb78,0x0000000781800000)
  to   space 110080K, 0% used [0x0000000774780000,0x0000000774780000,0x000000077b300000)
 ParOldGen       total 272384K, used 154184K [0x00000006c0000000, 0x00000006d0a00000, 0x000000076ab00000)
  object space 272384K, 56% used [0x00000006c0000000,0x00000006c9692150,0x00000006d0a00000)
 Metaspace       used 6447K, capacity 7256K, committed 7424K, reserved 1056768K
  class space    used 610K, capacity 656K, committed 768K, reserved 1048576K
Event: 29,802 GC heap after
Heap after GC invocations=13 (full 2):
 PSYoungGen      total 270336K, used 85883K [0x000000076ab00000, 0x0000000786200000, 0x00000007c0000000)
  eden space 160256K, 0% used [0x000000076ab00000,0x000000076ab00000,0x0000000774780000)
  from space 110080K, 78% used [0x0000000774780000,0x0000000779b5eeb0,0x000000077b300000)
  to   space 119808K, 0% used [0x000000077ed00000,0x000000077ed00000,0x0000000786200000)
 ParOldGen       total 272384K, used 154392K [0x00000006c0000000, 0x00000006d0a00000, 0x000000076ab00000)
  object space 272384K, 56% used [0x00000006c0000000,0x00000006c96c6150,0x00000006d0a00000)
 Metaspace       used 6447K, capacity 7256K, committed 7424K, reserved 1056768K
  class space    used 610K, capacity 656K, committed 768K, reserved 1048576K
}
Event: 35,377 GC heap before
{Heap before GC invocations=14 (full 2):
 PSYoungGen      total 270336K, used 246139K [0x000000076ab00000, 0x0000000786200000, 0x00000007c0000000)
  eden space 160256K, 100% used [0x000000076ab00000,0x0000000774780000,0x0000000774780000)
  from space 110080K, 78% used [0x0000000774780000,0x0000000779b5eeb0,0x000000077b300000)
  to   space 119808K, 0% used [0x000000077ed00000,0x000000077ed00000,0x0000000786200000)
 ParOldGen       total 272384K, used 154392K [0x00000006c0000000, 0x00000006d0a00000, 0x000000076ab00000)
  object space 272384K, 56% used [0x00000006c0000000,0x00000006c96c6150,0x00000006d0a00000)
 Metaspace       used 6465K, capacity 7256K, committed 7424K, reserved 1056768K
  class space    used 611K, capacity 656K, committed 768K, reserved 1048576K
Event: 36,668 GC heap after
Heap after GC invocations=14 (full 2):
 PSYoungGen      total 296960K, used 119786K [0x000000076ab00000, 0x000000078a380000, 0x00000007c0000000)
  eden space 177152K, 0% used [0x000000076ab00000,0x000000076ab00000,0x0000000775800000)
  from space 119808K, 99% used [0x000000077ed00000,0x00000007861faa48,0x0000000786200000)
  to   space 152576K, 0% used [0x0000000775800000,0x0000000775800000,0x000000077ed00000)
 ParOldGen       total 272384K, used 188882K [0x00000006c0000000, 0x00000006d0a00000, 0x000000076ab00000)
  object space 272384K, 69% used [0x00000006c0000000,0x00000006cb874a10,0x00000006d0a00000)
 Metaspace       used 6465K, capacity 7256K, committed 7424K, reserved 1056768K
  class space    used 611K, capacity 656K, committed 768K, reserved 1048576K
}
Event: 37,604 GC heap before
{Heap before GC invocations=15 (full 2):
 PSYoungGen      total 296960K, used 296938K [0x000000076ab00000, 0x000000078a380000, 0x00000007c0000000)
  eden space 177152K, 100% used [0x000000076ab00000,0x0000000775800000,0x0000000775800000)
  from space 119808K, 99% used [0x000000077ed00000,0x00000007861faa48,0x0000000786200000)
  to   space 152576K, 0% used [0x0000000775800000,0x0000000775800000,0x000000077ed00000)
 ParOldGen       total 272384K, used 188882K [0x00000006c0000000, 0x00000006d0a00000, 0x000000076ab00000)
  object space 272384K, 69% used [0x00000006c0000000,0x00000006cb874a10,0x00000006d0a00000)
 Metaspace       used 6465K, capacity 7256K, committed 7424K, reserved 1056768K
  class space    used 611K, capacity 656K, committed 768K, reserved 1048576K
Event: 38,084 GC heap after
Heap after GC invocations=15 (full 2):
 PSYoungGen      total 329728K, used 152571K [0x000000076ab00000, 0x0000000791200000, 0x00000007c0000000)
  eden space 177152K, 0% used [0x000000076ab00000,0x000000076ab00000,0x0000000775800000)
  from space 152576K, 99% used [0x0000000775800000,0x000000077ecfec78,0x000000077ed00000)
  to   space 194560K, 0% used [0x0000000785400000,0x0000000785400000,0x0000000791200000)
 ParOldGen       total 272384K, used 232948K [0x00000006c0000000, 0x00000006d0a00000, 0x000000076ab00000)
  object space 272384K, 85% used [0x00000006c0000000,0x00000006ce37d320,0x00000006d0a00000)
 Metaspace       used 6465K, capacity 7256K, committed 7424K, reserved 1056768K
  class space    used 611K, capacity 656K, committed 768K, reserved 1048576K
}
Event: 38,084 GC heap before
{Heap before GC invocations=16 (full 3):
 PSYoungGen      total 329728K, used 152571K [0x000000076ab00000, 0x0000000791200000, 0x00000007c0000000)
  eden space 177152K, 0% used [0x000000076ab00000,0x000000076ab00000,0x0000000775800000)
  from space 152576K, 99% used [0x0000000775800000,0x000000077ecfec78,0x000000077ed00000)
  to   space 194560K, 0% used [0x0000000785400000,0x0000000785400000,0x0000000791200000)
 ParOldGen       total 272384K, used 232948K [0x00000006c0000000, 0x00000006d0a00000, 0x000000076ab00000)
  object space 272384K, 85% used [0x00000006c0000000,0x00000006ce37d320,0x00000006d0a00000)
 Metaspace       used 6465K, capacity 7256K, committed 7424K, reserved 1056768K
  class space    used 611K, capacity 656K, committed 768K, reserved 1048576K

